2024-02-27 04:35:40.589 [info] 로그 수준: Info
2024-02-27 04:35:40.589 [info] "git"에서 찾은 git 유효성을 검사하는 중
2024-02-27 04:35:40.589 [info] "2.20.1"에서 git "git"을(를) 사용하는 중
2024-02-27 04:35:40.589 [info] > git rev-parse --show-toplevel [8ms]
2024-02-27 04:35:40.589 [info] > git rev-parse --git-dir --git-common-dir [11ms]
2024-02-27 04:35:40.589 [info] Open repository: /root
2024-02-27 04:35:40.589 [info] > git rev-parse --show-toplevel [4ms]
2024-02-27 04:35:40.589 [info] > git config --get commit.template [13ms]
2024-02-27 04:35:40.589 [info] No remotes found in the git config file.
2024-02-27 04:35:40.589 [info] > git rev-parse --show-toplevel [11ms]
2024-02-27 04:35:40.589 [info] > git for-each-ref --format=%(refname)%00%(upstream:short)%00%(objectname)%00%(upstream:track)%00%(upstream:remotename)%00%(upstream:remoteref) refs/heads/master refs/remotes/master [3ms]
2024-02-27 04:35:40.589 [info] > git rev-parse --show-toplevel [2ms]
2024-02-27 04:35:40.592 [info] > git rev-parse --show-toplevel [3ms]
2024-02-27 04:35:40.639 [info] > git rev-parse --show-toplevel [3ms]
2024-02-27 04:35:40.657 [info] > git rev-parse --show-toplevel [8ms]
2024-02-27 04:35:40.856 [info] > git status -z -uall [299ms]
2024-02-27 04:35:41.839 [info] > git config --get commit.template [19ms]
2024-02-27 04:35:41.854 [info] No remotes found in the git config file.
2024-02-27 04:35:41.857 [info] > git for-each-ref --format=%(refname)%00%(upstream:short)%00%(objectname)%00%(upstream:track)%00%(upstream:remotename)%00%(upstream:remoteref) refs/heads/master refs/remotes/master [3ms]
2024-02-27 04:35:41.869 [info] > git check-ignore -v -z --stdin [32ms]
2024-02-27 04:35:42.148 [info] > git status -z -uall [280ms]
2024-02-27 04:35:43.368 [info] No remotes found in the git config file.
2024-02-27 04:35:43.369 [info] > git config --get commit.template [16ms]
2024-02-27 04:35:43.370 [info] > git for-each-ref --format=%(refname)%00%(upstream:short)%00%(objectname)%00%(upstream:track)%00%(upstream:remotename)%00%(upstream:remoteref) refs/heads/master refs/remotes/master [3ms]
2024-02-27 04:35:43.434 [info] > git show --textconv :venvs/karios/templates/calendar.html [15ms]
2024-02-27 04:35:43.442 [info] > git ls-files --stage -- /root/venvs/karios/templates/calendar.html [9ms]
2024-02-27 04:35:43.458 [info] > git cat-file -s db4f34978559e07a0815846a03ad1e9684375669 [3ms]
2024-02-27 04:35:43.626 [info] > git status -z -uall [245ms]
