2024-02-26 14:37:51.509 [info] Log level: Info
2024-02-26 14:37:51.509 [info] Validating found git in: "git"
2024-02-26 14:37:51.509 [info] Using git "2.20.1" from "git"
2024-02-26 14:37:51.509 [info] > git rev-parse --show-toplevel [44ms]
2024-02-26 14:37:51.509 [info] > git rev-parse --git-dir --git-common-dir [3ms]
2024-02-26 14:37:51.509 [info] Open repository: /root
2024-02-26 14:37:51.509 [info] > git config --get commit.template [9ms]
2024-02-26 14:37:51.509 [info] > git fetch [20ms]
2024-02-26 14:37:51.509 [info] > git rev-parse --show-toplevel [12ms]
2024-02-26 14:37:51.509 [info] No remotes found in the git config file.
2024-02-26 14:37:51.509 [info] > git config --get commit.template [7ms]
2024-02-26 14:37:51.509 [info] > git for-each-ref --format=%(refname)%00%(upstream:short)%00%(objectname)%00%(upstream:track)%00%(upstream:remotename)%00%(upstream:remoteref) refs/heads/master refs/remotes/master [6ms]
2024-02-26 14:37:51.509 [warning] No such branch: master.
2024-02-26 14:37:51.509 [info] No remotes found in the git config file.
2024-02-26 14:37:51.509 [info] > git rev-parse --show-toplevel [19ms]
2024-02-26 14:37:51.509 [info] > git config --get commit.template [6ms]
2024-02-26 14:37:51.509 [info] > git for-each-ref --format=%(refname)%00%(upstream:short)%00%(objectname)%00%(upstream:track)%00%(upstream:remotename)%00%(upstream:remoteref) refs/heads/master refs/remotes/master [11ms]
2024-02-26 14:37:51.509 [warning] No such branch: master.
2024-02-26 14:37:51.513 [info] No remotes found in the git config file.
2024-02-26 14:37:51.552 [info] > git for-each-ref --format=%(refname)%00%(upstream:short)%00%(objectname)%00%(upstream:track)%00%(upstream:remotename)%00%(upstream:remoteref) refs/heads/master refs/remotes/master [38ms]
2024-02-26 14:37:51.552 [warning] No such branch: master.
2024-02-26 14:37:51.673 [info] > git status -z -uall [114ms] (cancelled)
2024-02-26 14:37:52.034 [info] > git check-ignore -v -z --stdin [15ms]
2024-02-26 14:38:09.218 [info] > git show --textconv :.vscode-server/.0ee08df0cf4527e40edc9aa28f4b5bd38bbff2b2.log [9ms]
2024-02-26 14:38:09.227 [info] > git ls-files --stage -- /root/.vscode-server/.0ee08df0cf4527e40edc9aa28f4b5bd38bbff2b2.log [10ms]
2024-02-26 14:38:09.235 [info] > git cat-file -s 9806f818167f11b5c6f3f0c76d07535181fe392a [2ms]
2024-02-26 14:38:10.894 [info] > git show --textconv :.vscode-server/.903b1e9d8990623e3d7da1df3d33db3e42d80eda.token [11ms]
2024-02-26 14:38:10.899 [info] > git ls-files --stage -- /root/.vscode-server/.903b1e9d8990623e3d7da1df3d33db3e42d80eda.token [9ms]
2024-02-26 14:38:10.907 [info] > git cat-file -s 9a5694cde5b37d38a0cfd566ab909672a0c88f30 [2ms]
2024-02-26 14:38:11.255 [info] > git show --textconv :.vscode-server/.903b1e9d8990623e3d7da1df3d33db3e42d80eda.pid [9ms]
2024-02-26 14:38:11.266 [info] > git ls-files --stage -- /root/.vscode-server/.903b1e9d8990623e3d7da1df3d33db3e42d80eda.pid [13ms]
2024-02-26 14:38:11.273 [info] > git cat-file -s c0d932ebc46803068be1924dccf4651ce94a0035 [2ms]
2024-02-26 14:43:30.975 [info] > git clone https://github.com/kimSummerrain/KairosHackathon.git /root/kairos/KairosHackathon --progress [593ms]
2024-02-26 14:43:30.975 [info] Cloning into '/root/kairos/KairosHackathon'...
remote: Enumerating objects: 3, done.        
remote: Counting objects:  33% (1/3)        remote: Counting objects:  66% (2/3)        remote: Counting objects: 100% (3/3)        remote: Counting objects: 100% (3/3), done.        
remote: Total 3 (delta 0), reused 0 (delta 0), pack-reused 0        
