2024-02-27 03:32:12.546 [info] 로그 수준: Info
2024-02-27 03:32:12.546 [info] "git"에서 찾은 git 유효성을 검사하는 중
2024-02-27 03:32:12.546 [info] "2.20.1"에서 git "git"을(를) 사용하는 중
2024-02-27 03:32:12.546 [info] > git rev-parse --show-toplevel [632ms]
2024-02-27 03:32:12.546 [info] > git rev-parse --git-dir --git-common-dir [3ms]
2024-02-27 03:32:12.546 [info] Open repository: /root
2024-02-27 03:32:12.546 [info] > git rev-parse --show-toplevel [12ms]
2024-02-27 03:32:12.546 [info] > git config --get commit.template [21ms]
2024-02-27 03:32:12.555 [info] No remotes found in the git config file.
2024-02-27 03:32:12.558 [info] > git for-each-ref --format=%(refname)%00%(upstream:short)%00%(objectname)%00%(upstream:track)%00%(upstream:remotename)%00%(upstream:remoteref) refs/heads/master refs/remotes/master [3ms]
2024-02-27 03:32:12.559 [warning] No such branch: master.
2024-02-27 03:32:12.568 [info] > git rev-parse --show-toplevel [23ms]
2024-02-27 03:32:12.591 [info] > git rev-parse --show-toplevel [3ms]
2024-02-27 03:32:12.600 [info] > git rev-parse --show-toplevel [2ms]
2024-02-27 03:32:12.611 [info] > git rev-parse --show-toplevel [5ms]
2024-02-27 03:32:12.762 [info] > git status -z -uall [194ms] (cancelled)
2024-02-27 03:32:13.154 [info] > git show --textconv :venvs/karios/templates/calendar.html [11ms]
2024-02-27 03:32:13.163 [info] > git ls-files --stage -- /root/venvs/karios/templates/calendar.html [10ms]
2024-02-27 03:32:13.467 [info] > git check-ignore -v -z --stdin [22ms]
2024-02-27 03:32:15.855 [info] > git show --textconv :venvs/karios/templates/calendat2.html [12ms]
2024-02-27 03:32:15.860 [info] > git ls-files --stage -- /root/venvs/karios/templates/calendat2.html [6ms]
2024-02-27 03:32:16.222 [info] > git show --textconv :venvs/karios/templates/startscreen.html [10ms]
2024-02-27 03:32:16.226 [info] > git ls-files --stage -- /root/venvs/karios/templates/startscreen.html [5ms]
2024-02-27 03:32:17.578 [info] > git show --textconv :venvs/karios/doeun_practice.py [22ms]
2024-02-27 03:32:17.580 [info] > git ls-files --stage -- /root/venvs/karios/doeun_practice.py [9ms]
2024-02-27 03:32:18.556 [info] > git show --textconv :venvs/karios/category.py [15ms]
2024-02-27 03:32:18.561 [info] > git ls-files --stage -- /root/venvs/karios/category.py [6ms]
2024-02-27 03:32:19.100 [info] > git show --textconv :venvs/karios/app.py [69ms]
2024-02-27 03:32:19.100 [info] > git ls-files --stage -- /root/venvs/karios/app.py [57ms]
2024-02-27 03:32:19.496 [info] > git show --textconv :venvs/karios/DBtest.py [18ms]
2024-02-27 03:32:19.499 [info] > git ls-files --stage -- /root/venvs/karios/DBtest.py [6ms]
2024-02-27 03:32:20.151 [info] > git show --textconv :venvs/karios/category.py [17ms]
2024-02-27 03:32:20.155 [info] > git ls-files --stage -- /root/venvs/karios/category.py [5ms]
2024-02-27 03:32:26.291 [info] > git show --textconv :venvs/karios/DBtest.py [16ms]
2024-02-27 03:32:26.299 [info] > git ls-files --stage -- /root/venvs/karios/DBtest.py [9ms]
2024-02-27 03:32:32.066 [info] > git show --textconv :venvs/karios/doeun_practice.py [19ms]
2024-02-27 03:32:32.072 [info] > git ls-files --stage -- /root/venvs/karios/doeun_practice.py [7ms]
2024-02-27 03:32:33.314 [info] > git show --textconv :venvs/karios/doeun_test.py [15ms]
2024-02-27 03:32:33.320 [info] > git ls-files --stage -- /root/venvs/karios/doeun_test.py [6ms]
2024-02-27 03:32:35.347 [info] > git show --textconv :venvs/karios/DBtest.py [15ms]
2024-02-27 03:32:35.351 [info] > git ls-files --stage -- /root/venvs/karios/DBtest.py [5ms]
2024-02-27 03:32:38.466 [info] > git show --textconv :venvs/karios/category.py [16ms]
2024-02-27 03:32:38.472 [info] > git ls-files --stage -- /root/venvs/karios/category.py [7ms]
2024-02-27 03:32:47.734 [info] > git show --textconv :venvs/karios/app.py [17ms]
2024-02-27 03:32:47.740 [info] > git ls-files --stage -- /root/venvs/karios/app.py [7ms]
2024-02-27 03:34:56.615 [info] > git ls-files --stage -- /root/venvs/karios/app.py [10ms]
2024-02-27 03:34:56.651 [info] > git show --textconv :venvs/karios/app.py [6ms]
2024-02-27 03:43:58.747 [info] > git show --textconv :venvs/karios/templates/startscreen3.html [20ms]
2024-02-27 03:43:58.753 [info] > git ls-files --stage -- /root/venvs/karios/templates/startscreen3.html [14ms]
2024-02-27 03:43:59.713 [info] > git ls-files --stage -- /root/venvs/karios/templates/startscreen3.html [5ms]
2024-02-27 03:43:59.741 [info] > git show --textconv :venvs/karios/templates/startscreen3.html [5ms]
2024-02-27 03:44:02.151 [info] > git show --textconv :venvs/karios/app.py [13ms]
2024-02-27 03:44:02.156 [info] > git ls-files --stage -- /root/venvs/karios/app.py [6ms]
2024-02-27 03:44:02.621 [info] > git show --textconv :venvs/karios/category.py [13ms]
2024-02-27 03:44:02.626 [info] > git ls-files --stage -- /root/venvs/karios/category.py [6ms]
2024-02-27 03:44:03.265 [info] > git show --textconv :venvs/karios/DBtest.py [15ms]
2024-02-27 03:44:03.272 [info] > git ls-files --stage -- /root/venvs/karios/DBtest.py [8ms]
2024-02-27 03:50:13.034 [info] > git ls-files --stage -- /root/venvs/karios/DBtest.py [6ms]
2024-02-27 03:50:13.064 [info] > git show --textconv :venvs/karios/DBtest.py [8ms]
2024-02-27 03:50:15.697 [info] > git check-ignore -v -z --stdin [9ms]
2024-02-27 03:50:16.400 [info] > git show --textconv :venvs/karios/category.py [14ms]
2024-02-27 03:50:16.407 [info] > git ls-files --stage -- /root/venvs/karios/category.py [8ms]
2024-02-27 04:06:26.317 [info] > git ls-files --stage -- /root/venvs/karios/category.py [6ms]
2024-02-27 04:06:26.343 [info] > git show --textconv :venvs/karios/category.py [6ms]
2024-02-27 04:07:47.827 [info] > git show --textconv :venvs/karios/app.py [15ms]
2024-02-27 04:07:47.833 [info] > git ls-files --stage -- /root/venvs/karios/app.py [7ms]
2024-02-27 04:07:48.519 [info] > git show --textconv :venvs/karios/category.py [15ms]
2024-02-27 04:07:48.525 [info] > git ls-files --stage -- /root/venvs/karios/category.py [7ms]
2024-02-27 04:08:02.711 [info] > git check-ignore -v -z --stdin [10ms]
2024-02-27 04:13:27.942 [info] > git show --textconv :venvs/karios/doeun_test.py [13ms]
2024-02-27 04:13:27.947 [info] > git ls-files --stage -- /root/venvs/karios/doeun_test.py [5ms]
2024-02-27 04:13:28.614 [info] > git show --textconv :venvs/karios/app.py [15ms]
2024-02-27 04:13:28.618 [info] > git ls-files --stage -- /root/venvs/karios/app.py [5ms]
2024-02-27 04:13:29.029 [info] > git show --textconv :venvs/karios/category.py [14ms]
2024-02-27 04:13:29.033 [info] > git ls-files --stage -- /root/venvs/karios/category.py [5ms]
2024-02-27 04:13:29.973 [info] > git show --textconv :venvs/karios/app.py [13ms]
2024-02-27 04:13:29.979 [info] > git ls-files --stage -- /root/venvs/karios/app.py [7ms]
2024-02-27 04:13:34.408 [info] > git show --textconv :venvs/karios/category.py [12ms]
2024-02-27 04:13:34.415 [info] > git ls-files --stage -- /root/venvs/karios/category.py [8ms]
2024-02-27 04:15:24.812 [info] > git check-ignore -v -z --stdin [9ms]
2024-02-27 04:19:51.639 [info] > git check-ignore -v -z --stdin [8ms]
2024-02-27 04:20:51.976 [info] > git check-ignore -v -z --stdin [8ms]
2024-02-27 04:29:31.943 [info] > git check-ignore -v -z --stdin [7ms]
2024-02-27 04:29:43.038 [info] > git ls-files --stage -- /root/venvs/karios/category.py [10ms]
2024-02-27 04:29:43.056 [info] > git cat-file -s 2debad30197ad307903a58887c7033be80224d63 [2ms]
2024-02-27 04:29:43.083 [info] > git show --textconv :venvs/karios/category.py [9ms]
2024-02-27 04:29:47.869 [info] > git show --textconv :venvs/karios/templates/startscreen.html [13ms]
2024-02-27 04:29:47.878 [info] > git ls-files --stage -- /root/venvs/karios/templates/startscreen.html [10ms]
2024-02-27 04:29:47.893 [info] > git cat-file -s a1f900770d2f57b7820e7710ac8ee6feb05f9ec3 [2ms]
2024-02-27 04:29:51.763 [info] > git ls-files --stage -- /root/venvs/karios/templates/startscreen.html [6ms]
2024-02-27 04:29:51.779 [info] > git cat-file -s a1f900770d2f57b7820e7710ac8ee6feb05f9ec3 [1ms]
2024-02-27 04:29:51.814 [info] > git show --textconv :venvs/karios/templates/startscreen.html [9ms]
2024-02-27 04:30:01.354 [info] > git ls-files --stage -- /root/venvs/karios/templates/startscreen.html [9ms]
2024-02-27 04:30:01.373 [info] > git cat-file -s a1f900770d2f57b7820e7710ac8ee6feb05f9ec3 [2ms]
2024-02-27 04:30:01.406 [info] > git show --textconv :venvs/karios/templates/startscreen.html [10ms]
2024-02-27 04:31:00.288 [info] > git ls-files --stage -- /root/venvs/karios/templates/startscreen.html [6ms]
2024-02-27 04:31:00.304 [info] > git cat-file -s a1f900770d2f57b7820e7710ac8ee6feb05f9ec3 [2ms]
2024-02-27 04:31:00.334 [info] > git show --textconv :venvs/karios/templates/startscreen.html [9ms]
2024-02-27 04:31:36.420 [info] > git ls-files --stage -- /root/venvs/karios/templates/startscreen.html [8ms]
2024-02-27 04:31:36.436 [info] > git cat-file -s a1f900770d2f57b7820e7710ac8ee6feb05f9ec3 [2ms]
2024-02-27 04:31:36.463 [info] > git show --textconv :venvs/karios/templates/startscreen.html [7ms]
2024-02-27 04:32:06.787 [info] > git show --textconv :venvs/karios/templates/detail.html [14ms]
2024-02-27 04:32:06.791 [info] > git ls-files --stage -- /root/venvs/karios/templates/detail.html [6ms]
2024-02-27 04:32:06.804 [info] > git cat-file -s 61fa9fc8cfef47e87bd3858e830846ea70eb11e8 [1ms]
2024-02-27 04:32:07.675 [info] > git show --textconv :venvs/karios/templates/startscreen.html [17ms]
2024-02-27 04:32:07.681 [info] > git ls-files --stage -- /root/venvs/karios/templates/startscreen.html [6ms]
2024-02-27 04:32:07.698 [info] > git cat-file -s a1f900770d2f57b7820e7710ac8ee6feb05f9ec3 [2ms]
2024-02-27 04:32:15.485 [info] > git show --textconv :venvs/karios/app.py [12ms]
2024-02-27 04:32:15.493 [info] > git ls-files --stage -- /root/venvs/karios/app.py [9ms]
2024-02-27 04:32:15.510 [info] > git cat-file -s 87c2ca153d820c0b9c5383169b56a88513ff1a6c [2ms]
2024-02-27 04:32:15.910 [info] > git show --textconv :venvs/karios/templates/startscreen.html [14ms]
2024-02-27 04:32:15.916 [info] > git ls-files --stage -- /root/venvs/karios/templates/startscreen.html [6ms]
2024-02-27 04:32:15.929 [info] > git cat-file -s a1f900770d2f57b7820e7710ac8ee6feb05f9ec3 [2ms]
2024-02-27 04:32:20.588 [info] > git show --textconv :venvs/karios/templates/detail.html [17ms]
2024-02-27 04:32:20.596 [info] > git ls-files --stage -- /root/venvs/karios/templates/detail.html [9ms]
2024-02-27 04:32:20.613 [info] > git cat-file -s 61fa9fc8cfef47e87bd3858e830846ea70eb11e8 [2ms]
