2024-02-26 18:40:33.639 [info] (Client) Pylance async client (2024.2.2) started with python extension (2024.0.1)
2024-02-26 18:40:34.418 [info] [Info  - 오후 6:40:34] (256409) Pylance language server 2024.2.2 (pyright version 1.1.348, commit cfb1de0c) starting
2024-02-26 18:40:34.471 [info] [Info  - 오후 6:40:34] (256409) Server root directory: file:///root/.vscode-server/extensions/ms-python.vscode-pylance-2024.2.2/dist
2024-02-26 18:40:34.472 [info] [Info  - 오후 6:40:34] (256409) Starting service instance "root"
2024-02-26 18:40:34.518 [info] [Info  - 오후 6:40:34] (256409) Setting pythonPath for service "root": "/usr/bin/python3"
2024-02-26 18:40:34.518 [info] [Info  - 오후 6:40:34] (256409) Setting environmentName for service "root": "3.7.3 (global)"
2024-02-26 18:40:34.562 [info] [Info  - 오후 6:40:34] (256409) Assuming Python version 3.7
2024-02-26 18:40:34.645 [info] [Info  - 오후 6:40:34] (256409) Auto-excluding /root/venvs/karios
2024-02-26 18:40:34.646 [info] [Info  - 오후 6:40:34] (256409) No source files found.
2024-02-26 18:40:35.053 [info] [Info  - 오후 6:40:35] (256409) Background analysis(1) root directory: file:///root/.vscode-server/extensions/ms-python.vscode-pylance-2024.2.2/dist
2024-02-26 18:40:35.056 [info] [Info  - 오후 6:40:35] (256409) Background analysis(1) started
2024-02-26 18:40:35.298 [info] [Info  - 오후 6:40:35] (256409) Indexer background runner(2) root directory: file:///root/.vscode-server/extensions/ms-python.vscode-pylance-2024.2.2/dist (index)
2024-02-26 18:40:35.299 [info] [Info  - 오후 6:40:35] (256409) Indexing(2) started
2024-02-26 18:40:35.824 [info] [Info  - 오후 6:40:35] (256409) scanned(2) 10 files over 1 exec env
2024-02-26 18:40:36.571 [info] [Info  - 오후 6:40:36] (256409) indexed(2) 2 files over 1 exec env
2024-02-26 18:40:36.631 [info] [Info  - 오후 6:40:36] (256409) Indexing finished(2).
2024-02-26 18:42:00.496 [info] [Info  - 오후 6:42:00] (256409) Setting pythonPath for service "root": "/root/venvs/karios/bin/python"
2024-02-26 18:42:00.496 [info] [Info  - 오후 6:42:00] (256409) Setting environmentName for service "root": "3.7.3 (karios venv)"
2024-02-26 18:42:00.520 [info] [Info  - 오후 6:42:00] (256409) Assuming Python version 3.7
2024-02-26 18:42:00.598 [info] [Info  - 오후 6:42:00] (256409) Auto-excluding /root/venvs/karios
2024-02-26 18:42:00.600 [info] [Info  - 오후 6:42:00] (256409) Found 1 source file
2024-02-26 18:42:01.255 [info] [Info  - 오후 6:42:01] (256409) Indexer background runner(3) root directory: file:///root/.vscode-server/extensions/ms-python.vscode-pylance-2024.2.2/dist (index)
2024-02-26 18:42:01.256 [info] [Info  - 오후 6:42:01] (256409) Indexing(3) started
2024-02-26 18:42:01.932 [info] [Info  - 오후 6:42:01] (256409) scanned(3) 40 files over 1 exec env
2024-02-26 18:42:02.576 [info] [Info  - 오후 6:42:02] (256409) indexed(3) 32 files over 1 exec env
2024-02-26 18:42:02.632 [info] [Info  - 오후 6:42:02] (256409) Indexing finished(3).
2024-02-26 19:00:41.839 [info] [Info  - 오후 7:00:41] (256409) Auto-excluding /root/venvs/karios
2024-02-26 19:00:41.843 [info] [Info  - 오후 7:00:41] (256409) Found 1 source file
2024-02-26 19:04:38.665 [info] [Info  - 오후 7:04:38] (256409) Auto-excluding /root/venvs/karios
2024-02-26 19:04:38.666 [info] [Info  - 오후 7:04:38] (256409) Found 1 source file
2024-02-26 19:04:44.523 [info] [Info  - 오후 7:04:44] (256409) Indexer background runner(4) root directory: file:///root/.vscode-server/extensions/ms-python.vscode-pylance-2024.2.2/dist (refresh)
2024-02-26 19:04:44.523 [info] [Info  - 오후 7:04:44] (256409) Indexing(4) started
2024-02-26 19:04:45.266 [info] [Info  - 오후 7:04:45] (256409) scanned(4) 41 files over 1 exec env
2024-02-26 19:04:46.374 [info] [Info  - 오후 7:04:46] (256409) indexed(4) 33 files over 1 exec env
2024-02-26 19:04:46.461 [info] [Info  - 오후 7:04:46] (256409) Indexing finished(4).
2024-02-26 19:53:41.927 [info] [Info  - 오후 7:53:41] (256409) Auto-excluding /root/venvs/karios
2024-02-26 19:53:41.933 [info] [Info  - 오후 7:53:41] (256409) Found 1 source file
2024-02-26 19:56:41.923 [info] [Info  - 오후 7:56:41] (256409) Auto-excluding /root/venvs/karios
2024-02-26 19:56:41.930 [info] [Info  - 오후 7:56:41] (256409) Found 1 source file
2024-02-26 20:00:41.940 [info] [Info  - 오후 8:00:41] (256409) Auto-excluding /root/venvs/karios
2024-02-26 20:00:41.950 [info] [Info  - 오후 8:00:41] (256409) Found 1 source file
2024-02-26 22:54:07.338 [info] (Client) Pylance async client (2024.2.2) started with python extension (2024.0.1)
2024-02-26 22:54:08.030 [info] [Info  - 오후 10:54:08] (280112) Pylance language server 2024.2.2 (pyright version 1.1.348, commit cfb1de0c) starting
2024-02-26 22:54:08.031 [info] [Info  - 오후 10:54:08] (280112) Server root directory: file:///root/.vscode-server/extensions/ms-python.vscode-pylance-2024.2.2/dist
2024-02-26 22:54:08.031 [info] [Info  - 오후 10:54:08] (280112) Starting service instance "root"
2024-02-26 22:54:08.082 [info] [Info  - 오후 10:54:08] (280112) Setting pythonPath for service "root": "/root/venvs/karios/bin/python"
2024-02-26 22:54:08.082 [info] [Info  - 오후 10:54:08] (280112) Setting environmentName for service "root": "3.7.3 (karios venv)"
2024-02-26 22:54:08.120 [info] [Info  - 오후 10:54:08] (280112) Assuming Python version 3.7
2024-02-26 22:54:08.210 [info] [Info  - 오후 10:54:08] (280112) Auto-excluding /root/venvs/karios
2024-02-26 22:54:08.211 [info] [Info  - 오후 10:54:08] (280112) No source files found.
2024-02-26 22:54:08.710 [info] [Info  - 오후 10:54:08] (280112) Background analysis(1) root directory: file:///root/.vscode-server/extensions/ms-python.vscode-pylance-2024.2.2/dist
2024-02-26 22:54:08.712 [info] [Info  - 오후 10:54:08] (280112) Background analysis(1) started
2024-02-26 22:54:08.912 [info] [Info  - 오후 10:54:08] (280112) Indexer background runner(2) root directory: file:///root/.vscode-server/extensions/ms-python.vscode-pylance-2024.2.2/dist (index)
2024-02-26 22:54:08.912 [info] [Info  - 오후 10:54:08] (280112) Indexing(2) started
2024-02-26 22:54:09.636 [info] [Info  - 오후 10:54:09] (280112) scanned(2) 131 files over 1 exec env
2024-02-26 22:54:10.564 [info] [Info  - 오후 10:54:10] (280112) indexed(2) 104 files over 1 exec env
2024-02-26 22:54:10.684 [info] [Info  - 오후 10:54:10] (280112) Indexing finished(2).
2024-02-26 23:40:31.910 [info] [Info  - 오후 11:40:31] (280112) Auto-excluding /root/venvs/karios
2024-02-26 23:40:31.917 [info] [Info  - 오후 11:40:31] (280112) Found 1 source file
2024-02-26 23:40:34.637 [info] [Info  - 오후 11:40:34] (280112) Auto-excluding /root/venvs/karios
2024-02-26 23:40:34.641 [info] [Info  - 오후 11:40:34] (280112) Found 1 source file
2024-02-27 01:43:42.296 [info] [Info  - 오전 1:43:42] (280112) Auto-excluding /root/venvs/karios
2024-02-27 01:43:42.298 [info] [Info  - 오전 1:43:42] (280112) Found 2 source files
2024-02-27 01:49:42.305 [info] [Info  - 오전 1:49:42] (280112) Auto-excluding /root/venvs/karios
2024-02-27 01:49:42.307 [info] [Info  - 오전 1:49:42] (280112) Found 2 source files
2024-02-27 01:53:42.320 [info] [Info  - 오전 1:53:42] (280112) Auto-excluding /root/venvs/karios
2024-02-27 01:53:42.322 [info] [Info  - 오전 1:53:42] (280112) Found 1 source file
2024-02-27 03:42:23.477 [info] [Error - 오전 3:42:23] Server process exited with code 0.
2024-02-27 03:42:24.017 [info] (Client) Pylance async client (2024.2.2) started with python extension (2024.0.1)
2024-02-27 03:42:24.745 [info] [Info  - 오전 3:42:24] (305240) Pylance language server 2024.2.2 (pyright version 1.1.348, commit cfb1de0c) starting
2024-02-27 03:42:24.745 [info] [Info  - 오전 3:42:24] (305240) Server root directory: file:///root/.vscode-server/extensions/ms-python.vscode-pylance-2024.2.2/dist
2024-02-27 03:42:24.754 [info] [Info  - 오전 3:42:24] (305240) Starting service instance "root"
2024-02-27 03:42:24.816 [info] [Info  - 오전 3:42:24] (305240) Setting pythonPath for service "root": "/root/venvs/karios/bin/python"
2024-02-27 03:42:24.817 [info] [Info  - 오전 3:42:24] (305240) Setting environmentName for service "root": "3.7.3 (karios venv)"
2024-02-27 03:42:24.865 [info] [Info  - 오전 3:42:24] (305240) Assuming Python version 3.7
2024-02-27 03:42:24.958 [info] [Info  - 오전 3:42:24] (305240) Auto-excluding /root/venvs/karios
2024-02-27 03:42:24.960 [info] [Info  - 오전 3:42:24] (305240) No source files found.
2024-02-27 03:42:25.482 [info] [Info  - 오전 3:42:25] (305240) Background analysis(1) root directory: file:///root/.vscode-server/extensions/ms-python.vscode-pylance-2024.2.2/dist
2024-02-27 03:42:25.483 [info] [Info  - 오전 3:42:25] (305240) Background analysis(1) started
2024-02-27 03:42:25.703 [info] [Info  - 오전 3:42:25] (305240) Indexer background runner(2) root directory: file:///root/.vscode-server/extensions/ms-python.vscode-pylance-2024.2.2/dist (index)
2024-02-27 03:42:25.703 [info] [Info  - 오전 3:42:25] (305240) Indexing(2) started
2024-02-27 03:42:26.507 [info] [Info  - 오전 3:42:26] (305240) scanned(2) 131 files over 1 exec env
2024-02-27 03:42:27.439 [info] [Info  - 오전 3:42:27] (305240) indexed(2) 104 files over 1 exec env
2024-02-27 03:42:27.561 [info] [Info  - 오전 3:42:27] (305240) Indexing finished(2).
2024-02-27 04:08:02.336 [info] [Info  - 오전 4:08:02] (305240) Auto-excluding /root/venvs/karios
2024-02-27 04:08:02.349 [info] [Info  - 오전 4:08:02] (305240) Found 2 source files
2024-02-27 04:08:21.643 [info] [Info  - 오전 4:08:21] (305240) Indexer background runner(3) root directory: file:///root/.vscode-server/extensions/ms-python.vscode-pylance-2024.2.2/dist (refresh)
2024-02-27 04:08:21.644 [info] [Info  - 오전 4:08:21] (305240) Indexing(3) started
2024-02-27 04:08:22.270 [info] [Info  - 오전 4:08:22] (305240) scanned(3) 10 files over 1 exec env
2024-02-27 04:08:23.026 [info] [Info  - 오전 4:08:23] (305240) indexed(3) 2 files over 1 exec env
2024-02-27 04:08:23.089 [info] [Info  - 오전 4:08:23] (305240) Indexing finished(3).
2024-02-27 04:08:55.303 [info] [Info  - 오전 4:08:55] (305240) Indexer background runner(4) root directory: file:///root/.vscode-server/extensions/ms-python.vscode-pylance-2024.2.2/dist (refresh)
2024-02-27 04:08:55.304 [info] [Info  - 오전 4:08:55] (305240) Indexing(4) started
2024-02-27 04:08:56.147 [info] [Info  - 오전 4:08:56] (305240) scanned(4) 10 files over 1 exec env
2024-02-27 04:08:56.954 [info] [Info  - 오전 4:08:56] (305240) indexed(4) 2 files over 1 exec env
2024-02-27 04:08:57.008 [info] [Info  - 오전 4:08:57] (305240) Indexing finished(4).
