2024-02-26 14:27:35.501 [info] Log level: Info
2024-02-26 14:27:35.501 [info] Validating found git in: "git"
2024-02-26 14:27:35.501 [info] Using git "2.20.1" from "git"
2024-02-26 14:27:35.501 [info] > git rev-parse --show-toplevel [2ms]
2024-02-26 14:27:35.501 [info] fatal: not a git repository (or any of the parent directories): .git
2024-02-26 14:27:35.501 [info] > git rev-parse --show-toplevel [2ms]
2024-02-26 14:27:35.501 [info] fatal: not a git repository (or any of the parent directories): .git
2024-02-26 14:27:35.501 [info] > git rev-parse --show-toplevel [2ms]
2024-02-26 14:27:35.501 [info] fatal: not a git repository (or any of the parent directories): .git
2024-02-26 14:27:48.217 [info] > git rev-parse --show-toplevel [4ms]
2024-02-26 14:27:48.217 [info] fatal: not a git repository (or any of the parent directories): .git
2024-02-26 14:31:22.153 [info] > git rev-parse --show-toplevel [3ms]
2024-02-26 14:31:22.166 [info] > git rev-parse --git-dir --git-common-dir [1ms]
2024-02-26 14:31:22.187 [info] Open repository: /root
2024-02-26 14:31:22.207 [info] > git config --get commit.template [4ms]
2024-02-26 14:31:22.218 [info] No remotes found in the git config file.
2024-02-26 14:31:22.218 [info] > git for-each-ref --format=%(refname)%00%(upstream:short)%00%(objectname)%00%(upstream:track)%00%(upstream:remotename)%00%(upstream:remoteref) refs/heads/master refs/remotes/master [1ms]
2024-02-26 14:31:22.219 [warning] No such branch: master.
2024-02-26 14:31:22.344 [info] > git status -z -uall [117ms] (cancelled)
2024-02-26 14:31:22.594 [info] > git show --textconv :kairos/app.py [11ms]
2024-02-26 14:31:22.595 [info] > git ls-files --stage -- /root/kairos/app.py [2ms]
2024-02-26 14:31:22.773 [info] > git check-ignore -v -z --stdin [2ms]
2024-02-26 14:32:15.224 [info] > git ls-files --stage -- /root/kairos/app.py [5ms]
2024-02-26 14:32:15.232 [info] > git cat-file -s e69de29bb2d1d6434b8b29ae775ad8c2e48c5391 [1ms]
2024-02-26 14:32:15.273 [info] > git show --textconv :kairos/app.py [6ms]
2024-02-26 14:32:25.950 [info] > git ls-files --stage -- /root/kairos/app.py [7ms]
2024-02-26 14:32:25.961 [info] > git cat-file -s e69de29bb2d1d6434b8b29ae775ad8c2e48c5391 [2ms]
2024-02-26 14:32:25.980 [info] > git show --textconv :kairos/app.py [5ms]
2024-02-26 14:32:31.109 [info] > git ls-files --stage -- /root/kairos/app.py [3ms]
2024-02-26 14:32:31.115 [info] > git cat-file -s e69de29bb2d1d6434b8b29ae775ad8c2e48c5391 [1ms]
2024-02-26 14:32:31.133 [info] > git show --textconv :kairos/app.py [5ms]
