2024-02-26 14:26:23.515 [info] Log level: Info
2024-02-26 14:26:23.515 [info] Validating found git in: "git"
2024-02-26 14:26:23.515 [info] Using git "2.20.1" from "git"
2024-02-26 14:26:23.515 [info] > git rev-parse --show-toplevel [3ms]
2024-02-26 14:26:23.515 [info] fatal: not a git repository (or any of the parent directories): .git
2024-02-26 14:26:23.515 [info] > git rev-parse --show-toplevel [4ms]
2024-02-26 14:26:23.515 [info] fatal: not a git repository (or any of the parent directories): .git
2024-02-26 14:26:23.549 [info] > git rev-parse --show-toplevel [34ms]
2024-02-26 14:26:23.549 [info] fatal: not a git repository (or any of the parent directories): .git
2024-02-26 14:31:58.861 [info] > git rev-parse --show-toplevel [2ms]
2024-02-26 14:31:58.870 [info] > git rev-parse --git-dir --git-common-dir [2ms]
2024-02-26 14:31:58.894 [info] Open repository: /root
2024-02-26 14:31:58.910 [info] No remotes found in the git config file.
2024-02-26 14:31:58.911 [info] > git config --get commit.template [9ms]
2024-02-26 14:31:58.912 [info] > git for-each-ref --format=%(refname)%00%(upstream:short)%00%(objectname)%00%(upstream:track)%00%(upstream:remotename)%00%(upstream:remoteref) refs/heads/master refs/remotes/master [3ms]
2024-02-26 14:31:58.912 [warning] No such branch: master.
2024-02-26 14:31:58.919 [info] > git fetch [26ms]
2024-02-26 14:31:58.920 [info] Auto packing the repository in background for optimum performance.
See "git help gc" for manual housekeeping.
2024-02-26 14:31:58.938 [info] > git status -z -uall [20ms] (cancelled)
2024-02-26 14:31:58.939 [info] > git config --get commit.template [7ms]
2024-02-26 14:31:58.940 [info] > git config --get commit.template [3ms]
2024-02-26 14:31:58.945 [info] No remotes found in the git config file.
2024-02-26 14:31:58.950 [info] No remotes found in the git config file.
2024-02-26 14:31:58.951 [info] > git for-each-ref --format=%(refname)%00%(upstream:short)%00%(objectname)%00%(upstream:track)%00%(upstream:remotename)%00%(upstream:remoteref) refs/heads/master refs/remotes/master [5ms]
2024-02-26 14:31:58.951 [warning] No such branch: master.
2024-02-26 14:31:58.953 [info] > git for-each-ref --format=%(refname)%00%(upstream:short)%00%(objectname)%00%(upstream:track)%00%(upstream:remotename)%00%(upstream:remoteref) refs/heads/master refs/remotes/master [4ms]
2024-02-26 14:31:58.953 [warning] No such branch: master.
2024-02-26 14:31:59.069 [info] > git status -z -uall [112ms] (cancelled)
2024-02-26 14:31:59.483 [info] > git check-ignore -v -z --stdin [14ms]
