2024-02-27 03:32:18.303 [info] (Client) Pylance async client (2024.2.2) started with python extension (2024.0.1)
2024-02-27 03:32:19.187 [info] [Info  - 오전 3:32:19] (304431) Pylance language server 2024.2.2 (pyright version 1.1.348, commit cfb1de0c) starting
2024-02-27 03:32:19.188 [info] [Info  - 오전 3:32:19] (304431) Server root directory: file:///root/.vscode-server/extensions/ms-python.vscode-pylance-2024.2.2/dist
2024-02-27 03:32:19.188 [info] [Info  - 오전 3:32:19] (304431) Starting service instance "root"
2024-02-27 03:32:19.241 [info] [Info  - 오전 3:32:19] (304431) Setting pythonPath for service "root": "/root/venvs/karios/bin/python"
2024-02-27 03:32:19.246 [info] [Info  - 오전 3:32:19] (304431) Setting environmentName for service "root": "3.7.3 (karios venv)"
2024-02-27 03:32:19.281 [info] [Info  - 오전 3:32:19] (304431) Assuming Python version 3.7
2024-02-27 03:32:19.369 [info] [Info  - 오전 3:32:19] (304431) Auto-excluding /root/venvs/karios
2024-02-27 03:32:19.369 [info] [Info  - 오전 3:32:19] (304431) No source files found.
2024-02-27 03:32:19.829 [info] [Info  - 오전 3:32:19] (304431) Background analysis(1) root directory: file:///root/.vscode-server/extensions/ms-python.vscode-pylance-2024.2.2/dist
2024-02-27 03:32:19.832 [info] [Info  - 오전 3:32:19] (304431) Background analysis(1) started
2024-02-27 03:32:20.194 [info] [Info  - 오전 3:32:20] (304431) Indexer background runner(2) root directory: file:///root/.vscode-server/extensions/ms-python.vscode-pylance-2024.2.2/dist (index)
2024-02-27 03:32:20.195 [info] [Info  - 오전 3:32:20] (304431) Indexing(2) started
2024-02-27 03:32:20.926 [info] [Info  - 오전 3:32:20] (304431) scanned(2) 131 files over 1 exec env
2024-02-27 03:32:21.792 [info] [Info  - 오전 3:32:21] (304431) indexed(2) 104 files over 1 exec env
2024-02-27 03:32:21.933 [info] [Info  - 오전 3:32:21] (304431) Indexing finished(2).
2024-02-27 03:43:58.691 [info] [Error - 오전 3:43:58] Server process exited with code 0.
2024-02-27 03:43:59.230 [info] (Client) Pylance async client (2024.2.2) started with python extension (2024.0.1)
2024-02-27 03:43:59.938 [info] [Info  - 오전 3:43:59] (305749) Pylance language server 2024.2.2 (pyright version 1.1.348, commit cfb1de0c) starting
2024-02-27 03:43:59.938 [info] [Info  - 오전 3:43:59] (305749) Server root directory: file:///root/.vscode-server/extensions/ms-python.vscode-pylance-2024.2.2/dist
2024-02-27 03:43:59.947 [info] [Info  - 오전 3:43:59] (305749) Starting service instance "root"
2024-02-27 03:44:00.001 [info] [Info  - 오전 3:44:00] (305749) Setting pythonPath for service "root": "/root/venvs/karios/bin/python"
2024-02-27 03:44:00.002 [info] [Info  - 오전 3:44:00] (305749) Setting environmentName for service "root": "3.7.3 (karios venv)"
2024-02-27 03:44:00.046 [info] [Info  - 오전 3:44:00] (305749) Assuming Python version 3.7
2024-02-27 03:44:00.165 [info] [Info  - 오전 3:44:00] (305749) Auto-excluding /root/venvs/karios
2024-02-27 03:44:00.167 [info] [Info  - 오전 3:44:00] (305749) No source files found.
2024-02-27 03:44:00.656 [info] [Info  - 오전 3:44:00] (305749) Background analysis(1) root directory: file:///root/.vscode-server/extensions/ms-python.vscode-pylance-2024.2.2/dist
2024-02-27 03:44:00.656 [info] [Info  - 오전 3:44:00] (305749) Background analysis(1) started
2024-02-27 03:44:02.621 [info] [Info  - 오전 3:44:02] (305749) Indexer background runner(2) root directory: file:///root/.vscode-server/extensions/ms-python.vscode-pylance-2024.2.2/dist (index)
2024-02-27 03:44:02.622 [info] [Info  - 오전 3:44:02] (305749) Indexing(2) started
2024-02-27 03:44:03.329 [info] [Info  - 오전 3:44:03] (305749) scanned(2) 131 files over 1 exec env
2024-02-27 03:44:04.104 [info] [Info  - 오전 3:44:04] (305749) indexed(2) 104 files over 1 exec env
2024-02-27 03:44:04.258 [info] [Info  - 오전 3:44:04] (305749) Indexing finished(2).
2024-02-27 03:54:04.854 [info] [Info  - 오전 3:54:04] (305749) Auto-excluding /root/venvs/karios
2024-02-27 03:54:04.858 [info] [Info  - 오전 3:54:04] (305749) Found 1 source file
2024-02-27 04:08:02.333 [info] [Info  - 오전 4:08:02] (305749) Auto-excluding /root/venvs/karios
2024-02-27 04:08:02.337 [info] [Info  - 오전 4:08:02] (305749) Found 2 source files
2024-02-27 04:08:21.599 [info] [Info  - 오전 4:08:21] (305749) Indexer background runner(3) root directory: file:///root/.vscode-server/extensions/ms-python.vscode-pylance-2024.2.2/dist (refresh)
2024-02-27 04:08:21.599 [info] [Info  - 오전 4:08:21] (305749) Indexing(3) started
2024-02-27 04:08:22.411 [info] [Info  - 오전 4:08:22] (305749) scanned(3) 10 files over 1 exec env
2024-02-27 04:08:23.238 [info] [Info  - 오전 4:08:23] (305749) indexed(3) 2 files over 1 exec env
2024-02-27 04:08:23.285 [info] [Info  - 오전 4:08:23] (305749) Indexing finished(3).
2024-02-27 04:08:55.581 [info] [Info  - 오전 4:08:55] (305749) Indexer background runner(4) root directory: file:///root/.vscode-server/extensions/ms-python.vscode-pylance-2024.2.2/dist (refresh)
2024-02-27 04:08:55.582 [info] [Info  - 오전 4:08:55] (305749) Indexing(4) started
2024-02-27 04:08:56.241 [info] [Info  - 오전 4:08:56] (305749) scanned(4) 10 files over 1 exec env
2024-02-27 04:08:57.021 [info] [Info  - 오전 4:08:57] (305749) indexed(4) 2 files over 1 exec env
2024-02-27 04:08:57.074 [info] [Info  - 오전 4:08:57] (305749) Indexing finished(4).
