2024-02-26 19:40:28.181 [info] Extension host with pid 265451 started
2024-02-26 19:40:28.181 [error] Error: EEXIST: file already exists, open '/root/.vscode-server/data/User/workspaceStorage/20aed7b36bd133173bd205d2d1d7daa8/vscode.lock'
2024-02-26 19:40:28.188 [info] Lock '/root/.vscode-server/data/User/workspaceStorage/20aed7b36bd133173bd205d2d1d7daa8/vscode.lock': Could not acquire lock, checking if the file is stale.
2024-02-26 19:40:28.194 [info] Lock '/root/.vscode-server/data/User/workspaceStorage/20aed7b36bd133173bd205d2d1d7daa8/vscode.lock': The lock does not look stale, elapsed: 996 ms, giving up.
2024-02-26 19:40:28.195 [error] Error: EEXIST: file already exists, open '/root/.vscode-server/data/User/workspaceStorage/20aed7b36bd133173bd205d2d1d7daa8-1/vscode.lock'
2024-02-26 19:40:28.196 [info] Lock '/root/.vscode-server/data/User/workspaceStorage/20aed7b36bd133173bd205d2d1d7daa8-1/vscode.lock': Could not acquire lock, checking if the file is stale.
2024-02-26 19:40:28.197 [info] Lock '/root/.vscode-server/data/User/workspaceStorage/20aed7b36bd133173bd205d2d1d7daa8-1/vscode.lock': The lock does not look stale, elapsed: 196 ms, giving up.
2024-02-26 19:40:28.198 [error] Error: EEXIST: file already exists, open '/root/.vscode-server/data/User/workspaceStorage/20aed7b36bd133173bd205d2d1d7daa8-2/vscode.lock'
2024-02-26 19:40:28.199 [info] Lock '/root/.vscode-server/data/User/workspaceStorage/20aed7b36bd133173bd205d2d1d7daa8-2/vscode.lock': Could not acquire lock, checking if the file is stale.
2024-02-26 19:40:28.200 [info] Lock '/root/.vscode-server/data/User/workspaceStorage/20aed7b36bd133173bd205d2d1d7daa8-2/vscode.lock': The lock does not look stale, elapsed: 807 ms, giving up.
2024-02-26 19:40:28.201 [error] Error: EEXIST: file already exists, open '/root/.vscode-server/data/User/workspaceStorage/20aed7b36bd133173bd205d2d1d7daa8-3/vscode.lock'
2024-02-26 19:40:28.201 [info] Lock '/root/.vscode-server/data/User/workspaceStorage/20aed7b36bd133173bd205d2d1d7daa8-3/vscode.lock': Could not acquire lock, checking if the file is stale.
2024-02-26 19:40:28.202 [info] Lock '/root/.vscode-server/data/User/workspaceStorage/20aed7b36bd133173bd205d2d1d7daa8-3/vscode.lock': The lock does not look stale, elapsed: 740 ms, giving up.
2024-02-26 19:40:28.213 [info] Lock '/root/.vscode-server/data/User/workspaceStorage/20aed7b36bd133173bd205d2d1d7daa8-4/vscode.lock': Lock acquired.
2024-02-26 19:40:28.237 [info] ExtensionService#_doActivateExtension vscode.git-base, startup: true, activationEvent: '*'
2024-02-26 19:40:28.352 [info] ExtensionService#_doActivateExtension vscode.github, startup: true, activationEvent: '*'
2024-02-26 19:40:28.474 [info] Eager extensions activated
2024-02-26 19:40:28.474 [info] ExtensionService#_doActivateExtension vscode.debug-auto-launch, startup: false, activationEvent: 'onStartupFinished'
2024-02-26 19:40:28.475 [info] ExtensionService#_doActivateExtension vscode.merge-conflict, startup: false, activationEvent: 'onStartupFinished'
2024-02-26 19:40:28.962 [info] ExtensionService#_doActivateExtension vscode.git, startup: false, activationEvent: 'api', root cause: vscode.github
2024-02-26 19:40:29.205 [info] ExtensionService#_doActivateExtension cweijan.vscode-mysql-client2, startup: false, activationEvent: 'onStartupFinished'
2024-02-26 19:40:29.206 [info] ExtensionService#_doActivateExtension mhutchie.git-graph, startup: false, activationEvent: '*'
2024-02-26 19:40:34.122 [info] ExtensionService#_doActivateExtension vscode.npm, startup: false, activationEvent: 'onTerminalQuickFixRequest:ms-vscode.npm-command'
2024-02-26 19:40:46.615 [warning] [Decorations] CAPPING events from decorations provider vscode.git 10000
2024-02-26 19:40:48.169 [warning] [Decorations] CAPPING events from decorations provider vscode.git 10000
2024-02-26 19:40:50.394 [info] ExtensionService#_doActivateExtension ms-python.debugpy, startup: false, activationEvent: 'onLanguage:python'
2024-02-26 19:40:50.395 [info] ExtensionService#_doActivateExtension ms-python.python, startup: false, activationEvent: 'onLanguage:python'
2024-02-26 19:40:50.396 [info] ExtensionService#_doActivateExtension vscode.emmet, startup: false, activationEvent: 'onLanguage'
2024-02-26 19:40:51.323 [info] ExtensionService#_doActivateExtension ms-python.vscode-pylance, startup: false, activationEvent: 'onLanguage:python'
2024-02-26 19:41:49.187 [info] ExtensionService#_doActivateExtension vscode.tunnel-forwarding, startup: false, activationEvent: 'onTunnel'
2024-02-26 20:48:47.285 [info] Extension host terminating: renderer disconnected for too long (2)
2024-02-26 20:48:47.287 [info] Lock '/root/.vscode-server/data/User/workspaceStorage/20aed7b36bd133173bd205d2d1d7daa8-4/vscode.lock': Marking the lockfile as scheduled to be released in 6000 ms.
2024-02-26 20:48:47.337 [error] Canceled: Canceled
	at new f (/root/.vscode-server/bin/903b1e9d8990623e3d7da1df3d33db3e42d80eda/out/vs/workbench/api/node/extensionHostProcess.js:140:45069)
	at d.U (/root/.vscode-server/bin/903b1e9d8990623e3d7da1df3d33db3e42d80eda/out/vs/workbench/api/node/extensionHostProcess.js:147:5557)
	at T.<computed>.O.charCodeAt.T.<computed> (/root/.vscode-server/bin/903b1e9d8990623e3d7da1df3d33db3e42d80eda/out/vs/workbench/api/node/extensionHostProcess.js:147:3008)
	at s.g (/root/.vscode-server/bin/903b1e9d8990623e3d7da1df3d33db3e42d80eda/out/vs/workbench/api/node/extensionHostProcess.js:150:174704)
	at s.executeCommand (/root/.vscode-server/bin/903b1e9d8990623e3d7da1df3d33db3e42d80eda/out/vs/workbench/api/node/extensionHostProcess.js:150:174142)
	at m.registerCommand.description (/root/.vscode-server/bin/903b1e9d8990623e3d7da1df3d33db3e42d80eda/out/vs/workbench/api/node/extensionHostProcess.js:150:173466)
	at s.h (/root/.vscode-server/bin/903b1e9d8990623e3d7da1df3d33db3e42d80eda/out/vs/workbench/api/node/extensionHostProcess.js:150:175243)
	at s.g (/root/.vscode-server/bin/903b1e9d8990623e3d7da1df3d33db3e42d80eda/out/vs/workbench/api/node/extensionHostProcess.js:150:174235)
	at s.executeCommand (/root/.vscode-server/bin/903b1e9d8990623e3d7da1df3d33db3e42d80eda/out/vs/workbench/api/node/extensionHostProcess.js:150:174142)
	at Object.executeCommand (/root/.vscode-server/bin/903b1e9d8990623e3d7da1df3d33db3e42d80eda/out/vs/workbench/api/node/extensionHostProcess.js:160:21634)
	at g.I [as value] (/root/.vscode-server/bin/903b1e9d8990623e3d7da1df3d33db3e42d80eda/extensions/git/dist/main.js:2:927298)
	at r.y (/root/.vscode-server/bin/903b1e9d8990623e3d7da1df3d33db3e42d80eda/out/vs/workbench/api/node/extensionHostProcess.js:80:1902)
	at r.z (/root/.vscode-server/bin/903b1e9d8990623e3d7da1df3d33db3e42d80eda/out/vs/workbench/api/node/extensionHostProcess.js:80:1972)
	at r.fire (/root/.vscode-server/bin/903b1e9d8990623e3d7da1df3d33db3e42d80eda/out/vs/workbench/api/node/extensionHostProcess.js:80:2188)
	at Object.m [as dispose] (/root/.vscode-server/bin/903b1e9d8990623e3d7da1df3d33db3e42d80eda/extensions/git/dist/main.js:2:943089)
	at /root/.vscode-server/bin/903b1e9d8990623e3d7da1df3d33db3e42d80eda/extensions/git/dist/main.js:2:947930
	at Array.forEach (<anonymous>)
	at p.dispose (/root/.vscode-server/bin/903b1e9d8990623e3d7da1df3d33db3e42d80eda/extensions/git/dist/main.js:2:947916)
	at c.<anonymous> (/root/.vscode-server/bin/903b1e9d8990623e3d7da1df3d33db3e42d80eda/out/vs/workbench/api/node/extensionHostProcess.js:148:3650)
	at c.dispose (/root/.vscode-server/bin/903b1e9d8990623e3d7da1df3d33db3e42d80eda/out/vs/workbench/api/node/extensionHostProcess.js:148:3747)
	at c.<anonymous> (/root/.vscode-server/bin/903b1e9d8990623e3d7da1df3d33db3e42d80eda/extensions/git/dist/main.js:2:929310)
	at c.dispose (/root/.vscode-server/bin/903b1e9d8990623e3d7da1df3d33db3e42d80eda/out/vs/workbench/api/node/extensionHostProcess.js:148:3747)
	at o (/root/.vscode-server/bin/903b1e9d8990623e3d7da1df3d33db3e42d80eda/out/vs/workbench/api/node/extensionHostProcess.js:30:754)
	at g.cb (/root/.vscode-server/bin/903b1e9d8990623e3d7da1df3d33db3e42d80eda/out/vs/workbench/api/node/extensionHostProcess.js:156:9874)
	at /root/.vscode-server/bin/903b1e9d8990623e3d7da1df3d33db3e42d80eda/out/vs/workbench/api/node/extensionHostProcess.js:156:7808
	at Array.map (<anonymous>)
	at g.Y (/root/.vscode-server/bin/903b1e9d8990623e3d7da1df3d33db3e42d80eda/out/vs/workbench/api/node/extensionHostProcess.js:156:7795)
	at g.terminate (/root/.vscode-server/bin/903b1e9d8990623e3d7da1df3d33db3e42d80eda/out/vs/workbench/api/node/extensionHostProcess.js:156:8068)
	at o.terminate (/root/.vscode-server/bin/903b1e9d8990623e3d7da1df3d33db3e42d80eda/out/vs/workbench/api/node/extensionHostProcess.js:160:1513)
	at t (/root/.vscode-server/bin/903b1e9d8990623e3d7da1df3d33db3e42d80eda/out/vs/workbench/api/node/extensionHostProcess.js:173:9950)
	at M.a (/root/.vscode-server/bin/903b1e9d8990623e3d7da1df3d33db3e42d80eda/out/vs/workbench/api/node/extensionHostProcess.js:173:6743)
	at M.h (/root/.vscode-server/bin/903b1e9d8990623e3d7da1df3d33db3e42d80eda/out/vs/workbench/api/node/extensionHostProcess.js:97:20387)
	at listOnTimeout (node:internal/timers:569:17)
	at process.processTimers (node:internal/timers:512:7) setContext undefined
2024-02-26 20:48:47.337 [error] Canceled: Canceled
	at new f (/root/.vscode-server/bin/903b1e9d8990623e3d7da1df3d33db3e42d80eda/out/vs/workbench/api/node/extensionHostProcess.js:140:45069)
	at d.U (/root/.vscode-server/bin/903b1e9d8990623e3d7da1df3d33db3e42d80eda/out/vs/workbench/api/node/extensionHostProcess.js:147:5557)
	at T.<computed>.O.charCodeAt.T.<computed> (/root/.vscode-server/bin/903b1e9d8990623e3d7da1df3d33db3e42d80eda/out/vs/workbench/api/node/extensionHostProcess.js:147:3008)
	at s.g (/root/.vscode-server/bin/903b1e9d8990623e3d7da1df3d33db3e42d80eda/out/vs/workbench/api/node/extensionHostProcess.js:150:174704)
	at s.executeCommand (/root/.vscode-server/bin/903b1e9d8990623e3d7da1df3d33db3e42d80eda/out/vs/workbench/api/node/extensionHostProcess.js:150:174142)
	at m.registerCommand.description (/root/.vscode-server/bin/903b1e9d8990623e3d7da1df3d33db3e42d80eda/out/vs/workbench/api/node/extensionHostProcess.js:150:173466)
	at s.h (/root/.vscode-server/bin/903b1e9d8990623e3d7da1df3d33db3e42d80eda/out/vs/workbench/api/node/extensionHostProcess.js:150:175243)
	at s.g (/root/.vscode-server/bin/903b1e9d8990623e3d7da1df3d33db3e42d80eda/out/vs/workbench/api/node/extensionHostProcess.js:150:174235)
	at s.executeCommand (/root/.vscode-server/bin/903b1e9d8990623e3d7da1df3d33db3e42d80eda/out/vs/workbench/api/node/extensionHostProcess.js:150:174142)
	at Object.executeCommand (/root/.vscode-server/bin/903b1e9d8990623e3d7da1df3d33db3e42d80eda/out/vs/workbench/api/node/extensionHostProcess.js:160:21634)
	at set b [as b] (/root/.vscode-server/bin/903b1e9d8990623e3d7da1df3d33db3e42d80eda/extensions/github/dist/extension.js:2:322364)
	at /root/.vscode-server/bin/903b1e9d8990623e3d7da1df3d33db3e42d80eda/extensions/github/dist/extension.js:2:323005
	at g.value (/root/.vscode-server/bin/903b1e9d8990623e3d7da1df3d33db3e42d80eda/extensions/git/dist/main.js:2:1018251)
	at r.y (/root/.vscode-server/bin/903b1e9d8990623e3d7da1df3d33db3e42d80eda/out/vs/workbench/api/node/extensionHostProcess.js:80:1902)
	at r.z (/root/.vscode-server/bin/903b1e9d8990623e3d7da1df3d33db3e42d80eda/out/vs/workbench/api/node/extensionHostProcess.js:80:1972)
	at r.fire (/root/.vscode-server/bin/903b1e9d8990623e3d7da1df3d33db3e42d80eda/out/vs/workbench/api/node/extensionHostProcess.js:80:2188)
	at Object.m [as dispose] (/root/.vscode-server/bin/903b1e9d8990623e3d7da1df3d33db3e42d80eda/extensions/git/dist/main.js:2:943089)
	at /root/.vscode-server/bin/903b1e9d8990623e3d7da1df3d33db3e42d80eda/extensions/git/dist/main.js:2:947930
	at Array.forEach (<anonymous>)
	at p.dispose (/root/.vscode-server/bin/903b1e9d8990623e3d7da1df3d33db3e42d80eda/extensions/git/dist/main.js:2:947916)
	at c.<anonymous> (/root/.vscode-server/bin/903b1e9d8990623e3d7da1df3d33db3e42d80eda/out/vs/workbench/api/node/extensionHostProcess.js:148:3650)
	at c.dispose (/root/.vscode-server/bin/903b1e9d8990623e3d7da1df3d33db3e42d80eda/out/vs/workbench/api/node/extensionHostProcess.js:148:3747)
	at c.<anonymous> (/root/.vscode-server/bin/903b1e9d8990623e3d7da1df3d33db3e42d80eda/extensions/git/dist/main.js:2:929310)
	at c.dispose (/root/.vscode-server/bin/903b1e9d8990623e3d7da1df3d33db3e42d80eda/out/vs/workbench/api/node/extensionHostProcess.js:148:3747)
	at o (/root/.vscode-server/bin/903b1e9d8990623e3d7da1df3d33db3e42d80eda/out/vs/workbench/api/node/extensionHostProcess.js:30:754)
	at g.cb (/root/.vscode-server/bin/903b1e9d8990623e3d7da1df3d33db3e42d80eda/out/vs/workbench/api/node/extensionHostProcess.js:156:9874)
	at /root/.vscode-server/bin/903b1e9d8990623e3d7da1df3d33db3e42d80eda/out/vs/workbench/api/node/extensionHostProcess.js:156:7808
	at Array.map (<anonymous>)
	at g.Y (/root/.vscode-server/bin/903b1e9d8990623e3d7da1df3d33db3e42d80eda/out/vs/workbench/api/node/extensionHostProcess.js:156:7795)
	at g.terminate (/root/.vscode-server/bin/903b1e9d8990623e3d7da1df3d33db3e42d80eda/out/vs/workbench/api/node/extensionHostProcess.js:156:8068)
	at o.terminate (/root/.vscode-server/bin/903b1e9d8990623e3d7da1df3d33db3e42d80eda/out/vs/workbench/api/node/extensionHostProcess.js:160:1513)
	at t (/root/.vscode-server/bin/903b1e9d8990623e3d7da1df3d33db3e42d80eda/out/vs/workbench/api/node/extensionHostProcess.js:173:9950)
	at M.a (/root/.vscode-server/bin/903b1e9d8990623e3d7da1df3d33db3e42d80eda/out/vs/workbench/api/node/extensionHostProcess.js:173:6743)
	at M.h (/root/.vscode-server/bin/903b1e9d8990623e3d7da1df3d33db3e42d80eda/out/vs/workbench/api/node/extensionHostProcess.js:97:20387)
	at listOnTimeout (node:internal/timers:569:17)
	at process.processTimers (node:internal/timers:512:7) setContext undefined
2024-02-26 20:48:47.343 [info] Extension host with pid 265451 exiting with code 0
