2024-02-26 14:56:01.964 [info] Log level: Info
2024-02-26 14:56:01.964 [info] Validating found git in: "git"
2024-02-26 14:56:01.964 [info] Using git "2.20.1" from "git"
2024-02-26 14:56:01.964 [info] > git rev-parse --show-toplevel [35ms]
2024-02-26 14:56:01.964 [info] > git rev-parse --git-dir --git-common-dir [2ms]
2024-02-26 14:56:01.964 [info] Open repository: /root
2024-02-26 14:56:01.964 [info] > git config --get commit.template [6ms]
2024-02-26 14:56:01.964 [info] > git fetch [16ms]
2024-02-26 14:56:01.964 [info] > git rev-parse --show-toplevel [9ms]
2024-02-26 14:56:01.964 [info] No remotes found in the git config file.
2024-02-26 14:56:01.964 [info] > git config --get commit.template [8ms]
2024-02-26 14:56:01.964 [info] No remotes found in the git config file.
2024-02-26 14:56:01.964 [info] > git for-each-ref --format=%(refname)%00%(upstream:short)%00%(objectname)%00%(upstream:track)%00%(upstream:remotename)%00%(upstream:remoteref) refs/heads/master refs/remotes/master [11ms]
2024-02-26 14:56:01.964 [warning] No such branch: master.
2024-02-26 14:56:01.964 [info] > git for-each-ref --format=%(refname)%00%(upstream:short)%00%(objectname)%00%(upstream:track)%00%(upstream:remotename)%00%(upstream:remoteref) refs/heads/master refs/remotes/master [12ms]
2024-02-26 14:56:01.964 [warning] No such branch: master.
2024-02-26 14:56:01.964 [info] > git rev-parse --show-toplevel [17ms]
2024-02-26 14:56:01.964 [info] > git config --get commit.template [6ms]
2024-02-26 14:56:01.964 [info] No remotes found in the git config file.
2024-02-26 14:56:01.964 [info] > git for-each-ref --format=%(refname)%00%(upstream:short)%00%(objectname)%00%(upstream:track)%00%(upstream:remotename)%00%(upstream:remoteref) refs/heads/master refs/remotes/master [2ms]
2024-02-26 14:56:01.964 [warning] No such branch: master.
2024-02-26 14:56:01.964 [info] > git status -z -uall [100ms] (cancelled)
2024-02-26 14:56:02.486 [info] > git check-ignore -v -z --stdin [11ms]
2024-02-26 14:56:11.892 [info] > git check-ignore -v -z --stdin [9ms]
2024-02-26 14:56:13.822 [info] > git check-ignore -v -z --stdin [10ms]
2024-02-26 15:06:26.799 [info] > git check-ignore -v -z --stdin [16ms]
2024-02-26 15:06:28.488 [info] > git show --textconv :kairos/app.py [11ms]
2024-02-26 15:06:28.492 [info] > git ls-files --stage -- /root/kairos/app.py [8ms]
2024-02-26 15:06:28.500 [info] > git cat-file -s d505e50b6c60ac3391dcb7e293d0675f3f028bba [1ms]
2024-02-26 15:13:36.407 [info] > git check-ignore -v -z --stdin [9ms]
2024-02-26 15:18:33.819 [info] > git ls-files --stage -- /root/kairos/app.py [9ms]
2024-02-26 15:18:33.828 [info] > git cat-file -s d505e50b6c60ac3391dcb7e293d0675f3f028bba [1ms]
2024-02-26 15:18:33.863 [info] > git show --textconv :kairos/app.py [6ms]
2024-02-26 15:18:52.719 [info] > git check-ignore -v -z --stdin [5ms]
2024-02-26 15:21:28.901 [info] > git ls-files --stage -- /root/kairos/app.py [8ms]
2024-02-26 15:21:28.911 [info] > git cat-file -s d505e50b6c60ac3391dcb7e293d0675f3f028bba [2ms]
2024-02-26 15:21:28.938 [info] > git show --textconv :kairos/app.py [8ms]
2024-02-26 15:24:57.842 [info] > git check-ignore -v -z --stdin [13ms]
2024-02-26 15:25:15.985 [info] > git check-ignore -v -z --stdin [8ms]
2024-02-26 15:25:50.552 [info] > git check-ignore -v -z --stdin [8ms]
2024-02-26 15:26:40.372 [info] > git show --textconv :kairos/venv.sh [16ms]
2024-02-26 15:26:40.376 [info] > git ls-files --stage -- /root/kairos/venv.sh [7ms]
2024-02-26 15:26:40.623 [info] > git check-ignore -v -z --stdin [10ms]
2024-02-26 15:28:35.460 [info] > git show --textconv :venv.sh [10ms]
2024-02-26 15:28:35.469 [info] > git ls-files --stage -- /root/venv.sh [9ms]
2024-02-26 15:28:35.714 [info] > git check-ignore -v -z --stdin [6ms]
2024-02-26 15:30:46.063 [info] > git check-ignore -v -z --stdin [15ms]
2024-02-26 15:31:13.452 [info] > git ls-files --stage -- /root/venv.sh [9ms]
2024-02-26 15:31:13.474 [info] > git show --textconv :venv.sh [6ms]
2024-02-26 15:31:45.682 [info] > git check-ignore -v -z --stdin [6ms]
2024-02-26 15:32:01.684 [info] > git check-ignore -v -z --stdin [8ms]
2024-02-26 15:34:35.698 [info] > git ls-files --stage -- /root/venv.sh [9ms]
2024-02-26 15:34:35.721 [info] > git show --textconv :venv.sh [6ms]
2024-02-26 15:34:43.643 [info] > git show --textconv :venvs/karios/app.py [11ms]
2024-02-26 15:34:43.648 [info] > git ls-files --stage -- /root/venvs/karios/app.py [6ms]
2024-02-26 15:36:30.920 [info] > git ls-files --stage -- /root/venvs/karios/app.py [7ms]
2024-02-26 15:36:30.943 [info] > git show --textconv :venvs/karios/app.py [7ms]
2024-02-26 15:39:31.391 [info] > git ls-files --stage -- /root/venvs/karios/app.py [6ms]
2024-02-26 15:39:31.412 [info] > git show --textconv :venvs/karios/app.py [5ms]
2024-02-26 15:42:53.832 [info] > git ls-files --stage -- /root/venvs/karios/app.py [8ms]
2024-02-26 15:42:53.864 [info] > git show --textconv :venvs/karios/app.py [6ms]
2024-02-26 15:44:40.855 [info] > git check-ignore -v -z --stdin [8ms]
2024-02-26 15:45:50.273 [info] > git show --textconv :pybo/__init__.py [12ms]
2024-02-26 15:45:50.280 [info] > git ls-files --stage -- /root/pybo/__init__.py [6ms]
2024-02-26 15:45:50.420 [info] > git check-ignore -v -z --stdin [9ms]
2024-02-26 15:45:55.814 [info] > git ls-files --stage -- /root/pybo/__init__.py [10ms]
2024-02-26 15:45:55.851 [info] > git show --textconv :pybo/__init__.py [9ms]
2024-02-26 15:46:14.866 [info] > git show --textconv :pybo/pybo__init__.py [10ms]
2024-02-26 15:46:14.874 [info] > git ls-files --stage -- /root/pybo/pybo__init__.py [9ms]
2024-02-26 15:46:15.119 [info] > git check-ignore -v -z --stdin [10ms]
2024-02-26 15:46:26.229 [info] > git show --textconv :pybo/pybo/__init__.py [11ms]
2024-02-26 15:46:26.234 [info] > git ls-files --stage -- /root/pybo/pybo/__init__.py [6ms]
2024-02-26 15:46:26.508 [info] > git check-ignore -v -z --stdin [10ms]
2024-02-26 15:47:44.417 [info] > git show --textconv :venvs/karios/app.py [10ms]
2024-02-26 15:47:44.422 [info] > git ls-files --stage -- /root/venvs/karios/app.py [6ms]
2024-02-26 15:48:56.115 [info] > git ls-files --stage -- /root/venvs/karios/app.py [8ms]
2024-02-26 15:48:56.141 [info] > git show --textconv :venvs/karios/app.py [6ms]
2024-02-26 15:49:58.954 [info] > git check-ignore -v -z --stdin [10ms]
2024-02-26 15:50:12.859 [info] > git show --textconv :venvs/karios/pyvenv.cfg [11ms]
2024-02-26 15:50:12.867 [info] > git ls-files --stage -- /root/venvs/karios/pyvenv.cfg [8ms]
2024-02-26 15:50:17.356 [info] > git show --textconv :venvs/karios/app.py [11ms]
2024-02-26 15:50:17.361 [info] > git ls-files --stage -- /root/venvs/karios/app.py [6ms]
2024-02-26 15:51:59.462 [info] > git ls-files --stage -- /root/venvs/karios/app.py [10ms]
2024-02-26 15:51:59.546 [info] > git show --textconv :venvs/karios/app.py [9ms]
2024-02-26 16:57:49.055 [info] > git ls-files --stage -- /root/venvs/karios/app.py [9ms]
2024-02-26 16:57:49.080 [info] > git show --textconv :venvs/karios/app.py [7ms]
