2024-02-26 23:40:08.210 [info] 실험 'pythonRecommendTensorboardExt'이(가) 활성 상태입니다.
2024-02-26 23:40:08.210 [info] 실험 'pythonREPLSmartSend'이(가) 활성 상태입니다.
2024-02-26 23:40:08.210 [info] 실험 'pythonTerminalEnvVarActivation'이(가) 활성 상태입니다.
2024-02-26 23:40:08.210 [info] 실험 'pythonTestAdapter'이(가) 활성 상태입니다.
2024-02-26 23:40:08.241 [info] Default formatter is set to null for workspace /root/venvs/karios
2024-02-26 23:40:08.811 [info] Test server listening.
2024-02-26 23:40:08.838 [info] > C:\Anaconda\anaconda\envs\spyder\python.exe -c "import sys;print(sys.executable)"
2024-02-26 23:40:08.843 [error] [Error: Command failed: C:\Anaconda\anaconda\envs\spyder\python.exe -c "import sys;print(sys.executable)"
/bin/sh: 1: C:Anacondaanacondaenvsspyderpython.exe: not found

	at ChildProcess.exithandler (node:child_process:420:12)
	at ChildProcess.emit (node:events:526:35)
	at maybeClose (node:internal/child_process:1091:16)
	at Socket.<anonymous> (node:internal/child_process:449:11)
	at Socket.emit (node:events:514:28)
	at Pipe.<anonymous> (node:net:323:12)] {
  code: 127,
  killed: false,
  signal: null,
  cmd: 'C:\\Anaconda\\anaconda\\envs\\spyder\\python.exe -c "import sys;print(sys.executable)"'
}
2024-02-26 23:40:08.865 [info] > C:\Anaconda\anaconda\envs\spyder\python.exe -I ~/.vscode-server/extensions/ms-python.python-2024.0.1/pythonFiles/get_output_via_markers.py ~/.vscode-server/extensions/ms-python.python-2024.0.1/pythonFiles/interpreterInfo.py
2024-02-26 23:40:08.867 [error] [Error: Command failed: C:\Anaconda\anaconda\envs\spyder\python.exe -I /root/.vscode-server/extensions/ms-python.python-2024.0.1/pythonFiles/get_output_via_markers.py /root/.vscode-server/extensions/ms-python.python-2024.0.1/pythonFiles/interpreterInfo.py
/bin/sh: 1: C:Anacondaanacondaenvsspyderpython.exe: not found

	at ChildProcess.exithandler (node:child_process:420:12)
	at ChildProcess.emit (node:events:526:35)
	at maybeClose (node:internal/child_process:1091:16)
	at ChildProcess._handle.onexit (node:internal/child_process:302:5)] {
  code: 127,
  killed: false,
  signal: null,
  cmd: 'C:\\Anaconda\\anaconda\\envs\\spyder\\python.exe -I /root/.vscode-server/extensions/ms-python.python-2024.0.1/pythonFiles/get_output_via_markers.py /root/.vscode-server/extensions/ms-python.python-2024.0.1/pythonFiles/interpreterInfo.py'
}
2024-02-26 23:40:08.877 [info] > ./bin/python -I ~/.vscode-server/extensions/ms-python.python-2024.0.1/pythonFiles/get_output_via_markers.py ~/.vscode-server/extensions/ms-python.python-2024.0.1/pythonFiles/interpreterInfo.py
2024-02-26 23:40:09.114 [warning] Retry failed, storage update failed for key PYTHON_GLOBAL_STORAGE_KEYS
2024-02-26 23:40:09.115 [warning] Retry failed, storage update failed for key PYTHON_WORKSPACE_STORAGE_KEYS
2024-02-26 23:40:09.115 [warning] Retry failed, storage update failed for key PYTHON_WORKSPACE_STORAGE_KEYS
2024-02-26 23:40:09.115 [warning] Retry failed, storage update failed for key PYTHON_WORKSPACE_STORAGE_KEYS
2024-02-26 23:40:10.900 [info] > C:\Anaconda\anaconda\envs\spyder\python.exe -I ~/.vscode-server/extensions/ms-python.python-2024.0.1/pythonFiles/get_output_via_markers.py ~/.vscode-server/extensions/ms-python.python-2024.0.1/pythonFiles/interpreterInfo.py
2024-02-26 23:40:10.903 [error] [Error: Command failed: C:\Anaconda\anaconda\envs\spyder\python.exe -I /root/.vscode-server/extensions/ms-python.python-2024.0.1/pythonFiles/get_output_via_markers.py /root/.vscode-server/extensions/ms-python.python-2024.0.1/pythonFiles/interpreterInfo.py
/bin/sh: 1: C:Anacondaanacondaenvsspyderpython.exe: not found

	at ChildProcess.exithandler (node:child_process:420:12)
	at ChildProcess.emit (node:events:526:35)
	at maybeClose (node:internal/child_process:1091:16)
	at Socket.<anonymous> (node:internal/child_process:449:11)
	at Socket.emit (node:events:514:28)
	at Pipe.<anonymous> (node:net:323:12)] {
  code: 127,
  killed: false,
  signal: null,
  cmd: 'C:\\Anaconda\\anaconda\\envs\\spyder\\python.exe -I /root/.vscode-server/extensions/ms-python.python-2024.0.1/pythonFiles/get_output_via_markers.py /root/.vscode-server/extensions/ms-python.python-2024.0.1/pythonFiles/interpreterInfo.py'
}
2024-02-26 23:40:12.836 [info] Pylance 언어 서버를 시작하는 중입니다.
2024-02-26 23:46:55.547 [info] Discover tests for workspace name: karios - uri: /root/venvs/karios/app.py
