2024-02-26 18:45:54.975 [info] 로그 수준: Info
2024-02-26 18:45:54.975 [info] "git"에서 찾은 git 유효성을 검사하는 중
2024-02-26 18:45:54.975 [info] "2.20.1"에서 git "git"을(를) 사용하는 중
2024-02-26 18:45:54.975 [info] > git rev-parse --show-toplevel [10ms]
2024-02-26 18:45:54.975 [info] > git rev-parse --git-dir --git-common-dir [2ms]
2024-02-26 18:45:54.975 [info] Open repository: /root
2024-02-26 18:45:54.975 [info] > git rev-parse --show-toplevel [12ms]
2024-02-26 18:45:54.975 [info] > git config --get commit.template [21ms]
2024-02-26 18:45:54.975 [info] No remotes found in the git config file.
2024-02-26 18:45:54.975 [info] > git rev-parse --show-toplevel [12ms]
2024-02-26 18:45:54.975 [info] > git for-each-ref --format=%(refname)%00%(upstream:short)%00%(objectname)%00%(upstream:track)%00%(upstream:remotename)%00%(upstream:remoteref) refs/heads/master refs/remotes/master [3ms]
2024-02-26 18:45:54.975 [warning] No such branch: master.
2024-02-26 18:45:54.975 [info] > git rev-parse --show-toplevel [10ms]
2024-02-26 18:45:54.975 [info] > git rev-parse --show-toplevel [1ms]
2024-02-26 18:45:55.058 [info] > git status -z -uall [119ms] (cancelled)
2024-02-26 18:45:55.306 [info] > git show --textconv :.bashrc [9ms]
2024-02-26 18:45:55.316 [info] > git ls-files --stage -- /root/.bashrc [9ms]
2024-02-26 18:45:55.324 [info] > git cat-file -s 5d3a56ebf44dbf13b97fa3f001d21191465af0e7 [1ms]
2024-02-26 18:45:55.511 [info] > git check-ignore -v -z --stdin [17ms]
2024-02-26 18:45:59.624 [info] > git show --textconv :venvs/karios/pyvenv.cfg [11ms]
2024-02-26 18:45:59.629 [info] > git ls-files --stage -- /root/venvs/karios/pyvenv.cfg [6ms]
2024-02-26 18:45:59.899 [info] > git check-ignore -v -z --stdin [11ms]
2024-02-26 18:46:05.043 [info] > git config --get commit.template [17ms]
2024-02-26 18:46:05.063 [info] No remotes found in the git config file.
2024-02-26 18:46:05.064 [info] > git for-each-ref --format=%(refname)%00%(upstream:short)%00%(objectname)%00%(upstream:track)%00%(upstream:remotename)%00%(upstream:remoteref) refs/heads/master refs/remotes/master [2ms]
2024-02-26 18:46:05.065 [warning] No such branch: master.
2024-02-26 18:46:07.049 [info] > git status -z -uall [1966ms] (cancelled)
2024-02-26 18:47:09.963 [info] > git check-ignore -v -z --stdin [11ms]
2024-02-26 18:47:10.917 [info] > git check-ignore -v -z --stdin [7ms]
2024-02-26 18:47:14.278 [info] > git check-ignore -v -z --stdin [11ms]
2024-02-26 18:47:15.148 [info] > git check-ignore -v -z --stdin [11ms]
2024-02-26 18:47:15.969 [info] > git check-ignore -v -z --stdin [8ms]
2024-02-26 18:47:29.773 [info] > git show --textconv :venvs/karios/app.py [30ms]
2024-02-26 18:47:29.775 [info] > git ls-files --stage -- /root/venvs/karios/app.py [8ms]
