2024-02-26 18:47:47.897 [info] 실험 'pythonRecommendTensorboardExt'이(가) 활성 상태입니다.
2024-02-26 18:47:47.897 [info] 실험 'pythonREPLSmartSend'이(가) 활성 상태입니다.
2024-02-26 18:47:47.897 [info] 실험 'pythonTerminalEnvVarActivation'이(가) 활성 상태입니다.
2024-02-26 18:47:47.897 [info] 실험 'pythonTestAdapter'이(가) 활성 상태입니다.
2024-02-26 18:47:47.937 [info] Default formatter is set to null for workspace /root
2024-02-26 18:47:48.509 [info] Test server listening.
2024-02-26 18:47:48.531 [info] > ./venvs/karios/bin/python -I ./.vscode-server/extensions/ms-python.python-2024.0.1/pythonFiles/get_output_via_markers.py ./.vscode-server/extensions/ms-python.python-2024.0.1/pythonFiles/interpreterInfo.py
2024-02-26 18:47:48.592 [info] Python 인터프리터 경로: ./venvs/karios/bin/python
2024-02-26 18:47:48.777 [info] > . ./venvs/karios/bin/activate && echo 'e8b39361-0157-4923-80e1-22d70d46dee6' && python ./.vscode-server/extensions/ms-python.python-2024.0.1/pythonFiles/printEnvVariables.py
2024-02-26 18:47:48.777 [info] shell: bash
2024-02-26 18:47:48.861 [info] > /usr/bin/python ./.vscode-server/extensions/ms-python.python-2024.0.1/pythonFiles/printEnvVariables.py
2024-02-26 18:47:48.861 [info] shell: bash
2024-02-26 18:47:48.991 [info] Send text to terminal: /usr/bin/python /root/.vscode-server/extensions/ms-python.python-2024.0.1/pythonFiles/printEnvVariablesToFile.py /root/.vscode-server/extensions/ms-python.python-2024.0.1/pythonFiles/deactivate/bash/envVars.txt
2024-02-26 18:47:50.668 [info] Pylance 언어 서버를 시작하는 중입니다.
2024-02-26 18:48:18.992 [error] Failed to initialize deactivate script /bin/bash [Error: "/root/.vscode-server/extensions/ms-python.python-2024.0.1/pythonFiles/deactivate/bash/envVars.txt" file not created
	at Timeout.<anonymous> (/root/.vscode-server/extensions/ms-python.python-2024.0.1/out/client/extension.js:2:276484)
	at listOnTimeout (node:internal/timers:569:17)
	at process.processTimers (node:internal/timers:512:7)]
2024-02-26 19:11:22.483 [info] Discover tests for workspace name: root - uri: /root
2024-02-26 19:11:22.552 [info] > /usr/bin/python3 -I ./.vscode-server/extensions/ms-python.python-2024.0.1/pythonFiles/get_output_via_markers.py ./.vscode-server/extensions/ms-python.python-2024.0.1/pythonFiles/interpreterInfo.py
2024-02-26 19:11:22.581 [info] > . ./venvs/karios/bin/activate && echo 'e8b39361-0157-4923-80e1-22d70d46dee6' && python ./.vscode-server/extensions/ms-python.python-2024.0.1/pythonFiles/printEnvVariables.py
2024-02-26 19:11:22.581 [info] shell: bash
2024-02-26 19:11:22.614 [error] Failed to initialize deactivate script /bin/bash [Error: "/root/.vscode-server/extensions/ms-python.python-2024.0.1/pythonFiles/deactivate/bash/envVars.txt" file not created
	at Timeout.<anonymous> (/root/.vscode-server/extensions/ms-python.python-2024.0.1/out/client/extension.js:2:276484)
	at listOnTimeout (node:internal/timers:569:17)
	at process.processTimers (node:internal/timers:512:7)]
2024-02-26 19:11:46.484 [info] CreateEnv Trigger - Skipping for /root/venvs/karios/app.py
2024-02-26 19:11:46.498 [info] Send text to terminal: /root/venvs/karios/bin/python /root/venvs/karios/app.py
