2024-02-26 18:33:22.315 [info] Log level: Info
2024-02-26 18:33:22.315 [info] Validating found git in: "git"
2024-02-26 18:33:22.315 [info] Using git "2.20.1" from "git"
2024-02-26 18:33:22.315 [info] > git rev-parse --show-toplevel [523ms]
2024-02-26 18:33:22.315 [info] > git rev-parse --git-dir --git-common-dir [2ms]
2024-02-26 18:33:22.315 [info] Open repository: /root
2024-02-26 18:33:22.315 [info] > git config --get commit.template [22ms]
2024-02-26 18:33:22.315 [info] > git fetch [38ms]
2024-02-26 18:33:22.315 [info] > git rev-parse --show-toplevel [15ms]
2024-02-26 18:33:22.315 [info] No remotes found in the git config file.
2024-02-26 18:33:22.315 [info] > git for-each-ref --format=%(refname)%00%(upstream:short)%00%(objectname)%00%(upstream:track)%00%(upstream:remotename)%00%(upstream:remoteref) refs/heads/master refs/remotes/master [15ms]
2024-02-26 18:33:22.315 [warning] No such branch: master.
2024-02-26 18:33:22.315 [info] > git config --get commit.template [29ms]
2024-02-26 18:33:22.315 [info] > git rev-parse --show-toplevel [36ms]
2024-02-26 18:33:22.315 [info] No remotes found in the git config file.
2024-02-26 18:33:22.315 [info] > git for-each-ref --format=%(refname)%00%(upstream:short)%00%(objectname)%00%(upstream:track)%00%(upstream:remotename)%00%(upstream:remoteref) refs/heads/master refs/remotes/master [28ms]
2024-02-26 18:33:22.315 [warning] No such branch: master.
2024-02-26 18:33:22.315 [info] > git rev-parse --show-toplevel [5ms]
2024-02-26 18:33:22.315 [info] > git config --get commit.template [21ms]
2024-02-26 18:33:22.315 [info] No remotes found in the git config file.
2024-02-26 18:33:22.315 [info] > git for-each-ref --format=%(refname)%00%(upstream:short)%00%(objectname)%00%(upstream:track)%00%(upstream:remotename)%00%(upstream:remoteref) refs/heads/master refs/remotes/master [16ms]
2024-02-26 18:33:22.315 [warning] No such branch: master.
2024-02-26 18:33:22.315 [info] > git rev-parse --show-toplevel [18ms]
2024-02-26 18:33:22.315 [info] > git rev-parse --show-toplevel [3ms]
2024-02-26 18:33:22.419 [info] > git status -z -uall [190ms] (cancelled)
2024-02-26 18:33:22.606 [info] > git show --textconv :venvs/karios/app.py [16ms]
2024-02-26 18:33:22.621 [info] > git ls-files --stage -- /root/venvs/karios/app.py [15ms]
2024-02-26 18:33:22.913 [info] > git check-ignore -v -z --stdin [9ms]
2024-02-26 18:33:23.539 [info] > git ls-files --stage -- /root/venvs/karios/app.py [10ms]
2024-02-26 18:33:23.571 [info] > git show --textconv :venvs/karios/app.py [8ms]
2024-02-26 18:53:56.538 [info] > git check-ignore -v -z --stdin [12ms]
2024-02-26 18:54:20.659 [info] > git show --textconv :.vscode-server/data/User/globalStorage/cweijan.vscode-mysql-client2/1708940524799@@orion.mokpo.ac.kr@8312@client_information/client_information.sql [14ms]
2024-02-26 18:54:20.664 [info] > git ls-files --stage -- /root/.vscode-server/data/User/globalStorage/cweijan.vscode-mysql-client2/1708940524799@@orion.mokpo.ac.kr@8312@client_information/client_information.sql [5ms]
2024-02-26 18:54:20.848 [info] > git check-ignore -v -z --stdin [8ms]
2024-02-26 18:54:58.630 [info] > git ls-files --stage -- /root/.vscode-server/data/User/globalStorage/cweijan.vscode-mysql-client2/1708940524799@@orion.mokpo.ac.kr@8312@client_information/client_information.sql [6ms]
2024-02-26 18:54:58.660 [info] > git show --textconv :.vscode-server/data/User/globalStorage/cweijan.vscode-mysql-client2/1708940524799@@orion.mokpo.ac.kr@8312@client_information/client_information.sql [6ms]
2024-02-26 18:58:51.709 [info] > git ls-files --stage -- /root/.vscode-server/data/User/globalStorage/cweijan.vscode-mysql-client2/1708940524799@@orion.mokpo.ac.kr@8312@client_information/client_information.sql [5ms]
2024-02-26 18:58:51.733 [info] > git show --textconv :.vscode-server/data/User/globalStorage/cweijan.vscode-mysql-client2/1708940524799@@orion.mokpo.ac.kr@8312@client_information/client_information.sql [6ms]
2024-02-26 18:59:41.545 [info] > git check-ignore -v -z --stdin [18ms]
2024-02-26 19:00:07.716 [info] > git check-ignore -v -z --stdin [9ms]
2024-02-26 19:00:42.216 [info] > git check-ignore -v -z --stdin [7ms]
2024-02-26 19:00:42.770 [info] > git check-ignore -v -z --stdin [7ms]
2024-02-26 19:00:48.918 [info] > git show --textconv :venvs/karios/test2.py [12ms]
2024-02-26 19:00:48.923 [info] > git ls-files --stage -- /root/venvs/karios/test2.py [6ms]
2024-02-26 19:02:38.296 [info] > git check-ignore -v -z --stdin [9ms]
2024-02-26 19:03:30.864 [info] > git ls-files --stage -- /root/venvs/karios/test2.py [10ms]
2024-02-26 19:03:30.899 [info] > git show --textconv :venvs/karios/test2.py [8ms]
2024-02-26 19:03:41.412 [info] > git show --textconv :venvs/karios/test1.py [14ms]
2024-02-26 19:03:41.416 [info] > git ls-files --stage -- /root/venvs/karios/test1.py [5ms]
2024-02-26 19:05:11.847 [info] > git ls-files --stage -- /root/venvs/karios/test1.py [10ms]
2024-02-26 19:05:11.877 [info] > git show --textconv :venvs/karios/test1.py [6ms]
2024-02-26 19:08:04.624 [info] > git show --textconv :.vscode-server/data/User/globalStorage/cweijan.vscode-mysql-client2/1708940524799@@orion.mokpo.ac.kr@8312@client_information/client_information.sql [15ms]
2024-02-26 19:08:04.629 [info] > git ls-files --stage -- /root/.vscode-server/data/User/globalStorage/cweijan.vscode-mysql-client2/1708940524799@@orion.mokpo.ac.kr@8312@client_information/client_information.sql [6ms]
2024-02-26 19:08:10.103 [info] > git show --textconv :venvs/karios/test2.py [16ms]
2024-02-26 19:08:10.109 [info] > git ls-files --stage -- /root/venvs/karios/test2.py [7ms]
2024-02-26 19:08:10.606 [info] > git show --textconv :venvs/karios/test1.py [14ms]
2024-02-26 19:08:10.610 [info] > git ls-files --stage -- /root/venvs/karios/test1.py [4ms]
2024-02-26 19:11:24.052 [info] > git ls-files --stage -- /root/venvs/karios/test1.py [6ms]
2024-02-26 19:11:24.087 [info] > git show --textconv :venvs/karios/test1.py [9ms]
2024-02-26 19:11:31.910 [info] > git show --textconv :.vscode-server/data/User/globalStorage/cweijan.vscode-mysql-client2/1708940524799@@orion.mokpo.ac.kr@8312@client_information/client_information.sql [13ms]
2024-02-26 19:11:31.918 [info] > git ls-files --stage -- /root/.vscode-server/data/User/globalStorage/cweijan.vscode-mysql-client2/1708940524799@@orion.mokpo.ac.kr@8312@client_information/client_information.sql [9ms]
2024-02-26 19:11:37.639 [info] > git show --textconv :.vscode-server/data/User/globalStorage/cweijan.vscode-mysql-client2/1708940524799@@orion.mokpo.ac.kr@8312@client_information/history.sql [14ms]
2024-02-26 19:11:37.643 [info] > git ls-files --stage -- /root/.vscode-server/data/User/globalStorage/cweijan.vscode-mysql-client2/1708940524799@@orion.mokpo.ac.kr@8312@client_information/history.sql [5ms]
2024-02-26 19:11:38.940 [info] > git show --textconv :.vscode-server/data/User/globalStorage/cweijan.vscode-mysql-client2/1708940524799@@orion.mokpo.ac.kr@8312@client_information/client_information.sql [12ms]
2024-02-26 19:11:38.947 [info] > git ls-files --stage -- /root/.vscode-server/data/User/globalStorage/cweijan.vscode-mysql-client2/1708940524799@@orion.mokpo.ac.kr@8312@client_information/client_information.sql [7ms]
2024-02-26 19:11:49.963 [info] > git check-ignore -v -z --stdin [6ms]
2024-02-26 19:11:52.799 [info] > git check-ignore -v -z --stdin [7ms]
2024-02-26 19:13:02.304 [info] > git ls-files --stage -- /root/.vscode-server/data/User/globalStorage/cweijan.vscode-mysql-client2/1708940524799@@orion.mokpo.ac.kr@8312@client_information/client_information.sql [8ms]
2024-02-26 19:13:02.336 [info] > git show --textconv :.vscode-server/data/User/globalStorage/cweijan.vscode-mysql-client2/1708940524799@@orion.mokpo.ac.kr@8312@client_information/client_information.sql [8ms]
2024-02-26 19:13:16.692 [info] > git show --textconv :venvs/karios/test2.py [20ms]
2024-02-26 19:13:16.695 [info] > git ls-files --stage -- /root/venvs/karios/test2.py [6ms]
2024-02-26 19:26:20.103 [info] > git show --textconv :venvs/karios/pyvenv.cfg [20ms]
2024-02-26 19:26:20.106 [info] > git ls-files --stage -- /root/venvs/karios/pyvenv.cfg [4ms]
2024-02-26 19:26:22.428 [info] > git show --textconv :venvs/karios/test1.py [15ms]
2024-02-26 19:26:22.433 [info] > git ls-files --stage -- /root/venvs/karios/test1.py [6ms]
2024-02-26 19:38:52.910 [info] > git show --textconv :venvs/karios/test2.py [14ms]
2024-02-26 19:38:52.918 [info] > git ls-files --stage -- /root/venvs/karios/test2.py [9ms]
2024-02-26 19:38:57.795 [info] > git show --textconv :venvs/karios/test1.py [14ms]
2024-02-26 19:38:57.800 [info] > git ls-files --stage -- /root/venvs/karios/test1.py [6ms]
2024-02-26 19:39:03.676 [info] > git show --textconv :venvs/karios/test2.py [13ms]
2024-02-26 19:39:03.683 [info] > git ls-files --stage -- /root/venvs/karios/test2.py [7ms]
2024-02-26 19:39:11.792 [info] > git show --textconv :venvs/karios/test1.py [13ms]
2024-02-26 19:39:11.799 [info] > git ls-files --stage -- /root/venvs/karios/test1.py [8ms]
2024-02-26 19:40:44.287 [info] > git show --textconv :venvs/karios/test1.py [15ms]
2024-02-26 19:40:44.295 [info] > git ls-files --stage -- /root/venvs/karios/test1.py [8ms]
2024-02-26 19:49:34.995 [info] > git show --textconv :venvs/karios/test2.py [13ms]
2024-02-26 19:49:35.002 [info] > git ls-files --stage -- /root/venvs/karios/test2.py [8ms]
2024-02-26 19:50:01.418 [info] > git show --textconv :venvs/karios/test1.py [14ms]
2024-02-26 19:50:01.424 [info] > git ls-files --stage -- /root/venvs/karios/test1.py [6ms]
2024-02-26 19:51:46.668 [info] > git show --textconv :venvs/karios/test2.py [13ms]
2024-02-26 19:51:46.676 [info] > git ls-files --stage -- /root/venvs/karios/test2.py [9ms]
2024-02-26 19:52:48.734 [info] > git show --textconv :venvs/karios/test1.py [12ms]
2024-02-26 19:52:48.739 [info] > git ls-files --stage -- /root/venvs/karios/test1.py [6ms]
2024-02-26 19:53:07.172 [info] > git check-ignore -v -z --stdin [8ms]
2024-02-26 19:59:19.984 [info] > git show --textconv :venvs/karios/DBtest.py [13ms]
2024-02-26 19:59:19.989 [info] > git ls-files --stage -- /root/venvs/karios/DBtest.py [6ms]
2024-02-26 20:00:32.160 [info] > git show --textconv :venvs/karios/test2.py [14ms]
2024-02-26 20:00:32.167 [info] > git ls-files --stage -- /root/venvs/karios/test2.py [8ms]
2024-02-26 20:22:56.153 [info] > git show --textconv :venvs/karios/test1.py [13ms]
2024-02-26 20:22:56.158 [info] > git ls-files --stage -- /root/venvs/karios/test1.py [5ms]
2024-02-26 20:22:57.625 [info] > git show --textconv :venvs/karios/test2.py [13ms]
2024-02-26 20:22:57.632 [info] > git ls-files --stage -- /root/venvs/karios/test2.py [7ms]
2024-02-26 20:22:58.154 [info] > git show --textconv :venvs/karios/test1.py [13ms]
2024-02-26 20:22:58.162 [info] > git ls-files --stage -- /root/venvs/karios/test1.py [9ms]
2024-02-26 20:23:09.512 [info] > git show --textconv :venvs/karios/test2.py [13ms]
2024-02-26 20:23:09.517 [info] > git ls-files --stage -- /root/venvs/karios/test2.py [6ms]
2024-02-26 20:33:33.930 [info] > git show --textconv :venvs/karios/test1.py [16ms]
2024-02-26 20:33:33.936 [info] > git ls-files --stage -- /root/venvs/karios/test1.py [7ms]
2024-02-26 20:44:04.884 [info] > git show --textconv :venvs/karios/test2.py [14ms]
2024-02-26 20:44:04.890 [info] > git ls-files --stage -- /root/venvs/karios/test2.py [8ms]
2024-02-26 20:45:08.950 [info] > git show --textconv :venvs/karios/test1.py [14ms]
2024-02-26 20:45:08.953 [info] > git ls-files --stage -- /root/venvs/karios/test1.py [4ms]
2024-02-26 20:46:15.908 [info] > git ls-files --stage -- /root/venvs/karios/test1.py [8ms]
2024-02-26 20:46:15.944 [info] > git show --textconv :venvs/karios/test1.py [9ms]
2024-02-26 20:46:20.380 [info] > git show --textconv :venvs/karios/test2.py [17ms]
2024-02-26 20:46:20.385 [info] > git ls-files --stage -- /root/venvs/karios/test2.py [6ms]
2024-02-26 20:46:35.844 [info] > git show --textconv :venvs/karios/test1.py [13ms]
2024-02-26 20:46:35.851 [info] > git ls-files --stage -- /root/venvs/karios/test1.py [8ms]
2024-02-26 20:46:42.283 [info] > git show --textconv :venvs/karios/test2.py [13ms]
2024-02-26 20:46:42.287 [info] > git ls-files --stage -- /root/venvs/karios/test2.py [5ms]
2024-02-26 20:46:59.455 [info] > git show --textconv :venvs/karios/test1.py [11ms]
2024-02-26 20:46:59.459 [info] > git ls-files --stage -- /root/venvs/karios/test1.py [5ms]
2024-02-26 20:47:04.367 [info] > git show --textconv :venvs/karios/test2.py [12ms]
2024-02-26 20:47:04.375 [info] > git ls-files --stage -- /root/venvs/karios/test2.py [8ms]
2024-02-26 20:49:38.497 [info] > git show --textconv :venvs/karios/test1.py [13ms]
2024-02-26 20:49:38.503 [info] > git ls-files --stage -- /root/venvs/karios/test1.py [7ms]
2024-02-26 20:49:49.186 [info] > git show --textconv :venvs/karios/DBtest.py [14ms]
2024-02-26 20:49:49.194 [info] > git ls-files --stage -- /root/venvs/karios/DBtest.py [9ms]
2024-02-26 20:49:51.551 [info] > git show --textconv :venvs/karios/test2.py [14ms]
2024-02-26 20:49:51.554 [info] > git ls-files --stage -- /root/venvs/karios/test2.py [4ms]
2024-02-26 20:51:15.820 [info] > git show --textconv :venvs/karios/test1.py [14ms]
2024-02-26 20:51:15.827 [info] > git ls-files --stage -- /root/venvs/karios/test1.py [8ms]
2024-02-26 20:51:34.647 [info] > git show --textconv :venvs/karios/test2.py [14ms]
2024-02-26 20:51:34.655 [info] > git ls-files --stage -- /root/venvs/karios/test2.py [9ms]
2024-02-26 20:51:39.011 [info] > git show --textconv :venvs/karios/test1.py [13ms]
2024-02-26 20:51:39.016 [info] > git ls-files --stage -- /root/venvs/karios/test1.py [6ms]
2024-02-26 20:52:12.827 [info] > git show --textconv :venvs/karios/test2.py [12ms]
2024-02-26 20:52:12.830 [info] > git ls-files --stage -- /root/venvs/karios/test2.py [4ms]
2024-02-26 20:52:14.700 [info] > git show --textconv :venvs/karios/test1.py [14ms]
2024-02-26 20:52:14.707 [info] > git ls-files --stage -- /root/venvs/karios/test1.py [8ms]
2024-02-26 20:53:29.484 [info] > git check-ignore -v -z --stdin [8ms]
2024-02-26 20:53:30.794 [info] > git show --textconv :venvs/karios/templates/calendar.html [15ms]
2024-02-26 20:53:30.799 [info] > git ls-files --stage -- /root/venvs/karios/templates/calendar.html [6ms]
2024-02-26 20:56:31.438 [info] > git ls-files --stage -- /root/venvs/karios/templates/calendar.html [8ms]
2024-02-26 20:56:31.471 [info] > git show --textconv :venvs/karios/templates/calendar.html [7ms]
2024-02-26 21:06:59.063 [info] > git ls-files --stage -- /root/venvs/karios/templates/calendar.html [8ms]
2024-02-26 21:06:59.128 [info] > git show --textconv :venvs/karios/templates/calendar.html [8ms]
2024-02-26 21:07:04.254 [info] > git show --textconv :venvs/karios/test1.py [14ms]
2024-02-26 21:07:04.261 [info] > git ls-files --stage -- /root/venvs/karios/test1.py [8ms]
2024-02-26 21:09:03.443 [info] > git show --textconv :venvs/karios/templates/calendar.html [13ms]
2024-02-26 21:09:03.448 [info] > git ls-files --stage -- /root/venvs/karios/templates/calendar.html [6ms]
2024-02-26 21:09:52.263 [info] > git show --textconv :venvs/karios/test2.py [13ms]
2024-02-26 21:09:52.269 [info] > git ls-files --stage -- /root/venvs/karios/test2.py [7ms]
2024-02-26 21:09:52.986 [info] > git show --textconv :venvs/karios/test1.py [16ms]
2024-02-26 21:09:52.992 [info] > git ls-files --stage -- /root/venvs/karios/test1.py [7ms]
2024-02-26 21:13:19.476 [info] > git ls-files --stage -- /root/venvs/karios/test1.py [8ms]
2024-02-26 21:13:19.510 [info] > git show --textconv :venvs/karios/test1.py [5ms]
2024-02-26 21:13:25.126 [info] > git show --textconv :venvs/karios/templates/calendar.html [15ms]
2024-02-26 21:13:25.132 [info] > git ls-files --stage -- /root/venvs/karios/templates/calendar.html [7ms]
2024-02-26 21:14:36.259 [info] > git show --textconv :venvs/karios/test1.py [14ms]
2024-02-26 21:14:36.263 [info] > git ls-files --stage -- /root/venvs/karios/test1.py [5ms]
2024-02-26 21:15:11.948 [info] > git show --textconv :venvs/karios/templates/calendar.html [15ms]
2024-02-26 21:15:11.955 [info] > git ls-files --stage -- /root/venvs/karios/templates/calendar.html [8ms]
2024-02-26 21:17:15.352 [info] > git show --textconv :venvs/karios/templates/calendat2.html [15ms]
2024-02-26 21:17:15.359 [info] > git ls-files --stage -- /root/venvs/karios/templates/calendat2.html [9ms]
2024-02-26 21:17:15.593 [info] > git check-ignore -v -z --stdin [8ms]
2024-02-26 21:17:16.516 [info] > git show --textconv :venvs/karios/templates/calendar.html [14ms]
2024-02-26 21:17:16.523 [info] > git ls-files --stage -- /root/venvs/karios/templates/calendar.html [8ms]
2024-02-26 21:17:22.184 [info] > git show --textconv :venvs/karios/templates/calendat2.html [13ms]
2024-02-26 21:17:22.191 [info] > git ls-files --stage -- /root/venvs/karios/templates/calendat2.html [8ms]
2024-02-26 21:20:05.652 [info] > git ls-files --stage -- /root/venvs/karios/templates/calendat2.html [7ms]
2024-02-26 21:20:05.683 [info] > git show --textconv :venvs/karios/templates/calendat2.html [7ms]
2024-02-26 21:20:17.892 [info] > git check-ignore -v -z --stdin [9ms]
2024-02-26 21:23:05.667 [info] > git ls-files --stage -- /root/venvs/karios/templates/calendat2.html [10ms]
2024-02-26 21:23:05.711 [info] > git show --textconv :venvs/karios/templates/calendat2.html [9ms]
2024-02-26 21:23:09.821 [info] > git show --textconv :venvs/karios/test1.py [18ms]
2024-02-26 21:23:09.827 [info] > git ls-files --stage -- /root/venvs/karios/test1.py [7ms]
2024-02-26 21:23:50.665 [info] > git show --textconv :venvs/karios/test2.py [16ms]
2024-02-26 21:23:50.668 [info] > git ls-files --stage -- /root/venvs/karios/test2.py [5ms]
2024-02-26 21:23:57.434 [info] > git show --textconv :venvs/karios/templates/calendat2.html [15ms]
2024-02-26 21:23:57.440 [info] > git ls-files --stage -- /root/venvs/karios/templates/calendat2.html [7ms]
2024-02-26 21:24:03.073 [info] > git show --textconv :venvs/karios/test1.py [16ms]
2024-02-26 21:24:03.079 [info] > git ls-files --stage -- /root/venvs/karios/test1.py [7ms]
2024-02-26 21:24:03.559 [info] > git show --textconv :venvs/karios/test2.py [17ms]
2024-02-26 21:24:03.565 [info] > git ls-files --stage -- /root/venvs/karios/test2.py [6ms]
2024-02-26 21:24:14.885 [info] > git show --textconv :venvs/karios/templates/calendat2.html [14ms]
2024-02-26 21:24:14.891 [info] > git ls-files --stage -- /root/venvs/karios/templates/calendat2.html [6ms]
2024-02-26 21:24:22.394 [info] > git show --textconv :venvs/karios/test2.py [14ms]
2024-02-26 21:24:22.400 [info] > git ls-files --stage -- /root/venvs/karios/test2.py [7ms]
2024-02-26 21:24:27.274 [info] > git show --textconv :venvs/karios/templates/calendat2.html [14ms]
2024-02-26 21:24:27.280 [info] > git ls-files --stage -- /root/venvs/karios/templates/calendat2.html [7ms]
2024-02-26 21:24:41.015 [info] > git show --textconv :venvs/karios/test2.py [15ms]
2024-02-26 21:24:41.019 [info] > git ls-files --stage -- /root/venvs/karios/test2.py [5ms]
2024-02-26 21:25:14.570 [info] > git show --textconv :venvs/karios/templates/calendat2.html [16ms]
2024-02-26 21:25:14.574 [info] > git ls-files --stage -- /root/venvs/karios/templates/calendat2.html [5ms]
2024-02-26 21:26:01.162 [info] > git check-ignore -v -z --stdin [9ms]
2024-02-26 21:26:08.135 [info] > git check-ignore -v -z --stdin [9ms]
2024-02-26 21:27:43.073 [info] > git show --textconv :venvs/karios/test2.py [15ms]
2024-02-26 21:27:43.080 [info] > git ls-files --stage -- /root/venvs/karios/test2.py [8ms]
2024-02-26 21:28:28.608 [info] > git show --textconv :venvs/karios/templates/calendat2.html [17ms]
2024-02-26 21:28:28.615 [info] > git ls-files --stage -- /root/venvs/karios/templates/calendat2.html [8ms]
2024-02-26 21:31:04.017 [info] > git show --textconv :venvs/karios/test2.py [18ms]
2024-02-26 21:31:04.022 [info] > git ls-files --stage -- /root/venvs/karios/test2.py [6ms]
2024-02-26 21:31:21.241 [info] > git show --textconv :venvs/karios/templates/calendat2.html [14ms]
2024-02-26 21:31:21.246 [info] > git ls-files --stage -- /root/venvs/karios/templates/calendat2.html [6ms]
2024-02-26 21:31:41.960 [info] > git show --textconv :venvs/karios/templates/calendar.html [13ms]
2024-02-26 21:31:41.964 [info] > git ls-files --stage -- /root/venvs/karios/templates/calendar.html [6ms]
2024-02-26 21:32:29.211 [info] > git show --textconv :venvs/karios/templates/calendat2.html [14ms]
2024-02-26 21:32:29.217 [info] > git ls-files --stage -- /root/venvs/karios/templates/calendat2.html [7ms]
2024-02-26 21:32:33.413 [info] > git show --textconv :venvs/karios/templates/calendar999.html [15ms]
2024-02-26 21:32:33.419 [info] > git ls-files --stage -- /root/venvs/karios/templates/calendar999.html [7ms]
2024-02-26 21:32:34.412 [info] > git show --textconv :venvs/karios/templates/calendar.html [15ms]
2024-02-26 21:32:34.419 [info] > git ls-files --stage -- /root/venvs/karios/templates/calendar.html [8ms]
2024-02-26 22:01:19.259 [info] > git show --textconv :venvs/karios/templates/calendar999.html [15ms]
2024-02-26 22:01:19.263 [info] > git ls-files --stage -- /root/venvs/karios/templates/calendar999.html [6ms]
2024-02-26 22:01:20.605 [info] > git show --textconv :venvs/karios/templates/calendar.html [13ms]
2024-02-26 22:01:20.611 [info] > git ls-files --stage -- /root/venvs/karios/templates/calendar.html [7ms]
2024-02-26 22:01:47.436 [info] > git show --textconv :venvs/karios/templates/calendat2.html [15ms]
2024-02-26 22:01:47.443 [info] > git ls-files --stage -- /root/venvs/karios/templates/calendat2.html [8ms]
2024-02-26 22:02:00.172 [info] > git show --textconv :venvs/karios/templates/calendar.html [14ms]
2024-02-26 22:02:00.178 [info] > git ls-files --stage -- /root/venvs/karios/templates/calendar.html [6ms]
2024-02-26 22:02:05.121 [info] > git show --textconv :venvs/karios/templates/calendat2.html [17ms]
2024-02-26 22:02:05.126 [info] > git ls-files --stage -- /root/venvs/karios/templates/calendat2.html [6ms]
2024-02-26 22:04:44.779 [info] > git show --textconv :venvs/karios/test1.py [14ms]
2024-02-26 22:04:44.786 [info] > git ls-files --stage -- /root/venvs/karios/test1.py [8ms]
2024-02-26 22:04:50.812 [info] > git show --textconv :venvs/karios/test2.py [15ms]
2024-02-26 22:04:50.819 [info] > git ls-files --stage -- /root/venvs/karios/test2.py [8ms]
2024-02-26 22:05:12.025 [info] > git show --textconv :venvs/karios/test_doeun.py [15ms]
2024-02-26 22:05:12.030 [info] > git ls-files --stage -- /root/venvs/karios/test_doeun.py [6ms]
2024-02-26 22:05:12.276 [info] > git check-ignore -v -z --stdin [6ms]
2024-02-26 22:05:13.703 [info] > git check-ignore -v -z --stdin [8ms]
2024-02-26 22:05:24.351 [info] > git check-ignore -v -z --stdin [7ms]
2024-02-26 22:05:24.389 [info] > git show --textconv :venvs/karios/test1.py [17ms]
2024-02-26 22:05:24.394 [info] > git ls-files --stage -- /root/venvs/karios/test1.py [6ms]
2024-02-26 22:05:24.972 [info] > git show --textconv :venvs/karios/test_doeun.py [17ms]
2024-02-26 22:05:24.975 [info] > git ls-files --stage -- /root/venvs/karios/test_doeun.py [5ms]
2024-02-26 22:08:52.054 [info] > git show --textconv :venvs/karios/DBtest.py [16ms]
2024-02-26 22:08:52.060 [info] > git ls-files --stage -- /root/venvs/karios/DBtest.py [8ms]
2024-02-26 22:08:54.700 [info] > git show --textconv :venvs/karios/test_doeun.py [17ms]
2024-02-26 22:08:54.708 [info] > git ls-files --stage -- /root/venvs/karios/test_doeun.py [9ms]
2024-02-26 22:08:55.507 [info] > git show --textconv :venvs/karios/test_M1.py [16ms]
2024-02-26 22:08:55.513 [info] > git ls-files --stage -- /root/venvs/karios/test_M1.py [7ms]
2024-02-26 22:09:01.005 [info] > git show --textconv :venvs/karios/app.py [17ms]
2024-02-26 22:09:01.012 [info] > git ls-files --stage -- /root/venvs/karios/app.py [8ms]
2024-02-26 22:09:02.515 [info] > git show --textconv :venvs/karios/DBtest.py [15ms]
2024-02-26 22:09:02.523 [info] > git ls-files --stage -- /root/venvs/karios/DBtest.py [8ms]
2024-02-26 22:09:03.052 [info] > git show --textconv :venvs/karios/pyvenv.cfg [16ms]
2024-02-26 22:09:03.059 [info] > git ls-files --stage -- /root/venvs/karios/pyvenv.cfg [9ms]
2024-02-26 22:09:03.436 [info] > git show --textconv :venvs/karios/test_doeun.py [16ms]
2024-02-26 22:09:03.443 [info] > git ls-files --stage -- /root/venvs/karios/test_doeun.py [8ms]
2024-02-26 22:09:11.188 [info] > git show --textconv :venvs/karios/test2.py [19ms]
2024-02-26 22:09:11.192 [info] > git ls-files --stage -- /root/venvs/karios/test2.py [5ms]
2024-02-26 22:09:18.621 [info] > git ls-files --stage -- /root/venvs/karios/test2.py [6ms]
2024-02-26 22:09:18.650 [info] > git show --textconv :venvs/karios/test2.py [5ms]
2024-02-26 22:10:17.087 [info] > git show --textconv :venvs/karios/DBtest.py [16ms]
2024-02-26 22:10:17.093 [info] > git ls-files --stage -- /root/venvs/karios/DBtest.py [7ms]
2024-02-26 22:10:25.110 [info] > git show --textconv :venvs/karios/templates/calendar.html [15ms]
2024-02-26 22:10:25.115 [info] > git ls-files --stage -- /root/venvs/karios/templates/calendar.html [6ms]
2024-02-26 22:10:25.734 [info] > git show --textconv :venvs/karios/DBtest.py [14ms]
2024-02-26 22:10:25.741 [info] > git ls-files --stage -- /root/venvs/karios/DBtest.py [8ms]
2024-02-26 22:10:44.060 [info] > git show --textconv :venvs/karios/test2.py [15ms]
2024-02-26 22:10:44.064 [info] > git ls-files --stage -- /root/venvs/karios/test2.py [5ms]
2024-02-26 22:11:45.393 [info] > git show --textconv :venvs/karios/DBtest.py [15ms]
2024-02-26 22:11:45.400 [info] > git ls-files --stage -- /root/venvs/karios/DBtest.py [8ms]
2024-02-26 22:12:19.162 [info] > git ls-files --stage -- /root/venvs/karios/DBtest.py [7ms]
2024-02-26 22:12:19.195 [info] > git show --textconv :venvs/karios/DBtest.py [8ms]
2024-02-26 22:12:30.867 [info] > git check-ignore -v -z --stdin [6ms]
2024-02-26 22:12:49.088 [info] > git show --textconv :venvs/karios/DBtest.py [15ms]
2024-02-26 22:12:49.095 [info] > git ls-files --stage -- /root/venvs/karios/DBtest.py [7ms]
2024-02-26 22:15:28.699 [info] > git show --textconv :venvs/karios/templates/calendar999.html [16ms]
2024-02-26 22:15:28.704 [info] > git ls-files --stage -- /root/venvs/karios/templates/calendar999.html [5ms]
2024-02-26 22:15:28.977 [info] > git show --textconv :venvs/karios/templates/calendar.html [15ms]
2024-02-26 22:15:28.984 [info] > git ls-files --stage -- /root/venvs/karios/templates/calendar.html [8ms]
2024-02-26 22:15:31.850 [info] > git show --textconv :venvs/karios/test_M1.py [15ms]
2024-02-26 22:15:31.854 [info] > git ls-files --stage -- /root/venvs/karios/test_M1.py [5ms]
2024-02-26 22:15:33.058 [info] > git show --textconv :venvs/karios/DBtest.py [18ms]
2024-02-26 22:15:33.067 [info] > git ls-files --stage -- /root/venvs/karios/DBtest.py [10ms]
2024-02-26 22:15:37.286 [info] > git show --textconv :venvs/karios/test2.py [18ms]
2024-02-26 22:15:37.292 [info] > git ls-files --stage -- /root/venvs/karios/test2.py [7ms]
2024-02-26 22:15:47.339 [info] > git show --textconv :venvs/karios/doeun_test.py [17ms]
2024-02-26 22:15:47.343 [info] > git ls-files --stage -- /root/venvs/karios/doeun_test.py [6ms]
2024-02-26 22:15:47.594 [info] > git check-ignore -v -z --stdin [5ms]
2024-02-26 22:16:40.592 [info] > git show --textconv :venvs/karios/DBtest.py [15ms]
2024-02-26 22:16:40.597 [info] > git ls-files --stage -- /root/venvs/karios/DBtest.py [6ms]
2024-02-26 22:16:46.856 [info] > git show --textconv :venvs/karios/doeun_test.py [13ms]
2024-02-26 22:16:46.863 [info] > git ls-files --stage -- /root/venvs/karios/doeun_test.py [7ms]
2024-02-26 22:20:27.794 [info] > git show --textconv :venvs/karios/DBtest.py [15ms]
2024-02-26 22:20:27.800 [info] > git ls-files --stage -- /root/venvs/karios/DBtest.py [7ms]
2024-02-26 22:20:40.981 [info] > git show --textconv :venvs/karios/templates/calendar.html [14ms]
2024-02-26 22:20:40.986 [info] > git ls-files --stage -- /root/venvs/karios/templates/calendar.html [6ms]
2024-02-26 22:20:52.052 [info] > git show --textconv :venvs/karios/templates/calendar999.html [14ms]
2024-02-26 22:20:52.057 [info] > git ls-files --stage -- /root/venvs/karios/templates/calendar999.html [6ms]
2024-02-26 22:20:52.975 [info] > git show --textconv :venvs/karios/templates/calendat2.html [15ms]
2024-02-26 22:20:52.983 [info] > git ls-files --stage -- /root/venvs/karios/templates/calendat2.html [9ms]
2024-02-26 22:24:07.559 [info] > git show --textconv :venvs/karios/templates/calendar.html [15ms]
2024-02-26 22:24:07.565 [info] > git ls-files --stage -- /root/venvs/karios/templates/calendar.html [6ms]
2024-02-26 22:26:05.120 [info] > git show --textconv :venvs/karios/app.py [16ms]
2024-02-26 22:26:05.126 [info] > git ls-files --stage -- /root/venvs/karios/app.py [7ms]
2024-02-26 22:29:08.911 [info] > git show --textconv :venvs/karios/templates/calendar999.html [14ms]
2024-02-26 22:29:08.919 [info] > git ls-files --stage -- /root/venvs/karios/templates/calendar999.html [9ms]
2024-02-26 22:31:44.334 [info] > git show --textconv :venvs/karios/test_M1.py [16ms]
2024-02-26 22:31:44.339 [info] > git ls-files --stage -- /root/venvs/karios/test_M1.py [5ms]
2024-02-26 22:31:47.785 [info] > git show --textconv :venvs/karios/app.py [16ms]
2024-02-26 22:31:47.791 [info] > git ls-files --stage -- /root/venvs/karios/app.py [5ms]
2024-02-26 22:32:27.706 [info] > git show --textconv :venvs/karios/test_M1.py [16ms]
2024-02-26 22:32:27.712 [info] > git ls-files --stage -- /root/venvs/karios/test_M1.py [7ms]
2024-02-26 22:32:51.248 [info] > git show --textconv :venvs/karios/templates/calendar999.html [17ms]
2024-02-26 22:32:51.256 [info] > git ls-files --stage -- /root/venvs/karios/templates/calendar999.html [9ms]
2024-02-26 22:34:43.049 [info] > git show --textconv :venvs/karios/templates/calendat2.html [15ms]
2024-02-26 22:34:43.053 [info] > git ls-files --stage -- /root/venvs/karios/templates/calendat2.html [5ms]
2024-02-26 22:35:22.536 [info] > git show --textconv :venvs/karios/app.py [14ms]
2024-02-26 22:35:22.543 [info] > git ls-files --stage -- /root/venvs/karios/app.py [8ms]
2024-02-26 22:35:49.171 [info] > git show --textconv :venvs/karios/templates/calendar999.html [16ms]
2024-02-26 22:35:49.179 [info] > git ls-files --stage -- /root/venvs/karios/templates/calendar999.html [8ms]
2024-02-26 22:36:14.667 [info] > git show --textconv :venvs/karios/app.py [14ms]
2024-02-26 22:36:14.675 [info] > git ls-files --stage -- /root/venvs/karios/app.py [9ms]
2024-02-26 22:36:48.580 [info] > git show --textconv :venvs/karios/doeun_test.py [14ms]
2024-02-26 22:36:48.588 [info] > git ls-files --stage -- /root/venvs/karios/doeun_test.py [8ms]
2024-02-26 22:36:55.551 [info] > git show --textconv :venvs/karios/DBtest.py [15ms]
2024-02-26 22:36:55.557 [info] > git ls-files --stage -- /root/venvs/karios/DBtest.py [7ms]
2024-02-26 22:37:07.727 [info] > git show --textconv :venvs/karios/app.py [16ms]
2024-02-26 22:37:07.735 [info] > git ls-files --stage -- /root/venvs/karios/app.py [9ms]
2024-02-26 22:37:46.426 [info] > git show --textconv :venvs/karios/templates/calendar999.html [16ms]
2024-02-26 22:37:46.434 [info] > git ls-files --stage -- /root/venvs/karios/templates/calendar999.html [9ms]
2024-02-26 22:44:21.332 [info] > git show --textconv :venvs/karios/app.py [16ms]
2024-02-26 22:44:21.342 [info] > git ls-files --stage -- /root/venvs/karios/app.py [10ms]
2024-02-26 22:44:25.102 [info] > git show --textconv :venvs/karios/templates/calendar999.html [45ms]
2024-02-26 22:44:25.102 [info] > git show --textconv :venvs/karios/app.py [32ms]
2024-02-26 22:44:25.102 [info] > git ls-files --stage -- /root/venvs/karios/templates/calendar999.html [17ms]
2024-02-26 22:44:25.108 [info] > git ls-files --stage -- /root/venvs/karios/app.py [7ms]
2024-02-26 22:46:02.888 [info] > git ls-files --stage -- /root/venvs/karios/templates/calendar999.html [17ms]
2024-02-26 22:46:02.892 [info] > git ls-files --stage -- /root/venvs/karios/app.py [6ms]
2024-02-26 22:46:02.929 [info] > git show --textconv :venvs/karios/templates/calendar999.html [14ms]
2024-02-26 22:46:02.933 [info] > git show --textconv :venvs/karios/app.py [6ms]
2024-02-26 22:46:30.486 [info] > git show --textconv :venvs/karios/templates/calendar.html [16ms]
2024-02-26 22:46:30.490 [info] > git ls-files --stage -- /root/venvs/karios/templates/calendar.html [5ms]
2024-02-26 22:46:59.205 [info] > git show --textconv :venvs/karios/app.py [14ms]
2024-02-26 22:46:59.209 [info] > git ls-files --stage -- /root/venvs/karios/app.py [5ms]
2024-02-26 23:02:19.015 [info] > git ls-files --stage -- /root/venvs/karios/templates/calendar999.html [15ms]
2024-02-26 23:02:19.022 [info] > git ls-files --stage -- /root/venvs/karios/app.py [8ms]
2024-02-26 23:02:19.048 [info] > git show --textconv :venvs/karios/templates/calendar999.html [12ms]
2024-02-26 23:02:19.055 [info] > git show --textconv :venvs/karios/app.py [8ms]
2024-02-26 23:05:53.583 [info] > git ls-files --stage -- /root/venvs/karios/templates/calendar999.html [14ms]
2024-02-26 23:05:53.588 [info] > git ls-files --stage -- /root/venvs/karios/app.py [6ms]
2024-02-26 23:05:53.626 [info] > git show --textconv :venvs/karios/templates/calendar999.html [17ms]
2024-02-26 23:05:53.631 [info] > git show --textconv :venvs/karios/app.py [6ms]
2024-02-26 23:26:41.733 [info] > git ls-files --stage -- /root/venvs/karios/templates/calendar999.html [14ms]
2024-02-26 23:26:41.738 [info] > git ls-files --stage -- /root/venvs/karios/app.py [6ms]
2024-02-26 23:26:41.772 [info] > git show --textconv :venvs/karios/templates/calendar999.html [18ms]
2024-02-26 23:26:41.779 [info] > git show --textconv :venvs/karios/app.py [7ms]
2024-02-26 23:38:02.485 [info] > git show --textconv :venvs/karios/test_M1.py [15ms]
2024-02-26 23:38:02.490 [info] > git ls-files --stage -- /root/venvs/karios/test_M1.py [6ms]
2024-02-26 23:38:03.344 [info] > git show --textconv :venvs/karios/doeun_test.py [15ms]
2024-02-26 23:38:03.349 [info] > git ls-files --stage -- /root/venvs/karios/doeun_test.py [6ms]
2024-02-26 23:38:09.047 [info] > git show --textconv :venvs/karios/templates/calendar999.html [16ms]
2024-02-26 23:38:09.051 [info] > git ls-files --stage -- /root/venvs/karios/templates/calendar999.html [5ms]
2024-02-26 23:40:09.309 [info] > git show --textconv :venvs/karios/catagory.py [17ms]
2024-02-26 23:40:09.316 [info] > git ls-files --stage -- /root/venvs/karios/catagory.py [8ms]
2024-02-26 23:40:09.398 [info] > git check-ignore -v -z --stdin [8ms]
2024-02-26 23:40:34.647 [info] > git show --textconv :venvs/karios/category.py [16ms]
2024-02-26 23:40:34.652 [info] > git ls-files --stage -- /root/venvs/karios/category.py [6ms]
2024-02-26 23:40:34.909 [info] > git check-ignore -v -z --stdin [5ms]
2024-02-26 23:40:40.140 [info] > git show --textconv :venvs/karios/DBtest.py [15ms]
2024-02-26 23:40:40.149 [info] > git ls-files --stage -- /root/venvs/karios/DBtest.py [10ms]
2024-02-26 23:42:03.223 [info] > git check-ignore -v -z --stdin [5ms]
2024-02-26 23:42:13.108 [info] > git check-ignore -v -z --stdin [5ms]
2024-02-26 23:42:39.747 [info] > git check-ignore -v -z --stdin [5ms]
2024-02-26 23:47:15.011 [info] > git ls-files --stage -- /root/venvs/karios/DBtest.py [5ms]
2024-02-26 23:47:15.060 [info] > git show --textconv :venvs/karios/DBtest.py [6ms]
2024-02-26 23:50:55.487 [info] > git ls-files --stage -- /root/venvs/karios/DBtest.py [6ms]
2024-02-26 23:50:55.536 [info] > git show --textconv :venvs/karios/DBtest.py [8ms]
2024-02-26 23:52:21.055 [info] > git show --textconv :venvs/karios/category.py [18ms]
2024-02-26 23:52:21.059 [info] > git ls-files --stage -- /root/venvs/karios/category.py [5ms]
2024-02-26 23:58:10.719 [info] > git show --textconv :venvs/karios/doeun_test.py [15ms]
2024-02-26 23:58:10.725 [info] > git ls-files --stage -- /root/venvs/karios/doeun_test.py [6ms]
2024-02-26 23:59:06.313 [info] > git ls-files --stage -- /root/venvs/karios/doeun_test.py [8ms]
2024-02-26 23:59:06.344 [info] > git show --textconv :venvs/karios/doeun_test.py [7ms]
2024-02-27 00:02:15.666 [info] > git show --textconv :venvs/karios/category.py [15ms]
2024-02-27 00:02:15.675 [info] > git ls-files --stage -- /root/venvs/karios/category.py [10ms]
2024-02-27 00:03:04.568 [info] > git ls-files --stage -- /root/venvs/karios/category.py [8ms]
2024-02-27 00:03:04.599 [info] > git show --textconv :venvs/karios/category.py [7ms]
2024-02-27 00:06:16.825 [info] > git ls-files --stage -- /root/venvs/karios/category.py [6ms]
2024-02-27 00:06:16.862 [info] > git show --textconv :venvs/karios/category.py [7ms]
2024-02-27 00:06:45.062 [info] > git show --textconv :venvs/karios/doeun_test.py [16ms]
2024-02-27 00:06:45.070 [info] > git ls-files --stage -- /root/venvs/karios/doeun_test.py [9ms]
2024-02-27 00:09:05.351 [info] > git ls-files --stage -- /root/venvs/karios/doeun_test.py [9ms]
2024-02-27 00:09:05.384 [info] > git show --textconv :venvs/karios/doeun_test.py [7ms]
2024-02-27 00:09:06.126 [info] > git show --textconv :venvs/karios/DBtest.py [14ms]
2024-02-27 00:09:06.134 [info] > git ls-files --stage -- /root/venvs/karios/DBtest.py [9ms]
2024-02-27 00:09:12.113 [info] > git show --textconv :venvs/karios/doeun_test.py [47ms]
2024-02-27 00:09:12.113 [info] > git show --textconv :venvs/karios/DBtest.py [32ms]
2024-02-27 00:09:12.113 [info] > git ls-files --stage -- /root/venvs/karios/doeun_test.py [16ms]
2024-02-27 00:09:12.118 [info] > git ls-files --stage -- /root/venvs/karios/DBtest.py [6ms]
2024-02-27 00:09:20.334 [info] > git show --textconv :venvs/karios/category.py [20ms]
2024-02-27 00:09:20.338 [info] > git ls-files --stage -- /root/venvs/karios/category.py [4ms]
2024-02-27 00:12:05.808 [info] > git ls-files --stage -- /root/venvs/karios/doeun_test.py [15ms]
2024-02-27 00:12:05.815 [info] > git ls-files --stage -- /root/venvs/karios/category.py [9ms]
2024-02-27 00:12:05.853 [info] > git show --textconv :venvs/karios/doeun_test.py [22ms]
2024-02-27 00:12:05.857 [info] > git show --textconv :venvs/karios/category.py [5ms]
2024-02-27 00:14:25.496 [info] > git check-ignore -v -z --stdin [5ms]
2024-02-27 00:15:06.260 [info] > git ls-files --stage -- /root/venvs/karios/doeun_test.py [14ms]
2024-02-27 00:15:06.267 [info] > git ls-files --stage -- /root/venvs/karios/category.py [8ms]
2024-02-27 00:15:06.301 [info] > git show --textconv :venvs/karios/doeun_test.py [15ms]
2024-02-27 00:15:06.308 [info] > git show --textconv :venvs/karios/category.py [7ms]
2024-02-27 00:18:18.208 [info] > git ls-files --stage -- /root/venvs/karios/doeun_test.py [12ms]
2024-02-27 00:18:18.212 [info] > git ls-files --stage -- /root/venvs/karios/category.py [4ms]
2024-02-27 00:18:18.251 [info] > git show --textconv :venvs/karios/doeun_test.py [14ms]
2024-02-27 00:18:18.256 [info] > git show --textconv :venvs/karios/category.py [6ms]
2024-02-27 00:21:18.538 [info] > git ls-files --stage -- /root/venvs/karios/doeun_test.py [13ms]
2024-02-27 00:21:18.542 [info] > git ls-files --stage -- /root/venvs/karios/category.py [5ms]
2024-02-27 00:21:18.577 [info] > git show --textconv :venvs/karios/doeun_test.py [15ms]
2024-02-27 00:21:18.583 [info] > git show --textconv :venvs/karios/category.py [7ms]
2024-02-27 00:24:19.162 [info] > git ls-files --stage -- /root/venvs/karios/doeun_test.py [14ms]
2024-02-27 00:24:19.166 [info] > git ls-files --stage -- /root/venvs/karios/category.py [5ms]
2024-02-27 00:24:19.197 [info] > git show --textconv :venvs/karios/doeun_test.py [12ms]
2024-02-27 00:24:19.203 [info] > git show --textconv :venvs/karios/category.py [6ms]
2024-02-27 00:27:27.682 [info] > git ls-files --stage -- /root/venvs/karios/doeun_test.py [16ms]
2024-02-27 00:27:27.688 [info] > git ls-files --stage -- /root/venvs/karios/category.py [7ms]
2024-02-27 00:27:27.735 [info] > git show --textconv :venvs/karios/doeun_test.py [17ms]
2024-02-27 00:27:27.739 [info] > git show --textconv :venvs/karios/category.py [5ms]
2024-02-27 00:30:41.105 [info] > git ls-files --stage -- /root/venvs/karios/doeun_test.py [14ms]
2024-02-27 00:30:41.110 [info] > git ls-files --stage -- /root/venvs/karios/category.py [6ms]
2024-02-27 00:30:41.142 [info] > git show --textconv :venvs/karios/doeun_test.py [11ms]
2024-02-27 00:30:41.147 [info] > git show --textconv :venvs/karios/category.py [5ms]
2024-02-27 00:33:41.527 [info] > git ls-files --stage -- /root/venvs/karios/doeun_test.py [17ms]
2024-02-27 00:33:41.530 [info] > git ls-files --stage -- /root/venvs/karios/category.py [4ms]
2024-02-27 00:33:41.572 [info] > git show --textconv :venvs/karios/doeun_test.py [17ms]
2024-02-27 00:33:41.576 [info] > git show --textconv :venvs/karios/category.py [5ms]
2024-02-27 00:38:07.823 [info] > git ls-files --stage -- /root/venvs/karios/doeun_test.py [14ms]
2024-02-27 00:38:07.826 [info] > git ls-files --stage -- /root/venvs/karios/category.py [4ms]
2024-02-27 00:38:07.875 [info] > git show --textconv :venvs/karios/doeun_test.py [17ms]
2024-02-27 00:38:07.879 [info] > git show --textconv :venvs/karios/category.py [5ms]
2024-02-27 00:41:08.021 [info] > git ls-files --stage -- /root/venvs/karios/doeun_test.py [16ms]
2024-02-27 00:41:08.027 [info] > git ls-files --stage -- /root/venvs/karios/category.py [7ms]
2024-02-27 00:41:08.059 [info] > git show --textconv :venvs/karios/doeun_test.py [12ms]
2024-02-27 00:41:08.063 [info] > git show --textconv :venvs/karios/category.py [4ms]
2024-02-27 00:44:58.699 [info] > git ls-files --stage -- /root/venvs/karios/doeun_test.py [15ms]
2024-02-27 00:44:58.706 [info] > git ls-files --stage -- /root/venvs/karios/category.py [8ms]
2024-02-27 00:44:58.747 [info] > git show --textconv :venvs/karios/doeun_test.py [18ms]
2024-02-27 00:44:58.752 [info] > git show --textconv :venvs/karios/category.py [7ms]
2024-02-27 00:47:33.354 [info] > git ls-files --stage -- /root/venvs/karios/doeun_test.py [15ms]
2024-02-27 00:47:33.362 [info] > git ls-files --stage -- /root/venvs/karios/category.py [9ms]
2024-02-27 00:47:33.401 [info] > git show --textconv :venvs/karios/doeun_test.py [16ms]
2024-02-27 00:47:33.407 [info] > git show --textconv :venvs/karios/category.py [7ms]
2024-02-27 00:50:33.780 [info] > git ls-files --stage -- /root/venvs/karios/doeun_test.py [22ms]
2024-02-27 00:50:33.783 [info] > git ls-files --stage -- /root/venvs/karios/category.py [5ms]
2024-02-27 00:50:33.823 [info] > git show --textconv :venvs/karios/doeun_test.py [13ms]
2024-02-27 00:50:33.826 [info] > git show --textconv :venvs/karios/category.py [4ms]
2024-02-27 00:51:01.018 [info] > git check-ignore -v -z --stdin [7ms]
2024-02-27 00:56:13.472 [info] > git ls-files --stage -- /root/venvs/karios/doeun_test.py [15ms]
2024-02-27 00:56:13.478 [info] > git ls-files --stage -- /root/venvs/karios/category.py [6ms]
2024-02-27 00:56:13.503 [info] > git show --textconv :venvs/karios/doeun_test.py [8ms]
2024-02-27 00:56:13.530 [info] > git show --textconv :venvs/karios/category.py [7ms]
2024-02-27 00:57:02.505 [info] > git ls-files --stage -- /root/venvs/karios/doeun_test.py [19ms]
2024-02-27 00:57:02.509 [info] > git ls-files --stage -- /root/venvs/karios/category.py [6ms]
2024-02-27 00:57:02.548 [info] > git show --textconv :venvs/karios/doeun_test.py [17ms]
2024-02-27 00:57:02.555 [info] > git show --textconv :venvs/karios/category.py [7ms]
2024-02-27 01:00:08.099 [info] > git ls-files --stage -- /root/venvs/karios/doeun_test.py [14ms]
2024-02-27 01:00:08.102 [info] > git ls-files --stage -- /root/venvs/karios/category.py [4ms]
2024-02-27 01:00:08.134 [info] > git show --textconv :venvs/karios/doeun_test.py [16ms]
2024-02-27 01:00:08.138 [info] > git show --textconv :venvs/karios/category.py [4ms]
2024-02-27 01:03:16.584 [info] > git ls-files --stage -- /root/venvs/karios/doeun_test.py [15ms]
2024-02-27 01:03:16.588 [info] > git ls-files --stage -- /root/venvs/karios/category.py [5ms]
2024-02-27 01:03:16.626 [info] > git show --textconv :venvs/karios/doeun_test.py [13ms]
2024-02-27 01:03:16.634 [info] > git show --textconv :venvs/karios/category.py [9ms]
2024-02-27 01:03:27.100 [info] > git show --textconv :venvs/karios/DBtest.py [15ms]
2024-02-27 01:03:27.104 [info] > git ls-files --stage -- /root/venvs/karios/DBtest.py [5ms]
2024-02-27 01:03:29.465 [info] > git show --textconv :venvs/karios/doeun_test.py [15ms]
2024-02-27 01:03:29.473 [info] > git ls-files --stage -- /root/venvs/karios/doeun_test.py [8ms]
2024-02-27 01:03:38.584 [info] > git show --textconv :venvs/karios/doeun_test.py [15ms]
2024-02-27 01:03:38.592 [info] > git ls-files --stage -- /root/venvs/karios/doeun_test.py [9ms]
2024-02-27 01:06:08.904 [info] > git ls-files --stage -- /root/venvs/karios/category.py [17ms]
2024-02-27 01:06:08.909 [info] > git ls-files --stage -- /root/venvs/karios/doeun_test.py [6ms]
2024-02-27 01:06:08.946 [info] > git show --textconv :venvs/karios/category.py [16ms]
2024-02-27 01:06:08.954 [info] > git show --textconv :venvs/karios/doeun_test.py [9ms]
2024-02-27 01:09:09.306 [info] > git ls-files --stage -- /root/venvs/karios/category.py [13ms]
2024-02-27 01:09:09.310 [info] > git ls-files --stage -- /root/venvs/karios/doeun_test.py [5ms]
2024-02-27 01:09:09.342 [info] > git show --textconv :venvs/karios/category.py [15ms]
2024-02-27 01:09:09.348 [info] > git show --textconv :venvs/karios/doeun_test.py [6ms]
2024-02-27 01:12:32.451 [info] > git ls-files --stage -- /root/venvs/karios/category.py [16ms]
2024-02-27 01:12:32.459 [info] > git ls-files --stage -- /root/venvs/karios/doeun_test.py [8ms]
2024-02-27 01:12:32.481 [info] > git show --textconv :venvs/karios/category.py [7ms]
2024-02-27 01:12:32.499 [info] > git show --textconv :venvs/karios/doeun_test.py [4ms]
2024-02-27 01:16:03.657 [info] > git ls-files --stage -- /root/venvs/karios/category.py [16ms]
2024-02-27 01:16:03.661 [info] > git ls-files --stage -- /root/venvs/karios/doeun_test.py [4ms]
2024-02-27 01:16:03.695 [info] > git show --textconv :venvs/karios/category.py [13ms]
2024-02-27 01:16:03.700 [info] > git show --textconv :venvs/karios/doeun_test.py [5ms]
2024-02-27 01:19:24.313 [info] > git ls-files --stage -- /root/venvs/karios/category.py [15ms]
2024-02-27 01:19:24.318 [info] > git ls-files --stage -- /root/venvs/karios/doeun_test.py [6ms]
2024-02-27 01:19:24.381 [info] > git show --textconv :venvs/karios/category.py [17ms]
2024-02-27 01:19:24.388 [info] > git show --textconv :venvs/karios/doeun_test.py [9ms]
2024-02-27 01:22:04.544 [info] > git ls-files --stage -- /root/venvs/karios/category.py [17ms]
2024-02-27 01:22:04.546 [info] > git ls-files --stage -- /root/venvs/karios/doeun_test.py [4ms]
2024-02-27 01:22:04.580 [info] > git show --textconv :venvs/karios/category.py [14ms]
2024-02-27 01:22:04.587 [info] > git show --textconv :venvs/karios/doeun_test.py [8ms]
2024-02-27 01:26:57.836 [info] > git ls-files --stage -- /root/venvs/karios/category.py [14ms]
2024-02-27 01:26:57.842 [info] > git ls-files --stage -- /root/venvs/karios/doeun_test.py [6ms]
2024-02-27 01:26:57.877 [info] > git show --textconv :venvs/karios/category.py [15ms]
2024-02-27 01:26:57.883 [info] > git show --textconv :venvs/karios/doeun_test.py [7ms]
2024-02-27 01:30:41.460 [info] > git ls-files --stage -- /root/venvs/karios/category.py [22ms]
2024-02-27 01:30:41.464 [info] > git ls-files --stage -- /root/venvs/karios/doeun_test.py [6ms]
2024-02-27 01:30:41.554 [info] > git show --textconv :venvs/karios/category.py [13ms]
2024-02-27 01:30:41.557 [info] > git show --textconv :venvs/karios/doeun_test.py [4ms]
2024-02-27 01:33:24.159 [info] > git ls-files --stage -- /root/venvs/karios/category.py [18ms]
2024-02-27 01:33:24.166 [info] > git ls-files --stage -- /root/venvs/karios/doeun_test.py [6ms]
2024-02-27 01:33:24.207 [info] > git show --textconv :venvs/karios/category.py [16ms]
2024-02-27 01:33:24.211 [info] > git show --textconv :venvs/karios/doeun_test.py [5ms]
2024-02-27 01:36:13.579 [info] > git ls-files --stage -- /root/venvs/karios/category.py [16ms]
2024-02-27 01:36:13.583 [info] > git ls-files --stage -- /root/venvs/karios/doeun_test.py [7ms]
2024-02-27 01:36:13.623 [info] > git show --textconv :venvs/karios/category.py [18ms]
2024-02-27 01:36:13.629 [info] > git show --textconv :venvs/karios/doeun_test.py [6ms]
2024-02-27 01:39:14.201 [info] > git ls-files --stage -- /root/venvs/karios/category.py [16ms]
2024-02-27 01:39:14.203 [info] > git ls-files --stage -- /root/venvs/karios/doeun_test.py [7ms]
2024-02-27 01:39:14.238 [info] > git show --textconv :venvs/karios/category.py [14ms]
2024-02-27 01:39:14.244 [info] > git show --textconv :venvs/karios/doeun_test.py [6ms]
2024-02-27 01:42:38.269 [info] > git ls-files --stage -- /root/venvs/karios/category.py [19ms]
2024-02-27 01:42:38.275 [info] > git ls-files --stage -- /root/venvs/karios/doeun_test.py [8ms]
2024-02-27 01:42:38.310 [info] > git show --textconv :venvs/karios/category.py [17ms]
2024-02-27 01:42:38.313 [info] > git show --textconv :venvs/karios/doeun_test.py [4ms]
2024-02-27 01:45:38.583 [info] > git ls-files --stage -- /root/venvs/karios/category.py [15ms]
2024-02-27 01:45:38.587 [info] > git ls-files --stage -- /root/venvs/karios/doeun_test.py [5ms]
2024-02-27 01:45:38.639 [info] > git show --textconv :venvs/karios/category.py [12ms]
2024-02-27 01:45:38.642 [info] > git show --textconv :venvs/karios/doeun_test.py [4ms]
2024-02-27 01:49:28.529 [info] > git ls-files --stage -- /root/venvs/karios/category.py [11ms]
2024-02-27 01:49:28.534 [info] > git ls-files --stage -- /root/venvs/karios/doeun_test.py [5ms]
2024-02-27 01:49:28.570 [info] > git show --textconv :venvs/karios/category.py [16ms]
2024-02-27 01:49:28.574 [info] > git show --textconv :venvs/karios/doeun_test.py [5ms]
2024-02-27 01:49:29.996 [info] > git check-ignore -v -z --stdin [6ms]
2024-02-27 01:49:41.279 [info] > git show --textconv :venvs/karios/doeun_practice.py [14ms]
2024-02-27 01:49:41.285 [info] > git ls-files --stage -- /root/venvs/karios/doeun_practice.py [6ms]
2024-02-27 01:49:41.492 [info] > git check-ignore -v -z --stdin [8ms]
2024-02-27 01:49:45.855 [info] > git show --textconv :venvs/karios/doeun_test.py [16ms]
2024-02-27 01:49:45.859 [info] > git ls-files --stage -- /root/venvs/karios/doeun_test.py [5ms]
2024-02-27 01:49:48.775 [info] > git show --textconv :venvs/karios/doeun_practice.py [44ms]
2024-02-27 01:49:48.775 [info] > git show --textconv :venvs/karios/doeun_test.py [30ms]
2024-02-27 01:49:48.775 [info] > git ls-files --stage -- /root/venvs/karios/doeun_practice.py [16ms]
2024-02-27 01:49:48.779 [info] > git ls-files --stage -- /root/venvs/karios/doeun_test.py [6ms]
2024-02-27 01:51:23.482 [info] > git show --textconv :ex.py [16ms]
2024-02-27 01:51:23.487 [info] > git ls-files --stage -- /root/ex.py [6ms]
2024-02-27 01:51:39.270 [info] > git ls-files --stage -- /root/venvs/karios/doeun_test.py [19ms]
2024-02-27 01:51:39.274 [info] > git ls-files --stage -- /root/ex.py [6ms]
2024-02-27 01:51:39.315 [info] > git show --textconv :venvs/karios/doeun_test.py [17ms]
2024-02-27 01:51:39.321 [info] > git show --textconv :ex.py [7ms]
2024-02-27 01:52:45.014 [info] > git show --textconv :venvs/karios/doeun_practice.py [17ms]
2024-02-27 01:52:45.018 [info] > git ls-files --stage -- /root/venvs/karios/doeun_practice.py [5ms]
2024-02-27 01:53:20.445 [info] > git show --textconv :ex.py [15ms]
2024-02-27 01:53:20.451 [info] > git ls-files --stage -- /root/ex.py [7ms]
2024-02-27 01:53:34.426 [info] > git show --textconv :venvs/karios/doeun_practice.py [16ms]
2024-02-27 01:53:34.431 [info] > git ls-files --stage -- /root/venvs/karios/doeun_practice.py [5ms]
2024-02-27 01:54:39.844 [info] > git ls-files --stage -- /root/venvs/karios/doeun_test.py [13ms]
2024-02-27 01:54:39.847 [info] > git ls-files --stage -- /root/venvs/karios/doeun_practice.py [4ms]
2024-02-27 01:54:39.888 [info] > git show --textconv :venvs/karios/doeun_test.py [16ms]
2024-02-27 01:54:39.892 [info] > git show --textconv :venvs/karios/doeun_practice.py [6ms]
2024-02-27 01:56:40.083 [info] > git show --textconv :venvs/karios/templates/calendar999.html [16ms]
2024-02-27 01:56:40.091 [info] > git ls-files --stage -- /root/venvs/karios/templates/calendar999.html [8ms]
2024-02-27 01:58:05.429 [info] > git ls-files --stage -- /root/venvs/karios/doeun_test.py [14ms]
2024-02-27 01:58:05.433 [info] > git ls-files --stage -- /root/venvs/karios/templates/calendar999.html [4ms]
2024-02-27 01:58:05.489 [info] > git show --textconv :venvs/karios/doeun_test.py [16ms]
2024-02-27 01:58:05.493 [info] > git show --textconv :venvs/karios/templates/calendar999.html [5ms]
2024-02-27 01:58:10.525 [info] > git show --textconv :venvs/karios/category.py [15ms]
2024-02-27 01:58:10.533 [info] > git ls-files --stage -- /root/venvs/karios/category.py [8ms]
2024-02-27 01:58:17.958 [info] > git show --textconv :venvs/karios/test_M1.py [16ms]
2024-02-27 01:58:17.964 [info] > git ls-files --stage -- /root/venvs/karios/test_M1.py [7ms]
2024-02-27 01:58:18.580 [info] > git show --textconv :venvs/karios/category.py [16ms]
2024-02-27 01:58:18.584 [info] > git ls-files --stage -- /root/venvs/karios/category.py [5ms]
2024-02-27 01:58:19.028 [info] > git show --textconv :venvs/karios/test_M1.py [16ms]
2024-02-27 01:58:19.032 [info] > git ls-files --stage -- /root/venvs/karios/test_M1.py [6ms]
2024-02-27 02:01:06.878 [info] > git ls-files --stage -- /root/venvs/karios/templates/calendar999.html [21ms]
2024-02-27 02:01:06.884 [info] > git ls-files --stage -- /root/venvs/karios/test_M1.py [6ms]
2024-02-27 02:01:06.942 [info] > git show --textconv :venvs/karios/templates/calendar999.html [16ms]
2024-02-27 02:01:06.949 [info] > git show --textconv :venvs/karios/test_M1.py [7ms]
2024-02-27 02:04:03.005 [info] > git ls-files --stage -- /root/venvs/karios/templates/calendar999.html [15ms]
2024-02-27 02:04:03.011 [info] > git ls-files --stage -- /root/venvs/karios/test_M1.py [7ms]
2024-02-27 02:04:03.045 [info] > git show --textconv :venvs/karios/templates/calendar999.html [11ms]
2024-02-27 02:04:03.052 [info] > git show --textconv :venvs/karios/test_M1.py [7ms]
2024-02-27 02:04:37.117 [info] > git show --textconv :venvs/karios/app.py [14ms]
2024-02-27 02:04:37.123 [info] > git ls-files --stage -- /root/venvs/karios/app.py [7ms]
2024-02-27 02:04:39.784 [info] > git show --textconv :venvs/karios/templates/calendar999.html [42ms]
2024-02-27 02:04:39.784 [info] > git show --textconv :venvs/karios/app.py [29ms]
2024-02-27 02:04:39.785 [info] > git ls-files --stage -- /root/venvs/karios/templates/calendar999.html [14ms]
2024-02-27 02:04:39.791 [info] > git ls-files --stage -- /root/venvs/karios/app.py [8ms]
2024-02-27 02:04:42.120 [info] > git show --textconv :venvs/karios/doeun_practice.py [17ms]
2024-02-27 02:04:42.127 [info] > git ls-files --stage -- /root/venvs/karios/doeun_practice.py [8ms]
2024-02-27 02:04:43.056 [info] > git show --textconv :venvs/karios/templates/calendar999.html [16ms]
2024-02-27 02:04:43.063 [info] > git ls-files --stage -- /root/venvs/karios/templates/calendar999.html [8ms]
2024-02-27 02:04:47.974 [info] > git show --textconv :venvs/karios/category.py [16ms]
2024-02-27 02:04:47.982 [info] > git ls-files --stage -- /root/venvs/karios/category.py [9ms]
2024-02-27 02:04:48.861 [info] > git show --textconv :venvs/karios/templates/calendar999.html [16ms]
2024-02-27 02:04:48.870 [info] > git ls-files --stage -- /root/venvs/karios/templates/calendar999.html [10ms]
2024-02-27 02:05:55.433 [info] > git show --textconv :venvs/karios/test_M1.py [18ms]
2024-02-27 02:05:55.438 [info] > git ls-files --stage -- /root/venvs/karios/test_M1.py [6ms]
2024-02-27 02:07:03.543 [info] > git ls-files --stage -- /root/venvs/karios/templates/calendar999.html [13ms]
2024-02-27 02:07:03.547 [info] > git ls-files --stage -- /root/venvs/karios/test_M1.py [5ms]
2024-02-27 02:07:03.587 [info] > git show --textconv :venvs/karios/templates/calendar999.html [14ms]
2024-02-27 02:07:03.594 [info] > git show --textconv :venvs/karios/test_M1.py [8ms]
2024-02-27 02:08:11.827 [info] > git show --textconv :venvs/karios/app.py [14ms]
2024-02-27 02:08:11.835 [info] > git ls-files --stage -- /root/venvs/karios/app.py [8ms]
2024-02-27 02:11:50.196 [info] > git ls-files --stage -- /root/venvs/karios/templates/calendar999.html [16ms]
2024-02-27 02:11:50.202 [info] > git ls-files --stage -- /root/venvs/karios/app.py [7ms]
2024-02-27 02:11:50.225 [info] > git show --textconv :venvs/karios/templates/calendar999.html [5ms]
2024-02-27 02:11:50.260 [info] > git show --textconv :venvs/karios/app.py [7ms]
2024-02-27 02:11:53.894 [info] > git show --textconv :venvs/karios/test_M1.py [16ms]
2024-02-27 02:11:53.900 [info] > git ls-files --stage -- /root/venvs/karios/test_M1.py [7ms]
2024-02-27 02:12:31.085 [info] > git show --textconv :venvs/karios/doeun_test.py [13ms]
2024-02-27 02:12:31.089 [info] > git ls-files --stage -- /root/venvs/karios/doeun_test.py [5ms]
2024-02-27 02:12:45.056 [info] > git show --textconv :venvs/karios/doeun_practice.py [18ms]
2024-02-27 02:12:45.060 [info] > git ls-files --stage -- /root/venvs/karios/doeun_practice.py [5ms]
2024-02-27 02:12:50.933 [info] > git show --textconv :venvs/karios/doeun_test.py [12ms]
2024-02-27 02:12:50.940 [info] > git ls-files --stage -- /root/venvs/karios/doeun_test.py [8ms]
2024-02-27 02:12:51.914 [info] > git show --textconv :venvs/karios/pyvenv.cfg [14ms]
2024-02-27 02:12:51.921 [info] > git ls-files --stage -- /root/venvs/karios/pyvenv.cfg [8ms]
2024-02-27 02:12:57.051 [info] > git show --textconv :venvs/karios/test_M1.py [12ms]
2024-02-27 02:12:57.059 [info] > git ls-files --stage -- /root/venvs/karios/test_M1.py [8ms]
2024-02-27 02:13:11.973 [info] > git ls-files --stage -- /root/venvs/karios/templates/calendar999.html [17ms]
2024-02-27 02:13:11.977 [info] > git ls-files --stage -- /root/venvs/karios/test_M1.py [5ms]
2024-02-27 02:13:12.008 [info] > git show --textconv :venvs/karios/templates/calendar999.html [6ms]
2024-02-27 02:13:12.104 [info] > git show --textconv :venvs/karios/test_M1.py [6ms]
2024-02-27 02:16:21.231 [info] > git show --textconv :venvs/karios/app.py [12ms]
2024-02-27 02:16:21.234 [info] > git ls-files --stage -- /root/venvs/karios/app.py [4ms]
2024-02-27 02:16:22.943 [info] > git ls-files --stage -- /root/venvs/karios/templates/calendar999.html [18ms]
2024-02-27 02:16:22.948 [info] > git ls-files --stage -- /root/venvs/karios/app.py [6ms]
2024-02-27 02:16:22.992 [info] > git show --textconv :venvs/karios/templates/calendar999.html [22ms]
2024-02-27 02:16:22.996 [info] > git show --textconv :venvs/karios/app.py [5ms]
2024-02-27 02:19:51.957 [info] > git ls-files --stage -- /root/venvs/karios/templates/calendar999.html [16ms]
2024-02-27 02:19:51.961 [info] > git ls-files --stage -- /root/venvs/karios/app.py [5ms]
2024-02-27 02:19:52.020 [info] > git show --textconv :venvs/karios/templates/calendar999.html [17ms]
2024-02-27 02:19:52.024 [info] > git show --textconv :venvs/karios/app.py [5ms]
2024-02-27 02:22:23.770 [info] > git ls-files --stage -- /root/venvs/karios/templates/calendar999.html [19ms]
2024-02-27 02:22:23.776 [info] > git ls-files --stage -- /root/venvs/karios/app.py [7ms]
2024-02-27 02:22:23.810 [info] > git show --textconv :venvs/karios/templates/calendar999.html [16ms]
2024-02-27 02:22:23.818 [info] > git show --textconv :venvs/karios/app.py [9ms]
2024-02-27 02:25:24.142 [info] > git ls-files --stage -- /root/venvs/karios/templates/calendar999.html [13ms]
2024-02-27 02:25:24.146 [info] > git ls-files --stage -- /root/venvs/karios/app.py [5ms]
2024-02-27 02:25:24.177 [info] > git show --textconv :venvs/karios/templates/calendar999.html [15ms]
2024-02-27 02:25:24.183 [info] > git show --textconv :venvs/karios/app.py [7ms]
2024-02-27 02:29:19.223 [info] > git ls-files --stage -- /root/venvs/karios/templates/calendar999.html [15ms]
2024-02-27 02:29:19.227 [info] > git ls-files --stage -- /root/venvs/karios/app.py [5ms]
2024-02-27 02:29:19.262 [info] > git show --textconv :venvs/karios/templates/calendar999.html [15ms]
2024-02-27 02:29:19.271 [info] > git show --textconv :venvs/karios/app.py [9ms]
2024-02-27 02:33:10.901 [info] > git ls-files --stage -- /root/venvs/karios/templates/calendar999.html [21ms]
2024-02-27 02:33:10.907 [info] > git ls-files --stage -- /root/venvs/karios/app.py [7ms]
2024-02-27 02:33:10.975 [info] > git show --textconv :venvs/karios/templates/calendar999.html [16ms]
2024-02-27 02:33:10.983 [info] > git show --textconv :venvs/karios/app.py [9ms]
2024-02-27 02:34:25.446 [info] > git ls-files --stage -- /root/venvs/karios/templates/calendar999.html [20ms]
2024-02-27 02:34:25.452 [info] > git ls-files --stage -- /root/venvs/karios/app.py [6ms]
2024-02-27 02:34:25.478 [info] > git show --textconv :venvs/karios/templates/calendar999.html [6ms]
2024-02-27 02:34:25.503 [info] > git show --textconv :venvs/karios/app.py [6ms]
2024-02-27 02:43:24.685 [info] > git ls-files --stage -- /root/venvs/karios/templates/calendar999.html [17ms]
2024-02-27 02:43:24.690 [info] > git ls-files --stage -- /root/venvs/karios/app.py [6ms]
2024-02-27 02:43:24.730 [info] > git show --textconv :venvs/karios/templates/calendar999.html [14ms]
2024-02-27 02:43:24.733 [info] > git show --textconv :venvs/karios/app.py [4ms]
2024-02-27 02:44:00.945 [info] > git ls-files --stage -- /root/venvs/karios/templates/calendar999.html [16ms]
2024-02-27 02:44:00.951 [info] > git ls-files --stage -- /root/venvs/karios/app.py [7ms]
2024-02-27 02:44:00.983 [info] > git show --textconv :venvs/karios/templates/calendar999.html [14ms]
2024-02-27 02:44:00.991 [info] > git show --textconv :venvs/karios/app.py [8ms]
2024-02-27 02:47:24.055 [info] > git ls-files --stage -- /root/venvs/karios/templates/calendar999.html [16ms]
2024-02-27 02:47:24.061 [info] > git ls-files --stage -- /root/venvs/karios/app.py [6ms]
2024-02-27 02:47:24.098 [info] > git show --textconv :venvs/karios/templates/calendar999.html [14ms]
2024-02-27 02:47:24.102 [info] > git show --textconv :venvs/karios/app.py [5ms]
2024-02-27 02:50:24.445 [info] > git ls-files --stage -- /root/venvs/karios/templates/calendar999.html [13ms]
2024-02-27 02:50:24.449 [info] > git ls-files --stage -- /root/venvs/karios/app.py [5ms]
2024-02-27 02:50:24.486 [info] > git show --textconv :venvs/karios/templates/calendar999.html [14ms]
2024-02-27 02:50:24.490 [info] > git show --textconv :venvs/karios/app.py [5ms]
2024-02-27 03:02:06.426 [info] > git ls-files --stage -- /root/venvs/karios/templates/calendar999.html [15ms]
2024-02-27 03:02:06.432 [info] > git ls-files --stage -- /root/venvs/karios/app.py [7ms]
2024-02-27 03:02:06.468 [info] > git show --textconv :venvs/karios/templates/calendar999.html [20ms]
2024-02-27 03:02:06.475 [info] > git show --textconv :venvs/karios/app.py [7ms]
2024-02-27 03:14:03.987 [info] > git check-ignore -v -z --stdin [6ms]
