2024-02-26 14:28:29.751 [info] 로그 수준: Info
2024-02-26 14:28:29.751 [info] "git"에서 찾은 git 유효성을 검사하는 중
2024-02-26 14:28:29.751 [info] "2.20.1"에서 git "git"을(를) 사용하는 중
2024-02-26 14:28:29.751 [info] > git rev-parse --show-toplevel [2ms]
2024-02-26 14:28:29.751 [info] fatal: not a git repository (or any of the parent directories): .git
2024-02-26 14:28:29.752 [info] > git rev-parse --show-toplevel [2ms]
2024-02-26 14:28:29.752 [info] fatal: not a git repository (or any of the parent directories): .git
2024-02-26 14:28:29.759 [info] > git rev-parse --show-toplevel [2ms]
2024-02-26 14:28:29.759 [info] fatal: not a git repository (or any of the parent directories): .git
2024-02-26 14:28:33.027 [info] > git rev-parse --show-toplevel [3ms]
2024-02-26 14:28:33.027 [info] fatal: not a git repository (or any of the parent directories): .git
2024-02-26 14:31:22.154 [info] > git rev-parse --show-toplevel [2ms]
2024-02-26 14:31:22.167 [info] > git rev-parse --git-dir --git-common-dir [2ms]
2024-02-26 14:31:22.183 [info] Open repository: /root
2024-02-26 14:31:22.198 [info] > git config --get commit.template [2ms]
2024-02-26 14:31:22.209 [info] No remotes found in the git config file.
2024-02-26 14:31:22.210 [info] > git for-each-ref --format=%(refname)%00%(upstream:short)%00%(objectname)%00%(upstream:track)%00%(upstream:remotename)%00%(upstream:remoteref) refs/heads/master refs/remotes/master [2ms]
2024-02-26 14:31:22.210 [warning] No such branch: master.
2024-02-26 14:31:22.404 [info] > git status -z -uall [185ms] (cancelled)
2024-02-26 14:31:22.678 [info] > git show --textconv :kairos/app.py [10ms]
2024-02-26 14:31:22.680 [info] > git ls-files --stage -- /root/kairos/app.py [3ms]
2024-02-26 14:31:22.737 [info] > git check-ignore -v -z --stdin [3ms]
2024-02-26 14:31:54.536 [info] > git ls-files --stage -- /root/kairos/app.py [6ms]
2024-02-26 14:31:54.547 [info] > git cat-file -s e69de29bb2d1d6434b8b29ae775ad8c2e48c5391 [2ms]
2024-02-26 14:31:54.573 [info] > git show --textconv :kairos/app.py [5ms]
2024-02-26 14:32:05.050 [info] > git ls-files --stage -- /root/kairos/app.py [8ms]
2024-02-26 14:32:05.059 [info] > git cat-file -s e69de29bb2d1d6434b8b29ae775ad8c2e48c5391 [0ms]
2024-02-26 14:32:05.075 [info] > git show --textconv :kairos/app.py [5ms]
2024-02-26 14:34:59.963 [info] > git ls-files --stage -- /root/kairos/app.py [8ms]
2024-02-26 14:34:59.973 [info] > git cat-file -s e69de29bb2d1d6434b8b29ae775ad8c2e48c5391 [2ms]
2024-02-26 14:34:59.997 [info] > git show --textconv :kairos/app.py [8ms]
2024-02-26 14:35:26.910 [info] > git ls-files --stage -- /root/kairos/app.py [6ms]
2024-02-26 14:35:26.919 [info] > git cat-file -s d505e50b6c60ac3391dcb7e293d0675f3f028bba [1ms]
2024-02-26 14:35:26.943 [info] > git show --textconv :kairos/app.py [6ms]
2024-02-26 14:35:55.389 [info] > git ls-files --stage -- /root/kairos/app.py [7ms]
2024-02-26 14:35:55.398 [info] > git cat-file -s d505e50b6c60ac3391dcb7e293d0675f3f028bba [1ms]
2024-02-26 14:35:55.432 [info] > git show --textconv :kairos/app.py [6ms]
2024-02-26 14:38:44.800 [info] > git ls-files --stage -- /root/kairos/app.py [7ms]
2024-02-26 14:38:44.812 [info] > git cat-file -s d505e50b6c60ac3391dcb7e293d0675f3f028bba [3ms]
2024-02-26 14:38:44.867 [info] > git show --textconv :kairos/app.py [6ms]
2024-02-26 14:40:41.842 [info] > git ls-files --stage -- /root/kairos/app.py [7ms]
2024-02-26 14:40:41.852 [info] > git cat-file -s d505e50b6c60ac3391dcb7e293d0675f3f028bba [2ms]
2024-02-26 14:40:41.880 [info] > git show --textconv :kairos/app.py [9ms]
2024-02-26 14:47:13.585 [info] > git ls-files --stage -- /root/kairos/app.py [7ms]
2024-02-26 14:47:13.597 [info] > git cat-file -s d505e50b6c60ac3391dcb7e293d0675f3f028bba [3ms]
2024-02-26 14:47:13.623 [info] > git show --textconv :kairos/app.py [7ms]
2024-02-26 14:52:20.189 [info] > git ls-files --stage -- /root/kairos/app.py [10ms]
2024-02-26 14:52:20.198 [info] > git cat-file -s d505e50b6c60ac3391dcb7e293d0675f3f028bba [1ms]
2024-02-26 14:52:20.222 [info] > git show --textconv :kairos/app.py [10ms]
2024-02-26 14:52:33.349 [info] > git check-ignore -v -z --stdin [9ms]
2024-02-26 14:52:34.955 [info] > git check-ignore -v -z --stdin [7ms]
2024-02-26 14:52:40.737 [info] > git check-ignore -v -z --stdin [12ms]
2024-02-26 14:52:55.516 [info] > git check-ignore -v -z --stdin [11ms]
2024-02-26 14:53:20.307 [info] > git show --textconv :KairosHackathon/a.txt [10ms]
2024-02-26 14:53:20.315 [info] > git ls-files --stage -- /root/KairosHackathon/a.txt [8ms]
2024-02-26 14:53:21.997 [info] > git show --textconv :kairos/KairosHackathon/README.md [11ms]
2024-02-26 14:53:22.003 [info] > git ls-files --stage -- /root/kairos/KairosHackathon/README.md [6ms]
2024-02-26 14:54:07.609 [info] > git ls-files --stage -- /root/kairos/KairosHackathon/README.md [7ms]
2024-02-26 14:54:07.633 [info] > git show --textconv :kairos/KairosHackathon/README.md [10ms]
2024-02-26 14:55:16.234 [info] > git show --textconv :kairos/app.py [12ms]
2024-02-26 14:55:16.242 [info] > git ls-files --stage -- /root/kairos/app.py [10ms]
2024-02-26 14:55:16.254 [info] > git cat-file -s d505e50b6c60ac3391dcb7e293d0675f3f028bba [1ms]
2024-02-26 14:56:02.907 [info] > git ls-files --stage -- /root/kairos/app.py [7ms]
2024-02-26 14:56:02.919 [info] > git cat-file -s d505e50b6c60ac3391dcb7e293d0675f3f028bba [2ms]
2024-02-26 14:56:02.945 [info] > git show --textconv :kairos/app.py [6ms]
2024-02-26 15:13:36.355 [info] > git check-ignore -v -z --stdin [9ms]
2024-02-26 15:18:34.328 [info] > git ls-files --stage -- /root/kairos/app.py [7ms]
2024-02-26 15:18:34.341 [info] > git cat-file -s d505e50b6c60ac3391dcb7e293d0675f3f028bba [2ms]
2024-02-26 15:18:34.381 [info] > git show --textconv :kairos/app.py [7ms]
2024-02-26 15:18:52.742 [info] > git check-ignore -v -z --stdin [6ms]
2024-02-26 15:21:28.902 [info] > git ls-files --stage -- /root/kairos/app.py [5ms]
2024-02-26 15:21:28.911 [info] > git cat-file -s d505e50b6c60ac3391dcb7e293d0675f3f028bba [1ms]
2024-02-26 15:21:28.947 [info] > git show --textconv :kairos/app.py [7ms]
2024-02-26 15:24:57.857 [info] > git check-ignore -v -z --stdin [11ms]
2024-02-26 15:25:16.270 [info] > git check-ignore -v -z --stdin [7ms]
2024-02-26 15:25:32.323 [info] > git check-ignore -v -z --stdin [9ms]
2024-02-26 15:25:37.625 [info] > git check-ignore -v -z --stdin [12ms]
2024-02-26 15:26:41.300 [info] > git check-ignore -v -z --stdin [9ms]
2024-02-26 15:28:36.374 [info] > git check-ignore -v -z --stdin [6ms]
2024-02-26 15:30:30.101 [info] > git ls-files --stage -- /root/kairos/app.py [9ms]
2024-02-26 15:30:30.112 [info] > git cat-file -s d505e50b6c60ac3391dcb7e293d0675f3f028bba [1ms]
2024-02-26 15:30:30.136 [info] > git show --textconv :kairos/app.py [7ms]
2024-02-26 15:31:03.464 [info] > git check-ignore -v -z --stdin [11ms]
2024-02-26 15:31:19.623 [info] > git check-ignore -v -z --stdin [18ms]
2024-02-26 15:31:20.820 [info] > git check-ignore -v -z --stdin [10ms]
2024-02-26 15:31:22.509 [info] > git check-ignore -v -z --stdin [13ms]
2024-02-26 15:31:25.031 [info] > git check-ignore -v -z --stdin [11ms]
2024-02-26 15:31:36.770 [info] > git show --textconv :venv.sh [11ms]
2024-02-26 15:31:36.779 [info] > git ls-files --stage -- /root/venv.sh [10ms]
2024-02-26 15:31:45.680 [info] > git check-ignore -v -z --stdin [7ms]
2024-02-26 15:31:48.021 [info] > git check-ignore -v -z --stdin [8ms]
2024-02-26 15:31:50.111 [info] > git check-ignore -v -z --stdin [14ms]
2024-02-26 15:31:52.171 [info] > git check-ignore -v -z --stdin [8ms]
2024-02-26 15:33:30.491 [info] > git ls-files --stage -- /root/venv.sh [10ms]
2024-02-26 15:33:30.516 [info] > git show --textconv :venv.sh [6ms]
2024-02-26 15:34:10.088 [info] > git check-ignore -v -z --stdin [9ms]
2024-02-26 15:34:11.894 [info] > git show --textconv :venvs/karios/app.py [14ms]
2024-02-26 15:34:11.902 [info] > git ls-files --stage -- /root/venvs/karios/app.py [9ms]
2024-02-26 15:36:30.877 [info] > git ls-files --stage -- /root/venvs/karios/app.py [4ms]
2024-02-26 15:36:30.902 [info] > git show --textconv :venvs/karios/app.py [5ms]
2024-02-26 15:39:31.346 [info] > git ls-files --stage -- /root/venvs/karios/app.py [5ms]
2024-02-26 15:39:31.366 [info] > git show --textconv :venvs/karios/app.py [4ms]
2024-02-26 15:44:40.845 [info] > git check-ignore -v -z --stdin [8ms]
2024-02-26 15:45:03.333 [info] > git ls-files --stage -- /root/venvs/karios/app.py [8ms]
2024-02-26 15:45:03.368 [info] > git show --textconv :venvs/karios/app.py [8ms]
2024-02-26 15:46:09.227 [info] > git ls-files --stage -- /root/venvs/karios/app.py [9ms]
2024-02-26 15:46:09.322 [info] > git show --textconv :venvs/karios/app.py [10ms]
2024-02-26 15:49:58.914 [info] > git check-ignore -v -z --stdin [6ms]
2024-02-26 15:50:54.267 [info] > git ls-files --stage -- /root/venvs/karios/app.py [6ms]
2024-02-26 15:50:54.291 [info] > git show --textconv :venvs/karios/app.py [7ms]
2024-02-26 15:52:07.117 [info] > git ls-files --stage -- /root/venvs/karios/app.py [9ms]
2024-02-26 15:52:07.154 [info] > git show --textconv :venvs/karios/app.py [6ms]
2024-02-26 15:55:45.055 [info] > git ls-files --stage -- /root/venvs/karios/app.py [10ms]
2024-02-26 15:55:45.081 [info] > git show --textconv :venvs/karios/app.py [6ms]
2024-02-26 16:51:29.332 [info] > git ls-files --stage -- /root/venvs/karios/app.py [9ms]
2024-02-26 16:51:29.383 [info] > git show --textconv :venvs/karios/app.py [9ms]
2024-02-26 17:03:46.039 [info] > git check-ignore -v -z --stdin [8ms]
2024-02-26 17:03:50.579 [info] > git ls-files --stage -- /root/venvs/karios/app.py [8ms]
2024-02-26 17:03:50.606 [info] > git show --textconv :venvs/karios/app.py [6ms]
