2024-02-26 18:40:25.817 [info] Log level: Info
2024-02-26 18:40:25.817 [info] Validating found git in: "git"
2024-02-26 18:40:25.817 [info] Using git "2.20.1" from "git"
2024-02-26 18:40:25.817 [info] > git rev-parse --show-toplevel [5ms]
2024-02-26 18:40:25.817 [info] > git rev-parse --git-dir --git-common-dir [2ms]
2024-02-26 18:40:25.817 [info] Open repository: /root
2024-02-26 18:40:25.817 [info] > git rev-parse --show-toplevel [17ms]
2024-02-26 18:40:25.817 [info] > git config --get commit.template [24ms]
2024-02-26 18:40:25.817 [info] No remotes found in the git config file.
2024-02-26 18:40:25.817 [info] > git for-each-ref --format=%(refname)%00%(upstream:short)%00%(objectname)%00%(upstream:track)%00%(upstream:remotename)%00%(upstream:remoteref) refs/heads/master refs/remotes/master [2ms]
2024-02-26 18:40:25.817 [warning] No such branch: master.
2024-02-26 18:40:25.817 [info] > git rev-parse --show-toplevel [18ms]
2024-02-26 18:40:25.817 [info] > git rev-parse --show-toplevel [3ms]
2024-02-26 18:40:25.817 [info] > git rev-parse --show-toplevel [1ms]
2024-02-26 18:40:25.898 [info] > git status -z -uall [114ms] (cancelled)
2024-02-26 18:40:26.399 [info] > git check-ignore -v -z --stdin [11ms]
2024-02-26 18:40:32.145 [info] > git check-ignore -v -z --stdin [10ms]
2024-02-26 18:40:32.344 [info] > git show --textconv :venvs/karios/app.py [12ms]
2024-02-26 18:40:32.351 [info] > git ls-files --stage -- /root/venvs/karios/app.py [8ms]
2024-02-26 18:40:32.892 [info] > git check-ignore -v -z --stdin [13ms]
2024-02-26 18:40:38.791 [info] > git config --get commit.template [20ms]
2024-02-26 18:40:38.815 [info] No remotes found in the git config file.
2024-02-26 18:40:38.819 [info] > git for-each-ref --format=%(refname)%00%(upstream:short)%00%(objectname)%00%(upstream:track)%00%(upstream:remotename)%00%(upstream:remoteref) refs/heads/master refs/remotes/master [4ms]
2024-02-26 18:40:38.819 [warning] No such branch: master.
2024-02-26 18:40:40.789 [info] > git status -z -uall [1951ms] (cancelled)
2024-02-26 18:53:29.320 [info] > git ls-files --stage -- /root/venvs/karios/app.py [8ms]
2024-02-26 18:53:29.355 [info] > git show --textconv :venvs/karios/app.py [7ms]
2024-02-26 19:00:59.446 [info] > git ls-files --stage -- /root/venvs/karios/app.py [7ms]
2024-02-26 19:00:59.477 [info] > git show --textconv :venvs/karios/app.py [5ms]
2024-02-26 19:00:59.940 [info] > git check-ignore -v -z --stdin [8ms]
2024-02-26 19:02:38.337 [info] > git check-ignore -v -z --stdin [7ms]
2024-02-26 19:04:12.973 [info] > git ls-files --stage -- /root/venvs/karios/app.py [7ms]
2024-02-26 19:04:13.011 [info] > git show --textconv :venvs/karios/app.py [8ms]
2024-02-26 19:05:15.458 [info] > git ls-files --stage -- /root/venvs/karios/app.py [6ms]
2024-02-26 19:05:15.500 [info] > git show --textconv :venvs/karios/app.py [6ms]
2024-02-26 19:05:33.697 [info] > git check-ignore -v -z --stdin [7ms]
2024-02-26 19:06:02.683 [info] > git show --textconv :venvs/karios/templates/main.html [19ms]
2024-02-26 19:06:02.688 [info] > git ls-files --stage -- /root/venvs/karios/templates/main.html [6ms]
2024-02-26 19:06:05.986 [info] > git show --textconv :venvs/karios/app.py [18ms]
2024-02-26 19:06:05.990 [info] > git ls-files --stage -- /root/venvs/karios/app.py [5ms]
2024-02-26 19:06:21.728 [info] > git show --textconv :venvs/karios/templates/main.html [21ms]
2024-02-26 19:06:21.732 [info] > git ls-files --stage -- /root/venvs/karios/templates/main.html [6ms]
2024-02-26 19:06:33.405 [info] > git show --textconv :venvs/karios/app.py [22ms]
2024-02-26 19:06:33.410 [info] > git ls-files --stage -- /root/venvs/karios/app.py [6ms]
2024-02-26 19:06:42.025 [info] > git show --textconv :venvs/karios/templates/main.html [20ms]
2024-02-26 19:06:42.030 [info] > git ls-files --stage -- /root/venvs/karios/templates/main.html [5ms]
2024-02-26 19:07:01.202 [info] > git show --textconv :venvs/karios/app.py [22ms]
2024-02-26 19:07:01.207 [info] > git ls-files --stage -- /root/venvs/karios/app.py [6ms]
2024-02-26 19:07:04.132 [info] > git show --textconv :venvs/karios/templates/main.html [18ms]
2024-02-26 19:07:04.135 [info] > git ls-files --stage -- /root/venvs/karios/templates/main.html [4ms]
2024-02-26 19:07:19.552 [info] > git check-ignore -v -z --stdin [7ms]
2024-02-26 19:08:24.986 [info] > git show --textconv :venvs/karios/app.py [23ms]
2024-02-26 19:08:24.991 [info] > git ls-files --stage -- /root/venvs/karios/app.py [5ms]
2024-02-26 19:08:33.948 [info] > git show --textconv :venvs/karios/templates/main.html [23ms]
2024-02-26 19:08:33.954 [info] > git ls-files --stage -- /root/venvs/karios/templates/main.html [9ms]
2024-02-26 19:08:50.893 [info] > git show --textconv :venvs/karios/app.py [20ms]
2024-02-26 19:08:50.899 [info] > git ls-files --stage -- /root/venvs/karios/app.py [5ms]
2024-02-26 19:08:51.896 [info] > git show --textconv :venvs/karios/templates/main.html [22ms]
2024-02-26 19:08:51.903 [info] > git ls-files --stage -- /root/venvs/karios/templates/main.html [8ms]
2024-02-26 19:08:53.405 [info] > git show --textconv :venvs/karios/app.py [20ms]
2024-02-26 19:08:53.412 [info] > git ls-files --stage -- /root/venvs/karios/app.py [8ms]
2024-02-26 19:08:57.143 [info] > git show --textconv :venvs/karios/templates/main.html [17ms]
2024-02-26 19:08:57.147 [info] > git ls-files --stage -- /root/venvs/karios/templates/main.html [4ms]
2024-02-26 19:09:16.185 [info] > git ls-files --stage -- /root/venvs/karios/templates/main.html [7ms]
2024-02-26 19:09:16.220 [info] > git show --textconv :venvs/karios/templates/main.html [6ms]
2024-02-26 19:10:10.966 [info] > git show --textconv :venvs/karios/app.py [27ms]
2024-02-26 19:10:10.971 [info] > git ls-files --stage -- /root/venvs/karios/app.py [6ms]
2024-02-26 19:12:10.316 [info] > git ls-files --stage -- /root/venvs/karios/app.py [5ms]
2024-02-26 19:12:10.352 [info] > git show --textconv :venvs/karios/app.py [5ms]
2024-02-26 20:00:42.059 [info] > git check-ignore -v -z --stdin [8ms]
2024-02-26 22:54:06.466 [info] Log level: Info
2024-02-26 22:54:06.466 [info] Validating found git in: "git"
2024-02-26 22:54:06.466 [info] Using git "2.20.1" from "git"
2024-02-26 22:54:06.466 [info] > git rev-parse --show-toplevel [4ms]
2024-02-26 22:54:06.466 [info] > git rev-parse --git-dir --git-common-dir [27ms]
2024-02-26 22:54:06.466 [info] Open repository: /root
2024-02-26 22:54:06.466 [info] > git rev-parse --show-toplevel [4ms]
2024-02-26 22:54:06.466 [info] > git config --get commit.template [11ms]
2024-02-26 22:54:06.466 [info] No remotes found in the git config file.
2024-02-26 22:54:06.466 [info] > git rev-parse --show-toplevel [17ms]
2024-02-26 22:54:06.466 [info] > git for-each-ref --format=%(refname)%00%(upstream:short)%00%(objectname)%00%(upstream:track)%00%(upstream:remotename)%00%(upstream:remoteref) refs/heads/master refs/remotes/master [3ms]
2024-02-26 22:54:06.466 [warning] No such branch: master.
2024-02-26 22:54:06.466 [info] > git rev-parse --show-toplevel [3ms]
2024-02-26 22:54:06.466 [info] > git rev-parse --show-toplevel [3ms]
2024-02-26 22:54:06.466 [info] > git rev-parse --show-toplevel [10ms]
2024-02-26 22:54:06.466 [info] > git status -z -uall [778ms] (cancelled)
2024-02-26 22:54:06.868 [info] > git show --textconv :venvs/karios/app.py [14ms]
2024-02-26 22:54:06.875 [info] > git ls-files --stage -- /root/venvs/karios/app.py [8ms]
2024-02-26 22:54:07.013 [info] > git check-ignore -v -z --stdin [20ms]
2024-02-26 23:40:31.603 [info] > git ls-files --stage -- /root/venvs/karios/app.py [7ms]
2024-02-26 23:40:31.642 [info] > git show --textconv :venvs/karios/app.py [9ms]
2024-02-26 23:40:32.133 [info] > git check-ignore -v -z --stdin [8ms]
2024-02-26 23:40:35.290 [info] > git check-ignore -v -z --stdin [7ms]
2024-02-26 23:40:40.305 [info] > git show --textconv :venvs/karios/templates/main.html [11ms]
2024-02-26 23:40:40.312 [info] > git ls-files --stage -- /root/venvs/karios/templates/main.html [8ms]
2024-02-26 23:40:44.087 [info] > git check-ignore -v -z --stdin [6ms]
2024-02-26 23:40:45.212 [info] > git check-ignore -v -z --stdin [8ms]
2024-02-26 23:40:45.959 [info] > git check-ignore -v -z --stdin [8ms]
2024-02-26 23:40:46.835 [info] > git check-ignore -v -z --stdin [17ms]
2024-02-26 23:40:48.740 [info] > git check-ignore -v -z --stdin [17ms]
2024-02-26 23:40:49.656 [info] > git check-ignore -v -z --stdin [12ms]
2024-02-26 23:41:06.108 [info] > git show --textconv :venvs/karios/templates/calendar.html [11ms]
2024-02-26 23:41:06.113 [info] > git ls-files --stage -- /root/venvs/karios/templates/calendar.html [6ms]
2024-02-26 23:41:11.073 [info] > git show --textconv :venvs/karios/app.py [13ms]
2024-02-26 23:41:11.080 [info] > git ls-files --stage -- /root/venvs/karios/app.py [8ms]
2024-02-26 23:41:44.951 [info] > git show --textconv :venvs/karios/category.py [13ms]
2024-02-26 23:41:44.958 [info] > git ls-files --stage -- /root/venvs/karios/category.py [9ms]
2024-02-26 23:41:46.282 [info] > git show --textconv :venvs/karios/app.py [15ms]
2024-02-26 23:41:46.289 [info] > git ls-files --stage -- /root/venvs/karios/app.py [8ms]
2024-02-26 23:41:47.255 [info] > git show --textconv :venvs/karios/DBtest.py [12ms]
2024-02-26 23:41:47.263 [info] > git ls-files --stage -- /root/venvs/karios/DBtest.py [9ms]
2024-02-26 23:41:49.478 [info] > git show --textconv :venvs/karios/app.py [13ms]
2024-02-26 23:41:49.485 [info] > git ls-files --stage -- /root/venvs/karios/app.py [8ms]
2024-02-26 23:41:50.596 [info] > git show --textconv :venvs/karios/doeun_test.py [12ms]
2024-02-26 23:41:50.601 [info] > git ls-files --stage -- /root/venvs/karios/doeun_test.py [6ms]
2024-02-26 23:41:53.127 [info] > git show --textconv :venvs/karios/app.py [12ms]
2024-02-26 23:41:53.132 [info] > git ls-files --stage -- /root/venvs/karios/app.py [6ms]
2024-02-26 23:41:54.155 [info] > git show --textconv :venvs/karios/test_M1.py [15ms]
2024-02-26 23:41:54.159 [info] > git ls-files --stage -- /root/venvs/karios/test_M1.py [5ms]
2024-02-26 23:41:57.112 [info] > git show --textconv :venvs/karios/app.py [13ms]
2024-02-26 23:41:57.120 [info] > git ls-files --stage -- /root/venvs/karios/app.py [8ms]
2024-02-26 23:42:03.840 [info] > git check-ignore -v -z --stdin [7ms]
2024-02-26 23:42:13.119 [info] > git check-ignore -v -z --stdin [8ms]
2024-02-26 23:42:38.874 [info] > git show --textconv :venvs/karios/templates/startscreen.html [15ms]
2024-02-26 23:42:38.878 [info] > git ls-files --stage -- /root/venvs/karios/templates/startscreen.html [5ms]
2024-02-26 23:42:39.132 [info] > git check-ignore -v -z --stdin [9ms]
2024-02-26 23:47:19.819 [info] > git ls-files --stage -- /root/venvs/karios/templates/startscreen.html [8ms]
2024-02-26 23:47:19.855 [info] > git show --textconv :venvs/karios/templates/startscreen.html [9ms]
2024-02-26 23:47:22.804 [info] > git show --textconv :venvs/karios/templates/detail.html [14ms]
2024-02-26 23:47:22.811 [info] > git ls-files --stage -- /root/venvs/karios/templates/detail.html [8ms]
2024-02-26 23:47:25.002 [info] > git show --textconv :venvs/karios/templates/startscreen.html [14ms]
2024-02-26 23:47:25.008 [info] > git ls-files --stage -- /root/venvs/karios/templates/startscreen.html [7ms]
2024-02-26 23:56:44.327 [info] > git ls-files --stage -- /root/venvs/karios/templates/startscreen.html [8ms]
2024-02-26 23:56:44.353 [info] > git show --textconv :venvs/karios/templates/startscreen.html [7ms]
2024-02-26 23:56:45.862 [info] > git show --textconv :venvs/karios/templates/detail.html [18ms]
2024-02-26 23:56:45.869 [info] > git ls-files --stage -- /root/venvs/karios/templates/detail.html [7ms]
2024-02-26 23:59:20.591 [info] > git ls-files --stage -- /root/venvs/karios/templates/detail.html [8ms]
2024-02-26 23:59:20.620 [info] > git show --textconv :venvs/karios/templates/detail.html [7ms]
2024-02-26 23:59:21.242 [info] > git show --textconv :venvs/karios/templates/startscreen.html [12ms]
2024-02-26 23:59:21.246 [info] > git ls-files --stage -- /root/venvs/karios/templates/startscreen.html [5ms]
2024-02-27 00:05:48.087 [info] > git ls-files --stage -- /root/venvs/karios/templates/startscreen.html [10ms]
2024-02-27 00:05:48.115 [info] > git show --textconv :venvs/karios/templates/startscreen.html [8ms]
2024-02-27 00:05:53.653 [info] > git check-ignore -v -z --stdin [7ms]
2024-02-27 00:05:55.794 [info] > git show --textconv :venvs/karios/static/js/date.js [15ms]
2024-02-27 00:05:55.801 [info] > git ls-files --stage -- /root/venvs/karios/static/js/date.js [8ms]
2024-02-27 00:06:04.923 [info] > git ls-files --stage -- /root/venvs/karios/static/js/date.js [5ms]
2024-02-27 00:06:04.954 [info] > git show --textconv :venvs/karios/static/js/date.js [9ms]
2024-02-27 00:13:17.548 [info] > git ls-files --stage -- /root/venvs/karios/static/js/date.js [8ms]
2024-02-27 00:13:17.581 [info] > git show --textconv :venvs/karios/static/js/date.js [8ms]
2024-02-27 00:13:28.596 [info] > git show --textconv :venvs/karios/static/js/calendar.js [13ms]
2024-02-27 00:13:28.603 [info] > git ls-files --stage -- /root/venvs/karios/static/js/calendar.js [8ms]
2024-02-27 00:13:29.286 [info] > git show --textconv :venvs/karios/static/js/date.js [13ms]
2024-02-27 00:13:29.292 [info] > git ls-files --stage -- /root/venvs/karios/static/js/date.js [7ms]
2024-02-27 00:13:29.717 [info] > git show --textconv :venvs/karios/static/js/pie.js [11ms]
2024-02-27 00:13:29.724 [info] > git ls-files --stage -- /root/venvs/karios/static/js/pie.js [7ms]
2024-02-27 00:13:30.975 [info] > git show --textconv :venvs/karios/static/js/date.js [14ms]
2024-02-27 00:13:30.980 [info] > git ls-files --stage -- /root/venvs/karios/static/js/date.js [6ms]
2024-02-27 00:14:25.218 [info] > git show --textconv :venvs/karios/templates/startscreen2.html [12ms]
2024-02-27 00:14:25.226 [info] > git ls-files --stage -- /root/venvs/karios/templates/startscreen2.html [9ms]
2024-02-27 00:14:25.476 [info] > git check-ignore -v -z --stdin [9ms]
2024-02-27 01:13:42.521 [info] > git ls-files --stage -- /root/venvs/karios/templates/startscreen2.html [9ms]
2024-02-27 01:13:42.551 [info] > git show --textconv :venvs/karios/templates/startscreen2.html [8ms]
2024-02-27 01:13:47.167 [info] > git show --textconv :venvs/karios/static/js/date.js [11ms]
2024-02-27 01:13:47.175 [info] > git ls-files --stage -- /root/venvs/karios/static/js/date.js [8ms]
2024-02-27 01:16:03.622 [info] > git ls-files --stage -- /root/venvs/karios/static/js/date.js [7ms]
2024-02-27 01:16:03.648 [info] > git show --textconv :venvs/karios/static/js/date.js [8ms]
2024-02-27 01:30:24.015 [info] > git ls-files --stage -- /root/venvs/karios/static/js/date.js [5ms]
2024-02-27 01:30:24.042 [info] > git show --textconv :venvs/karios/static/js/date.js [9ms]
2024-02-27 01:30:41.367 [info] > git show --textconv :venvs/karios/static/js/pie.js [14ms]
2024-02-27 01:30:41.375 [info] > git ls-files --stage -- /root/venvs/karios/static/js/pie.js [9ms]
2024-02-27 01:30:45.587 [info] > git show --textconv :venvs/karios/static/js/date.js [14ms]
2024-02-27 01:30:45.592 [info] > git ls-files --stage -- /root/venvs/karios/static/js/date.js [6ms]
2024-02-27 01:30:49.292 [info] > git check-ignore -v -z --stdin [9ms]
2024-02-27 01:30:55.071 [info] > git show --textconv :venvs/karios/templates/startscreen.html [12ms]
2024-02-27 01:30:55.075 [info] > git ls-files --stage -- /root/venvs/karios/templates/startscreen.html [5ms]
2024-02-27 01:49:42.474 [info] > git check-ignore -v -z --stdin [7ms]
2024-02-27 01:57:42.489 [info] > git check-ignore -v -z --stdin [7ms]
2024-02-27 02:12:56.847 [info] > git ls-files --stage -- /root/venvs/karios/templates/startscreen.html [10ms]
2024-02-27 02:12:56.885 [info] > git show --textconv :venvs/karios/templates/startscreen.html [6ms]
2024-02-27 02:13:11.936 [info] > git ls-files --stage -- /root/venvs/karios/templates/startscreen.html [5ms]
2024-02-27 02:13:11.965 [info] > git show --textconv :venvs/karios/templates/startscreen.html [5ms]
2024-02-27 02:13:13.420 [info] > git show --textconv :venvs/karios/templates/startscreen2.html [12ms]
2024-02-27 02:13:13.427 [info] > git ls-files --stage -- /root/venvs/karios/templates/startscreen2.html [7ms]
2024-02-27 03:14:06.038 [info] > git show --textconv :venvs/karios/templates/startscreen3.html [18ms]
2024-02-27 03:14:06.041 [info] > git ls-files --stage -- /root/venvs/karios/templates/startscreen3.html [6ms]
2024-02-27 03:14:06.470 [info] > git check-ignore -v -z --stdin [5ms]
2024-02-27 03:14:21.159 [info] > git ls-files --stage -- /root/venvs/karios/templates/startscreen3.html [5ms]
2024-02-27 03:14:21.189 [info] > git show --textconv :venvs/karios/templates/startscreen3.html [7ms]
2024-02-27 03:14:30.985 [info] > git show --textconv :venvs/karios/templates/startscreen2.html [17ms]
2024-02-27 03:14:30.989 [info] > git ls-files --stage -- /root/venvs/karios/templates/startscreen2.html [5ms]
2024-02-27 03:14:31.696 [info] > git show --textconv :venvs/karios/templates/startscreen3.html [16ms]
2024-02-27 03:14:31.701 [info] > git ls-files --stage -- /root/venvs/karios/templates/startscreen3.html [6ms]
2024-02-27 03:16:53.512 [info] > git ls-files --stage -- /root/venvs/karios/templates/startscreen3.html [7ms]
2024-02-27 03:16:53.536 [info] > git show --textconv :venvs/karios/templates/startscreen3.html [6ms]
2024-02-27 03:19:53.350 [info] > git ls-files --stage -- /root/venvs/karios/templates/startscreen3.html [8ms]
2024-02-27 03:19:53.376 [info] > git show --textconv :venvs/karios/templates/startscreen3.html [5ms]
2024-02-27 03:20:09.408 [info] > git show --textconv :venvs/karios/templates/startscreen2.html [15ms]
2024-02-27 03:20:09.411 [info] > git ls-files --stage -- /root/venvs/karios/templates/startscreen2.html [5ms]
2024-02-27 03:20:20.862 [info] > git show --textconv :venvs/karios/templates/startscreen3.html [15ms]
2024-02-27 03:20:20.871 [info] > git ls-files --stage -- /root/venvs/karios/templates/startscreen3.html [10ms]
2024-02-27 03:24:27.555 [info] > git ls-files --stage -- /root/venvs/karios/templates/startscreen3.html [9ms]
2024-02-27 03:24:27.581 [info] > git show --textconv :venvs/karios/templates/startscreen3.html [6ms]
2024-02-27 03:24:42.016 [info] > git check-ignore -v -z --stdin [7ms]
2024-02-27 03:27:40.285 [info] > git show --textconv :venvs/karios/templates/startscreen3.html [14ms]
2024-02-27 03:27:40.290 [info] > git ls-files --stage -- /root/venvs/karios/templates/startscreen3.html [5ms]
2024-02-27 03:28:12.834 [info] > git show --textconv :venvs/karios/static/js/date.js [12ms]
2024-02-27 03:28:12.843 [info] > git ls-files --stage -- /root/venvs/karios/static/js/date.js [9ms]
2024-02-27 03:28:20.256 [info] > git check-ignore -v -z --stdin [20ms]
2024-02-27 03:28:24.888 [info] > git show --textconv :venvs/karios/app.py [11ms]
2024-02-27 03:28:24.895 [info] > git ls-files --stage -- /root/venvs/karios/app.py [8ms]
2024-02-27 03:28:27.278 [info] > git show --textconv :venvs/karios/category.py [13ms]
2024-02-27 03:28:27.285 [info] > git ls-files --stage -- /root/venvs/karios/category.py [8ms]
2024-02-27 03:28:29.668 [info] > git show --textconv :venvs/karios/app.py [75ms]
2024-02-27 03:28:29.669 [info] > git ls-files --stage -- /root/venvs/karios/app.py [62ms]
2024-02-27 03:28:35.446 [info] > git show --textconv :venvs/karios/DBtest.py [12ms]
2024-02-27 03:28:35.454 [info] > git ls-files --stage -- /root/venvs/karios/DBtest.py [8ms]
2024-02-27 03:28:37.603 [info] > git show --textconv :venvs/karios/app.py [13ms]
2024-02-27 03:28:37.610 [info] > git ls-files --stage -- /root/venvs/karios/app.py [8ms]
2024-02-27 03:28:46.866 [info] > git show --textconv :venvs/karios/templates/startscreen3.html [14ms]
2024-02-27 03:28:46.871 [info] > git ls-files --stage -- /root/venvs/karios/templates/startscreen3.html [6ms]
2024-02-27 03:28:54.759 [info] > git ls-files --stage -- /root/venvs/karios/templates/startscreen3.html [7ms]
2024-02-27 03:28:54.781 [info] > git show --textconv :venvs/karios/templates/startscreen3.html [6ms]
2024-02-27 03:32:21.855 [info] > git ls-files --stage -- /root/venvs/karios/templates/startscreen3.html [8ms]
2024-02-27 03:32:21.879 [info] > git show --textconv :venvs/karios/templates/startscreen3.html [6ms]
2024-02-27 03:42:27.797 [info] > git show --textconv :venvs/karios/templates/startscreen3.html [12ms]
2024-02-27 03:42:27.804 [info] > git ls-files --stage -- /root/venvs/karios/templates/startscreen3.html [7ms]
2024-02-27 03:43:47.138 [info] > git show --textconv :venvs/karios/app.py [18ms]
2024-02-27 03:43:47.146 [info] > git ls-files --stage -- /root/venvs/karios/app.py [9ms]
2024-02-27 03:43:54.517 [info] > git show --textconv :venvs/karios/templates/startscreen3.html [15ms]
2024-02-27 03:43:54.523 [info] > git ls-files --stage -- /root/venvs/karios/templates/startscreen3.html [7ms]
2024-02-27 03:43:55.236 [info] > git show --textconv :venvs/karios/app.py [18ms]
2024-02-27 03:43:55.242 [info] > git ls-files --stage -- /root/venvs/karios/app.py [7ms]
2024-02-27 03:43:57.864 [info] > git ls-files --stage -- /root/venvs/karios/app.py [5ms]
2024-02-27 03:43:57.888 [info] > git show --textconv :venvs/karios/app.py [6ms]
2024-02-27 03:45:38.394 [info] > git show --textconv :venvs/karios/templates/startscreen3.html [14ms]
2024-02-27 03:45:38.402 [info] > git ls-files --stage -- /root/venvs/karios/templates/startscreen3.html [9ms]
2024-02-27 03:46:49.533 [info] > git show --textconv :venvs/karios/app.py [14ms]
2024-02-27 03:46:49.539 [info] > git ls-files --stage -- /root/venvs/karios/app.py [7ms]
2024-02-27 03:46:58.481 [info] > git show --textconv :venvs/karios/templates/startscreen3.html [16ms]
2024-02-27 03:46:58.485 [info] > git ls-files --stage -- /root/venvs/karios/templates/startscreen3.html [5ms]
2024-02-27 03:47:31.322 [info] > git show --textconv :venvs/karios/app.py [15ms]
2024-02-27 03:47:31.330 [info] > git ls-files --stage -- /root/venvs/karios/app.py [9ms]
2024-02-27 03:47:47.155 [info] > git show --textconv :venvs/karios/templates/startscreen3.html [15ms]
2024-02-27 03:47:47.163 [info] > git ls-files --stage -- /root/venvs/karios/templates/startscreen3.html [9ms]
2024-02-27 03:48:40.034 [info] > git show --textconv :venvs/karios/app.py [13ms]
2024-02-27 03:48:40.038 [info] > git ls-files --stage -- /root/venvs/karios/app.py [5ms]
2024-02-27 03:50:04.621 [info] > git ls-files --stage -- /root/venvs/karios/app.py [8ms]
2024-02-27 03:50:04.653 [info] > git show --textconv :venvs/karios/app.py [6ms]
2024-02-27 03:50:53.270 [info] > git show --textconv :venvs/karios/templates/startscreen3.html [14ms]
2024-02-27 03:50:53.274 [info] > git ls-files --stage -- /root/venvs/karios/templates/startscreen3.html [5ms]
2024-02-27 03:50:54.122 [info] > git show --textconv :venvs/karios/app.py [16ms]
2024-02-27 03:50:54.128 [info] > git ls-files --stage -- /root/venvs/karios/app.py [7ms]
2024-02-27 03:52:07.720 [info] > git ls-files --stage -- /root/venvs/karios/app.py [8ms]
2024-02-27 03:52:07.750 [info] > git show --textconv :venvs/karios/app.py [7ms]
2024-02-27 03:52:11.625 [info] > git show --textconv :venvs/karios/templates/startscreen3.html [16ms]
2024-02-27 03:52:11.629 [info] > git ls-files --stage -- /root/venvs/karios/templates/startscreen3.html [4ms]
2024-02-27 03:53:03.516 [info] > git ls-files --stage -- /root/venvs/karios/templates/startscreen3.html [6ms]
2024-02-27 03:53:03.546 [info] > git show --textconv :venvs/karios/templates/startscreen3.html [6ms]
2024-02-27 03:53:21.148 [info] > git show --textconv :venvs/karios/app.py [17ms]
2024-02-27 03:53:21.155 [info] > git ls-files --stage -- /root/venvs/karios/app.py [9ms]
2024-02-27 03:54:44.574 [info] > git show --textconv :venvs/karios/templates/startscreen3.html [14ms]
2024-02-27 03:54:44.582 [info] > git ls-files --stage -- /root/venvs/karios/templates/startscreen3.html [9ms]
2024-02-27 03:57:04.308 [info] > git ls-files --stage -- /root/venvs/karios/templates/startscreen3.html [7ms]
2024-02-27 03:57:04.335 [info] > git show --textconv :venvs/karios/templates/startscreen3.html [6ms]
2024-02-27 04:08:02.730 [info] > git check-ignore -v -z --stdin [10ms]
2024-02-27 04:08:48.987 [info] > git ls-files --stage -- /root/venvs/karios/templates/startscreen3.html [7ms]
2024-02-27 04:08:49.015 [info] > git show --textconv :venvs/karios/templates/startscreen3.html [6ms]
2024-02-27 04:15:24.820 [info] > git check-ignore -v -z --stdin [8ms]
2024-02-27 04:19:51.638 [info] > git check-ignore -v -z --stdin [6ms]
2024-02-27 04:20:51.977 [info] > git check-ignore -v -z --stdin [7ms]
2024-02-27 04:21:05.626 [info] > git check-ignore -v -z --stdin [7ms]
2024-02-27 04:22:31.036 [info] > git check-ignore -v -z --stdin [5ms]
2024-02-27 04:29:08.337 [info] > git ls-files --stage -- /root/venvs/karios/templates/startscreen3.html [9ms]
2024-02-27 04:29:08.368 [info] > git show --textconv :venvs/karios/templates/startscreen3.html [6ms]
2024-02-27 04:29:31.757 [info] > git check-ignore -v -z --stdin [9ms]
2024-02-27 04:33:13.467 [info] > git ls-files --stage -- /root/venvs/karios/templates/startscreen3.html [10ms]
2024-02-27 04:33:13.503 [info] > git show --textconv :venvs/karios/templates/startscreen3.html [8ms]
