2024-02-26 14:27:45.189 [info] Log level: Info
2024-02-26 14:27:45.189 [info] Validating found git in: "git"
2024-02-26 14:27:45.189 [info] Using git "2.20.1" from "git"
2024-02-26 14:27:45.189 [info] > git rev-parse --show-toplevel [3ms]
2024-02-26 14:27:45.189 [info] fatal: not a git repository (or any of the parent directories): .git
2024-02-26 14:27:45.189 [info] > git rev-parse --show-toplevel [2ms]
2024-02-26 14:27:45.189 [info] fatal: not a git repository (or any of the parent directories): .git
2024-02-26 14:27:45.199 [info] > git rev-parse --show-toplevel [4ms]
2024-02-26 14:27:45.199 [info] fatal: not a git repository (or any of the parent directories): .git
2024-02-26 14:27:48.190 [info] > git rev-parse --show-toplevel [2ms]
2024-02-26 14:27:48.190 [info] fatal: not a git repository (or any of the parent directories): .git
2024-02-26 14:31:22.155 [info] > git rev-parse --show-toplevel [3ms]
2024-02-26 14:31:22.170 [info] > git rev-parse --git-dir --git-common-dir [2ms]
2024-02-26 14:31:22.190 [info] Open repository: /root
2024-02-26 14:31:22.212 [info] No remotes found in the git config file.
2024-02-26 14:31:22.213 [info] > git for-each-ref --format=%(refname)%00%(upstream:short)%00%(objectname)%00%(upstream:track)%00%(upstream:remotename)%00%(upstream:remoteref) refs/heads/master refs/remotes/master [2ms]
2024-02-26 14:31:22.214 [warning] No such branch: master.
2024-02-26 14:31:22.215 [info] > git config --get commit.template [11ms]
2024-02-26 14:31:22.404 [info] > git status -z -uall [181ms] (cancelled)
2024-02-26 14:31:22.751 [info] > git check-ignore -v -z --stdin [2ms]
2024-02-26 14:31:23.185 [info] > git show --textconv :kairos/app.py [11ms]
2024-02-26 14:31:23.187 [info] > git ls-files --stage -- /root/kairos/app.py [3ms]
2024-02-26 14:32:21.639 [info] > git ls-files --stage -- /root/kairos/app.py [7ms]
2024-02-26 14:32:21.649 [info] > git cat-file -s e69de29bb2d1d6434b8b29ae775ad8c2e48c5391 [2ms]
2024-02-26 14:32:21.676 [info] > git show --textconv :kairos/app.py [6ms]
2024-02-26 14:32:25.952 [info] > git ls-files --stage -- /root/kairos/app.py [6ms]
2024-02-26 14:32:25.965 [info] > git cat-file -s e69de29bb2d1d6434b8b29ae775ad8c2e48c5391 [2ms]
2024-02-26 14:32:25.992 [info] > git show --textconv :kairos/app.py [8ms]
2024-02-26 14:35:10.221 [info] > git ls-files --stage -- /root/kairos/app.py [8ms]
2024-02-26 14:35:10.234 [info] > git cat-file -s e69de29bb2d1d6434b8b29ae775ad8c2e48c5391 [3ms]
2024-02-26 14:35:10.257 [info] > git show --textconv :kairos/app.py [6ms]
