2024-02-27 04:04:15.715 [info] Log level: Info
2024-02-27 04:04:15.716 [info] Validating found git in: "git"
2024-02-27 04:04:15.716 [info] Using git "2.20.1" from "git"
2024-02-27 04:04:15.716 [info] > git rev-parse --show-toplevel [3ms]
2024-02-27 04:04:15.716 [info] > git rev-parse --git-dir --git-common-dir [2ms]
2024-02-27 04:04:15.716 [info] Open repository: /root
2024-02-27 04:04:15.716 [info] > git rev-parse --show-toplevel [2ms]
2024-02-27 04:04:15.716 [info] > git config --get commit.template [12ms]
2024-02-27 04:04:15.716 [info] > git fetch [29ms]
2024-02-27 04:04:15.716 [info] No remotes found in the git config file.
2024-02-27 04:04:15.716 [info] > git rev-parse --show-toplevel [24ms]
2024-02-27 04:04:15.716 [info] > git for-each-ref --format=%(refname)%00%(upstream:short)%00%(objectname)%00%(upstream:track)%00%(upstream:remotename)%00%(upstream:remoteref) refs/heads/master refs/remotes/master [11ms]
2024-02-27 04:04:15.716 [warning] No such branch: master.
2024-02-27 04:04:15.716 [info] > git config --get commit.template [28ms]
2024-02-27 04:04:15.716 [info] No remotes found in the git config file.
2024-02-27 04:04:15.716 [info] > git rev-parse --show-toplevel [160ms]
2024-02-27 04:04:15.716 [info] > git config --get commit.template [19ms]
2024-02-27 04:04:15.716 [info] > git for-each-ref --format=%(refname)%00%(upstream:short)%00%(objectname)%00%(upstream:track)%00%(upstream:remotename)%00%(upstream:remoteref) refs/heads/master refs/remotes/master [32ms]
2024-02-27 04:04:15.716 [warning] No such branch: master.
2024-02-27 04:04:15.716 [info] > git rev-parse --show-toplevel [5ms]
2024-02-27 04:04:15.716 [info] No remotes found in the git config file.
2024-02-27 04:04:15.716 [info] > git for-each-ref --format=%(refname)%00%(upstream:short)%00%(objectname)%00%(upstream:track)%00%(upstream:remotename)%00%(upstream:remoteref) refs/heads/master refs/remotes/master [11ms]
2024-02-27 04:04:15.716 [warning] No such branch: master.
2024-02-27 04:04:15.716 [info] > git rev-parse --show-toplevel [13ms]
2024-02-27 04:04:15.797 [info] > git show --textconv :venvs/karios/app.py [14ms]
2024-02-27 04:04:15.806 [info] > git ls-files --stage -- /root/venvs/karios/app.py [10ms]
2024-02-27 04:04:15.832 [info] > git status -z -uall [201ms] (cancelled)
2024-02-27 04:04:16.258 [info] > git check-ignore -v -z --stdin [22ms]
2024-02-27 04:08:02.734 [info] > git check-ignore -v -z --stdin [7ms]
2024-02-27 04:12:04.613 [info] > git show --textconv :venvs/karios/static/css/main-style.css [16ms]
2024-02-27 04:12:04.619 [info] > git ls-files --stage -- /root/venvs/karios/static/css/main-style.css [8ms]
2024-02-27 04:12:04.673 [info] > git check-ignore -v -z --stdin [7ms]
2024-02-27 04:12:14.722 [info] > git show --textconv :venvs/karios/templates/detail.html [21ms]
2024-02-27 04:12:14.724 [info] > git ls-files --stage -- /root/venvs/karios/templates/detail.html [3ms]
2024-02-27 04:12:21.422 [info] > git show --textconv :venvs/karios/templates/startscreen.html [13ms]
2024-02-27 04:12:21.428 [info] > git ls-files --stage -- /root/venvs/karios/templates/startscreen.html [7ms]
2024-02-27 04:15:16.174 [info] > git show --textconv :venvs/karios/static/css/main-style.css [14ms]
2024-02-27 04:15:16.183 [info] > git ls-files --stage -- /root/venvs/karios/static/css/main-style.css [9ms]
2024-02-27 04:15:24.824 [info] > git check-ignore -v -z --stdin [4ms]
2024-02-27 04:15:45.607 [info] > git show --textconv :venvs/karios/templates/startscreen.html [15ms]
2024-02-27 04:15:45.613 [info] > git ls-files --stage -- /root/venvs/karios/templates/startscreen.html [7ms]
2024-02-27 04:16:31.547 [info] > git show --textconv :venvs/karios/static/css/main-style.css [15ms]
2024-02-27 04:16:31.552 [info] > git ls-files --stage -- /root/venvs/karios/static/css/main-style.css [7ms]
2024-02-27 04:17:02.908 [info] > git show --textconv :venvs/karios/templates/startscreen.html [16ms]
2024-02-27 04:17:02.915 [info] > git ls-files --stage -- /root/venvs/karios/templates/startscreen.html [8ms]
2024-02-27 04:17:06.088 [info] > git show --textconv :venvs/karios/templates/startscreen3.html [13ms]
2024-02-27 04:17:06.095 [info] > git ls-files --stage -- /root/venvs/karios/templates/startscreen3.html [8ms]
2024-02-27 04:17:10.507 [info] > git show --textconv :venvs/karios/app.py [13ms]
2024-02-27 04:17:10.516 [info] > git ls-files --stage -- /root/venvs/karios/app.py [10ms]
2024-02-27 04:17:32.534 [info] > git show --textconv :venvs/karios/templates/startscreen.html [14ms]
2024-02-27 04:17:32.540 [info] > git ls-files --stage -- /root/venvs/karios/templates/startscreen.html [6ms]
2024-02-27 04:17:33.229 [info] > git show --textconv :venvs/karios/templates/startscreen3.html [14ms]
2024-02-27 04:17:33.237 [info] > git ls-files --stage -- /root/venvs/karios/templates/startscreen3.html [9ms]
2024-02-27 04:17:39.775 [info] > git show --textconv :venvs/karios/static/css/main-style.css [16ms]
2024-02-27 04:17:39.783 [info] > git ls-files --stage -- /root/venvs/karios/static/css/main-style.css [9ms]
2024-02-27 04:17:49.559 [info] > git show --textconv :venvs/karios/templates/startscreen.html [13ms]
2024-02-27 04:17:49.563 [info] > git ls-files --stage -- /root/venvs/karios/templates/startscreen.html [5ms]
2024-02-27 04:17:56.586 [info] > git show --textconv :venvs/karios/app.py [15ms]
2024-02-27 04:17:56.590 [info] > git ls-files --stage -- /root/venvs/karios/app.py [5ms]
2024-02-27 04:19:50.958 [info] > git check-ignore -v -z --stdin [9ms]
2024-02-27 04:19:57.361 [info] > git show --textconv :venvs/karios/templates/startscreen3.html [15ms]
2024-02-27 04:19:57.370 [info] > git ls-files --stage -- /root/venvs/karios/templates/startscreen3.html [10ms]
2024-02-27 04:20:18.372 [info] > git show --textconv :venvs/karios/app.py [15ms]
2024-02-27 04:20:18.377 [info] > git ls-files --stage -- /root/venvs/karios/app.py [5ms]
2024-02-27 04:20:45.587 [info] > git check-ignore -v -z --stdin [10ms]
2024-02-27 04:20:51.371 [info] > git check-ignore -v -z --stdin [10ms]
2024-02-27 04:20:59.713 [info] > git check-ignore -v -z --stdin [7ms]
2024-02-27 04:21:17.794 [info] > git check-ignore -v -z --stdin [7ms]
2024-02-27 04:21:26.684 [info] > git show --textconv :venvs/karios/templates/startscreen.html [14ms]
2024-02-27 04:21:26.688 [info] > git ls-files --stage -- /root/venvs/karios/templates/startscreen.html [5ms]
2024-02-27 04:21:28.506 [info] > git show --textconv :venvs/karios/templates/startscreen3.html [14ms]
2024-02-27 04:21:28.510 [info] > git ls-files --stage -- /root/venvs/karios/templates/startscreen3.html [5ms]
2024-02-27 04:21:38.268 [info] > git show --textconv :venvs/karios/app.py [13ms]
2024-02-27 04:21:38.276 [info] > git ls-files --stage -- /root/venvs/karios/app.py [8ms]
2024-02-27 04:21:47.879 [info] > git check-ignore -v -z --stdin [5ms]
2024-02-27 04:21:49.824 [info] > git check-ignore -v -z --stdin [8ms]
2024-02-27 04:22:04.956 [info] > git show --textconv :venvs/karios/templates/startscreen3.html [16ms]
2024-02-27 04:22:04.962 [info] > git ls-files --stage -- /root/venvs/karios/templates/startscreen3.html [7ms]
2024-02-27 04:22:40.395 [info] > git show --textconv :venvs/karios/templates/startscreen.html [15ms]
2024-02-27 04:22:40.399 [info] > git ls-files --stage -- /root/venvs/karios/templates/startscreen.html [5ms]
2024-02-27 04:22:42.787 [info] > git show --textconv :venvs/karios/templates/startscreen3.html [17ms]
2024-02-27 04:22:42.793 [info] > git ls-files --stage -- /root/venvs/karios/templates/startscreen3.html [6ms]
2024-02-27 04:22:44.684 [info] > git show --textconv :venvs/karios/templates/startscreen.html [14ms]
2024-02-27 04:22:44.689 [info] > git ls-files --stage -- /root/venvs/karios/templates/startscreen.html [5ms]
2024-02-27 04:22:52.504 [info] > git show --textconv :venvs/karios/templates/startscreen3.html [15ms]
2024-02-27 04:22:52.511 [info] > git ls-files --stage -- /root/venvs/karios/templates/startscreen3.html [8ms]
2024-02-27 04:24:07.519 [info] > git show --textconv :venvs/karios/templates/startscreen.html [16ms]
2024-02-27 04:24:07.523 [info] > git ls-files --stage -- /root/venvs/karios/templates/startscreen.html [5ms]
2024-02-27 04:24:23.473 [info] > git show --textconv :venvs/karios/app.py [14ms]
2024-02-27 04:24:23.480 [info] > git ls-files --stage -- /root/venvs/karios/app.py [7ms]
2024-02-27 04:24:34.692 [info] > git show --textconv :venvs/karios/templates/startscreen3.html [13ms]
2024-02-27 04:24:34.698 [info] > git ls-files --stage -- /root/venvs/karios/templates/startscreen3.html [7ms]
2024-02-27 04:24:36.657 [info] > git show --textconv :venvs/karios/app.py [15ms]
2024-02-27 04:24:36.662 [info] > git ls-files --stage -- /root/venvs/karios/app.py [7ms]
2024-02-27 04:27:18.421 [info] > git ls-files --stage -- /root/venvs/karios/app.py [6ms]
2024-02-27 04:27:18.453 [info] > git show --textconv :venvs/karios/app.py [6ms]
2024-02-27 04:27:31.220 [info] > git ls-files --stage -- /root/venvs/karios/app.py [6ms]
2024-02-27 04:27:31.257 [info] > git show --textconv :venvs/karios/app.py [7ms]
2024-02-27 04:28:12.941 [info] > git ls-files --stage -- /root/venvs/karios/app.py [8ms]
2024-02-27 04:28:12.959 [info] > git cat-file -s 87c2ca153d820c0b9c5383169b56a88513ff1a6c [2ms]
2024-02-27 04:28:12.986 [info] > git show --textconv :venvs/karios/app.py [8ms]
2024-02-27 04:28:40.932 [info] > git ls-files --stage -- /root/venvs/karios/app.py [6ms]
2024-02-27 04:28:40.950 [info] > git cat-file -s 87c2ca153d820c0b9c5383169b56a88513ff1a6c [3ms]
2024-02-27 04:28:40.976 [info] > git show --textconv :venvs/karios/app.py [9ms]
2024-02-27 04:29:00.885 [info] > git ls-files --stage -- /root/venvs/karios/app.py [12ms]
2024-02-27 04:29:00.904 [info] > git cat-file -s 87c2ca153d820c0b9c5383169b56a88513ff1a6c [1ms]
2024-02-27 04:29:00.940 [info] > git show --textconv :venvs/karios/app.py [9ms]
2024-02-27 04:29:04.435 [info] > git show --textconv :venvs/karios/templates/calendar.html [16ms]
2024-02-27 04:29:04.440 [info] > git ls-files --stage -- /root/venvs/karios/templates/calendar.html [6ms]
2024-02-27 04:29:04.454 [info] > git cat-file -s db4f34978559e07a0815846a03ad1e9684375669 [1ms]
2024-02-27 04:29:05.362 [info] > git show --textconv :venvs/karios/templates/detail.html [14ms]
2024-02-27 04:29:05.371 [info] > git ls-files --stage -- /root/venvs/karios/templates/detail.html [10ms]
2024-02-27 04:29:05.389 [info] > git cat-file -s 61fa9fc8cfef47e87bd3858e830846ea70eb11e8 [3ms]
2024-02-27 04:29:06.477 [info] > git show --textconv :venvs/karios/app.py [20ms]
2024-02-27 04:29:06.486 [info] > git ls-files --stage -- /root/venvs/karios/app.py [10ms]
2024-02-27 04:29:06.502 [info] > git cat-file -s 87c2ca153d820c0b9c5383169b56a88513ff1a6c [2ms]
2024-02-27 04:29:31.948 [info] > git check-ignore -v -z --stdin [6ms]
2024-02-27 04:29:51.761 [info] > git ls-files --stage -- /root/venvs/karios/app.py [7ms]
2024-02-27 04:29:51.779 [info] > git cat-file -s 87c2ca153d820c0b9c5383169b56a88513ff1a6c [1ms]
2024-02-27 04:29:51.816 [info] > git show --textconv :venvs/karios/app.py [7ms]
2024-02-27 04:30:01.356 [info] > git ls-files --stage -- /root/venvs/karios/app.py [7ms]
2024-02-27 04:30:01.374 [info] > git cat-file -s 87c2ca153d820c0b9c5383169b56a88513ff1a6c [1ms]
2024-02-27 04:30:01.407 [info] > git show --textconv :venvs/karios/app.py [7ms]
2024-02-27 04:31:00.291 [info] > git ls-files --stage -- /root/venvs/karios/app.py [6ms]
2024-02-27 04:31:00.308 [info] > git cat-file -s 87c2ca153d820c0b9c5383169b56a88513ff1a6c [1ms]
2024-02-27 04:31:00.356 [info] > git show --textconv :venvs/karios/app.py [7ms]
2024-02-27 04:31:28.681 [info] > git ls-files --stage -- /root/venvs/karios/app.py [7ms]
2024-02-27 04:31:28.696 [info] > git cat-file -s 87c2ca153d820c0b9c5383169b56a88513ff1a6c [1ms]
2024-02-27 04:31:28.782 [info] > git show --textconv :venvs/karios/app.py [10ms]
2024-02-27 04:35:21.024 [info] > git ls-files --stage -- /root/venvs/karios/app.py [9ms]
2024-02-27 04:35:21.043 [info] > git cat-file -s 87c2ca153d820c0b9c5383169b56a88513ff1a6c [2ms]
2024-02-27 04:35:21.074 [info] > git show --textconv :venvs/karios/app.py [8ms]
2024-02-27 04:35:27.576 [info] > git show --textconv :venvs/karios/templates/detail.html [17ms]
2024-02-27 04:35:27.587 [info] > git ls-files --stage -- /root/venvs/karios/templates/detail.html [12ms]
2024-02-27 04:35:27.606 [info] > git cat-file -s 61fa9fc8cfef47e87bd3858e830846ea70eb11e8 [2ms]
2024-02-27 04:35:28.541 [info] > git show --textconv :venvs/karios/templates/calendar.html [14ms]
2024-02-27 04:35:28.550 [info] > git ls-files --stage -- /root/venvs/karios/templates/calendar.html [10ms]
2024-02-27 04:35:28.567 [info] > git cat-file -s db4f34978559e07a0815846a03ad1e9684375669 [2ms]
2024-02-27 04:35:30.618 [info] > git show --textconv :venvs/karios/templates/startscreen.html [17ms]
2024-02-27 04:35:30.629 [info] > git ls-files --stage -- /root/venvs/karios/templates/startscreen.html [11ms]
2024-02-27 04:35:30.650 [info] > git cat-file -s a1f900770d2f57b7820e7710ac8ee6feb05f9ec3 [3ms]
2024-02-27 04:35:32.831 [info] > git show --textconv :venvs/karios/templates/detail.html [16ms]
2024-02-27 04:35:32.840 [info] > git ls-files --stage -- /root/venvs/karios/templates/detail.html [10ms]
2024-02-27 04:35:32.857 [info] > git cat-file -s 61fa9fc8cfef47e87bd3858e830846ea70eb11e8 [1ms]
