2024-02-26 14:32:49.362 [info] Extension host with pid 237370 started
2024-02-26 14:32:49.362 [error] Error: EEXIST: file already exists, open '/root/.vscode-server/data/User/workspaceStorage/20aed7b36bd133173bd205d2d1d7daa8/vscode.lock'
2024-02-26 14:32:49.365 [info] Lock '/root/.vscode-server/data/User/workspaceStorage/20aed7b36bd133173bd205d2d1d7daa8/vscode.lock': Could not acquire lock, checking if the file is stale.
2024-02-26 14:32:49.370 [info] Lock '/root/.vscode-server/data/User/workspaceStorage/20aed7b36bd133173bd205d2d1d7daa8/vscode.lock': The lock does not look stale, elapsed: 826 ms, giving up.
2024-02-26 14:32:49.373 [info] Lock '/root/.vscode-server/data/User/workspaceStorage/20aed7b36bd133173bd205d2d1d7daa8-1/vscode.lock': Lock acquired.
2024-02-26 14:32:49.423 [info] ExtensionService#_doActivateExtension vscode.emmet, startup: false, activationEvent: 'onLanguage'
2024-02-26 14:32:49.489 [info] ExtensionService#_doActivateExtension vscode.git-base, startup: true, activationEvent: '*', root cause: vscode.git
2024-02-26 14:32:49.522 [info] ExtensionService#_doActivateExtension vscode.git, startup: true, activationEvent: '*'
2024-02-26 14:32:49.523 [info] ExtensionService#_doActivateExtension vscode.github, startup: true, activationEvent: '*'
2024-02-26 14:32:49.801 [info] Eager extensions activated
2024-02-26 14:32:49.801 [info] ExtensionService#_doActivateExtension vscode.debug-auto-launch, startup: false, activationEvent: 'onStartupFinished'
2024-02-26 14:32:49.802 [info] ExtensionService#_doActivateExtension vscode.merge-conflict, startup: false, activationEvent: 'onStartupFinished'
2024-02-26 14:32:55.382 [info] ExtensionService#_doActivateExtension ms-python.debugpy, startup: false, activationEvent: 'onLanguage:python'
2024-02-26 14:32:55.383 [info] ExtensionService#_doActivateExtension ms-python.python, startup: false, activationEvent: 'onLanguage:python'
2024-02-26 14:32:56.042 [info] ExtensionService#_doActivateExtension ms-python.vscode-pylance, startup: false, activationEvent: 'onLanguage:python'
2024-02-26 14:34:51.945 [warning] [Decorations] CAPPING events from decorations provider vscode.git 10000
2024-02-26 14:34:56.639 [error] Error: read ECONNRESET
	at TLSWrap.onStreamRead (node:internal/stream_base_commons:217:20)
2024-02-26 14:35:50.320 [warning] [Decorations] CAPPING events from decorations provider vscode.git 10018
2024-02-26 14:37:39.936 [info] ExtensionService#_doActivateExtension vscode.npm, startup: false, activationEvent: 'onTerminalQuickFixRequest:ms-vscode.npm-command'
2024-02-26 14:39:12.803 [warning] [Decorations] CAPPING events from decorations provider vscode.git 10001
2024-02-26 14:40:26.677 [info] ExtensionService#_doActivateExtension vscode.debug-server-ready, startup: false, activationEvent: 'onDebugResolve'
2024-02-26 14:42:31.769 [warning] [Decorations] CAPPING events from decorations provider vscode.git 10001
2024-02-26 14:45:32.163 [warning] [Decorations] CAPPING events from decorations provider vscode.git 10002
2024-02-26 14:51:06.258 [warning] [Decorations] CAPPING events from decorations provider vscode.git 10002
2024-02-26 14:54:06.645 [warning] [Decorations] CAPPING events from decorations provider vscode.git 10002
2024-02-26 14:55:12.126 [info] ExtensionService#_doActivateExtension vscode.extension-editing, startup: false, activationEvent: 'onLanguage:markdown'
2024-02-26 14:55:12.127 [info] ExtensionService#_doActivateExtension vscode.markdown-language-features, startup: false, activationEvent: 'onLanguage:markdown'
2024-02-26 14:55:12.774 [info] ExtensionService#_doActivateExtension vscode.markdown-math, startup: false, activationEvent: 'api', root cause: vscode.markdown-language-features
2024-02-26 15:01:50.926 [warning] [Decorations] CAPPING events from decorations provider vscode.git 10002
2024-02-26 15:02:26.788 [info] ExtensionService#_doActivateExtension mhutchie.git-graph, startup: false, activationEvent: '*'
2024-02-26 15:04:51.342 [warning] [Decorations] CAPPING events from decorations provider vscode.git 10002
2024-02-26 15:08:07.952 [warning] [Decorations] CAPPING events from decorations provider vscode.git 10002
2024-02-26 15:12:18.333 [warning] [Decorations] CAPPING events from decorations provider vscode.git 10002
2024-02-26 15:15:27.054 [warning] [Decorations] CAPPING events from decorations provider vscode.git 10002
2024-02-26 15:18:27.478 [warning] [Decorations] CAPPING events from decorations provider vscode.git 10002
2024-02-26 15:21:27.821 [warning] [Decorations] CAPPING events from decorations provider vscode.git 10002
2024-02-26 15:30:29.128 [warning] [Decorations] CAPPING events from decorations provider vscode.git 10002
2024-02-26 15:33:29.539 [warning] [Decorations] CAPPING events from decorations provider vscode.git 10002
2024-02-26 15:36:29.969 [warning] [Decorations] CAPPING events from decorations provider vscode.git 10002
2024-02-26 15:39:30.361 [warning] [Decorations] CAPPING events from decorations provider vscode.git 10002
2024-02-26 15:42:52.880 [warning] [Decorations] CAPPING events from decorations provider vscode.git 10002
2024-02-26 15:44:18.552 [info] ExtensionService#_doActivateExtension vscode.tunnel-forwarding, startup: false, activationEvent: 'onTunnel'
2024-02-26 15:45:54.834 [warning] [Decorations] CAPPING events from decorations provider vscode.git 10002
2024-02-26 15:46:04.462 [error] Error: Invalid debug adapter
    at l.o (vscode-file://vscode-app/c:/Users/%EA%B0%95%EB%AF%BC%EC%A7%80/AppData/Local/Programs/Microsoft%20VS%20Code/resources/app/out/vs/workbench/workbench.desktop.main.js:1905:95)
    at l.$acceptDAError (vscode-file://vscode-app/c:/Users/%EA%B0%95%EB%AF%BC%EC%A7%80/AppData/Local/Programs/Microsoft%20VS%20Code/resources/app/out/vs/workbench/workbench.desktop.main.js:1904:14822)
    at m.S (vscode-file://vscode-app/c:/Users/%EA%B0%95%EB%AF%BC%EC%A7%80/AppData/Local/Programs/Microsoft%20VS%20Code/resources/app/out/vs/workbench/workbench.desktop.main.js:1590:13967)
    at m.Q (vscode-file://vscode-app/c:/Users/%EA%B0%95%EB%AF%BC%EC%A7%80/AppData/Local/Programs/Microsoft%20VS%20Code/resources/app/out/vs/workbench/workbench.desktop.main.js:1590:13733)
    at m.M (vscode-file://vscode-app/c:/Users/%EA%B0%95%EB%AF%BC%EC%A7%80/AppData/Local/Programs/Microsoft%20VS%20Code/resources/app/out/vs/workbench/workbench.desktop.main.js:1590:12826)
    at m.L (vscode-file://vscode-app/c:/Users/%EA%B0%95%EB%AF%BC%EC%A7%80/AppData/Local/Programs/Microsoft%20VS%20Code/resources/app/out/vs/workbench/workbench.desktop.main.js:1590:11905)
    at a.value (vscode-file://vscode-app/c:/Users/%EA%B0%95%EB%AF%BC%EC%A7%80/AppData/Local/Programs/Microsoft%20VS%20Code/resources/app/out/vs/workbench/workbench.desktop.main.js:1590:10692)
    at o.y (vscode-file://vscode-app/c:/Users/%EA%B0%95%EB%AF%BC%EC%A7%80/AppData/Local/Programs/Microsoft%20VS%20Code/resources/app/out/vs/workbench/workbench.desktop.main.js:87:1902)
    at o.fire (vscode-file://vscode-app/c:/Users/%EA%B0%95%EB%AF%BC%EC%A7%80/AppData/Local/Programs/Microsoft%20VS%20Code/resources/app/out/vs/workbench/workbench.desktop.main.js:87:2119)
    at s.fire (vscode-file://vscode-app/c:/Users/%EA%B0%95%EB%AF%BC%EC%A7%80/AppData/Local/Programs/Microsoft%20VS%20Code/resources/app/out/vs/workbench/workbench.desktop.main.js:628:14470)
    at f.z (vscode-file://vscode-app/c:/Users/%EA%B0%95%EB%AF%BC%EC%A7%80/AppData/Local/Programs/Microsoft%20VS%20Code/resources/app/out/vs/workbench/workbench.desktop.main.js:628:17535)
    at a.value (vscode-file://vscode-app/c:/Users/%EA%B0%95%EB%AF%BC%EC%A7%80/AppData/Local/Programs/Microsoft%20VS%20Code/resources/app/out/vs/workbench/workbench.desktop.main.js:628:15987)
    at o.y (vscode-file://vscode-app/c:/Users/%EA%B0%95%EB%AF%BC%EC%A7%80/AppData/Local/Programs/Microsoft%20VS%20Code/resources/app/out/vs/workbench/workbench.desktop.main.js:87:1902)
    at o.fire (vscode-file://vscode-app/c:/Users/%EA%B0%95%EB%AF%BC%EC%A7%80/AppData/Local/Programs/Microsoft%20VS%20Code/resources/app/out/vs/workbench/workbench.desktop.main.js:87:2119)
    at a.acceptChunk (vscode-file://vscode-app/c:/Users/%EA%B0%95%EB%AF%BC%EC%A7%80/AppData/Local/Programs/Microsoft%20VS%20Code/resources/app/out/vs/workbench/workbench.desktop.main.js:628:12244)
    at vscode-file://vscode-app/c:/Users/%EA%B0%95%EB%AF%BC%EC%A7%80/AppData/Local/Programs/Microsoft%20VS%20Code/resources/app/out/vs/workbench/workbench.desktop.main.js:628:11531
    at a.value (vscode-file://vscode-app/c:/Users/%EA%B0%95%EB%AF%BC%EC%A7%80/AppData/Local/Programs/Microsoft%20VS%20Code/resources/app/out/vs/workbench/workbench.desktop.main.js:688:4915)
    at o.y (vscode-file://vscode-app/c:/Users/%EA%B0%95%EB%AF%BC%EC%A7%80/AppData/Local/Programs/Microsoft%20VS%20Code/resources/app/out/vs/workbench/workbench.desktop.main.js:87:1902)
    at o.fire (vscode-file://vscode-app/c:/Users/%EA%B0%95%EB%AF%BC%EC%A7%80/AppData/Local/Programs/Microsoft%20VS%20Code/resources/app/out/vs/workbench/workbench.desktop.main.js:87:2119)
    at j.onload (vscode-file://vscode-app/c:/Users/%EA%B0%95%EB%AF%BC%EC%A7%80/AppData/Local/Programs/Microsoft%20VS%20Code/resources/app/out/vs/workbench/workbench.desktop.main.js:688:3306)
2024-02-26 15:46:04.463 [error] Error: Invalid debug adapter
    at l.o (vscode-file://vscode-app/c:/Users/%EA%B0%95%EB%AF%BC%EC%A7%80/AppData/Local/Programs/Microsoft%20VS%20Code/resources/app/out/vs/workbench/workbench.desktop.main.js:1905:95)
    at l.$acceptDAExit (vscode-file://vscode-app/c:/Users/%EA%B0%95%EB%AF%BC%EC%A7%80/AppData/Local/Programs/Microsoft%20VS%20Code/resources/app/out/vs/workbench/workbench.desktop.main.js:1905:35)
    at m.S (vscode-file://vscode-app/c:/Users/%EA%B0%95%EB%AF%BC%EC%A7%80/AppData/Local/Programs/Microsoft%20VS%20Code/resources/app/out/vs/workbench/workbench.desktop.main.js:1590:13967)
    at m.Q (vscode-file://vscode-app/c:/Users/%EA%B0%95%EB%AF%BC%EC%A7%80/AppData/Local/Programs/Microsoft%20VS%20Code/resources/app/out/vs/workbench/workbench.desktop.main.js:1590:13733)
    at m.M (vscode-file://vscode-app/c:/Users/%EA%B0%95%EB%AF%BC%EC%A7%80/AppData/Local/Programs/Microsoft%20VS%20Code/resources/app/out/vs/workbench/workbench.desktop.main.js:1590:12826)
    at m.L (vscode-file://vscode-app/c:/Users/%EA%B0%95%EB%AF%BC%EC%A7%80/AppData/Local/Programs/Microsoft%20VS%20Code/resources/app/out/vs/workbench/workbench.desktop.main.js:1590:12044)
    at a.value (vscode-file://vscode-app/c:/Users/%EA%B0%95%EB%AF%BC%EC%A7%80/AppData/Local/Programs/Microsoft%20VS%20Code/resources/app/out/vs/workbench/workbench.desktop.main.js:1590:10692)
    at o.y (vscode-file://vscode-app/c:/Users/%EA%B0%95%EB%AF%BC%EC%A7%80/AppData/Local/Programs/Microsoft%20VS%20Code/resources/app/out/vs/workbench/workbench.desktop.main.js:87:1902)
    at o.fire (vscode-file://vscode-app/c:/Users/%EA%B0%95%EB%AF%BC%EC%A7%80/AppData/Local/Programs/Microsoft%20VS%20Code/resources/app/out/vs/workbench/workbench.desktop.main.js:87:2119)
    at s.fire (vscode-file://vscode-app/c:/Users/%EA%B0%95%EB%AF%BC%EC%A7%80/AppData/Local/Programs/Microsoft%20VS%20Code/resources/app/out/vs/workbench/workbench.desktop.main.js:628:14470)
    at f.z (vscode-file://vscode-app/c:/Users/%EA%B0%95%EB%AF%BC%EC%A7%80/AppData/Local/Programs/Microsoft%20VS%20Code/resources/app/out/vs/workbench/workbench.desktop.main.js:628:17535)
    at a.value (vscode-file://vscode-app/c:/Users/%EA%B0%95%EB%AF%BC%EC%A7%80/AppData/Local/Programs/Microsoft%20VS%20Code/resources/app/out/vs/workbench/workbench.desktop.main.js:628:15987)
    at o.y (vscode-file://vscode-app/c:/Users/%EA%B0%95%EB%AF%BC%EC%A7%80/AppData/Local/Programs/Microsoft%20VS%20Code/resources/app/out/vs/workbench/workbench.desktop.main.js:87:1902)
    at o.fire (vscode-file://vscode-app/c:/Users/%EA%B0%95%EB%AF%BC%EC%A7%80/AppData/Local/Programs/Microsoft%20VS%20Code/resources/app/out/vs/workbench/workbench.desktop.main.js:87:2119)
    at a.acceptChunk (vscode-file://vscode-app/c:/Users/%EA%B0%95%EB%AF%BC%EC%A7%80/AppData/Local/Programs/Microsoft%20VS%20Code/resources/app/out/vs/workbench/workbench.desktop.main.js:628:12244)
    at vscode-file://vscode-app/c:/Users/%EA%B0%95%EB%AF%BC%EC%A7%80/AppData/Local/Programs/Microsoft%20VS%20Code/resources/app/out/vs/workbench/workbench.desktop.main.js:628:11531
    at a.value (vscode-file://vscode-app/c:/Users/%EA%B0%95%EB%AF%BC%EC%A7%80/AppData/Local/Programs/Microsoft%20VS%20Code/resources/app/out/vs/workbench/workbench.desktop.main.js:688:4915)
    at o.y (vscode-file://vscode-app/c:/Users/%EA%B0%95%EB%AF%BC%EC%A7%80/AppData/Local/Programs/Microsoft%20VS%20Code/resources/app/out/vs/workbench/workbench.desktop.main.js:87:1902)
    at o.fire (vscode-file://vscode-app/c:/Users/%EA%B0%95%EB%AF%BC%EC%A7%80/AppData/Local/Programs/Microsoft%20VS%20Code/resources/app/out/vs/workbench/workbench.desktop.main.js:87:2119)
    at j.onload (vscode-file://vscode-app/c:/Users/%EA%B0%95%EB%AF%BC%EC%A7%80/AppData/Local/Programs/Microsoft%20VS%20Code/resources/app/out/vs/workbench/workbench.desktop.main.js:688:3306)
2024-02-26 15:48:48.951 [error] Error: Git error
	at ChildProcess.<anonymous> (/root/.vscode-server/bin/903b1e9d8990623e3d7da1df3d33db3e42d80eda/extensions/git/dist/main.js:2:994012)
	at ChildProcess.emit (node:events:526:35)
	at ChildProcess._handle.onexit (node:internal/child_process:291:12)
2024-02-26 15:48:48.951 [error] Error: Git error
	at ChildProcess.<anonymous> (/root/.vscode-server/bin/903b1e9d8990623e3d7da1df3d33db3e42d80eda/extensions/git/dist/main.js:2:994012)
	at ChildProcess.emit (node:events:526:35)
	at ChildProcess._handle.onexit (node:internal/child_process:291:12)
2024-02-26 15:48:48.951 [error] Error: Git error
	at ChildProcess.<anonymous> (/root/.vscode-server/bin/903b1e9d8990623e3d7da1df3d33db3e42d80eda/extensions/git/dist/main.js:2:994012)
	at ChildProcess.emit (node:events:526:35)
	at ChildProcess._handle.onexit (node:internal/child_process:291:12)
2024-02-26 15:48:48.951 [error] Error: Git error
	at ChildProcess.<anonymous> (/root/.vscode-server/bin/903b1e9d8990623e3d7da1df3d33db3e42d80eda/extensions/git/dist/main.js:2:994012)
	at ChildProcess.emit (node:events:526:35)
	at ChildProcess._handle.onexit (node:internal/child_process:291:12)
2024-02-26 15:48:48.951 [error] Error: Git error
	at ChildProcess.<anonymous> (/root/.vscode-server/bin/903b1e9d8990623e3d7da1df3d33db3e42d80eda/extensions/git/dist/main.js:2:994012)
	at ChildProcess.emit (node:events:526:35)
	at ChildProcess._handle.onexit (node:internal/child_process:291:12)
2024-02-26 15:48:48.951 [error] Error: Git error
	at ChildProcess.<anonymous> (/root/.vscode-server/bin/903b1e9d8990623e3d7da1df3d33db3e42d80eda/extensions/git/dist/main.js:2:994012)
	at ChildProcess.emit (node:events:526:35)
	at ChildProcess._handle.onexit (node:internal/child_process:291:12)
2024-02-26 15:48:48.951 [error] Error: Git error
	at ChildProcess.<anonymous> (/root/.vscode-server/bin/903b1e9d8990623e3d7da1df3d33db3e42d80eda/extensions/git/dist/main.js:2:994012)
	at ChildProcess.emit (node:events:526:35)
	at ChildProcess._handle.onexit (node:internal/child_process:291:12)
2024-02-26 15:48:48.951 [error] Error: Git error
	at ChildProcess.<anonymous> (/root/.vscode-server/bin/903b1e9d8990623e3d7da1df3d33db3e42d80eda/extensions/git/dist/main.js:2:994012)
	at ChildProcess.emit (node:events:526:35)
	at ChildProcess._handle.onexit (node:internal/child_process:291:12)
2024-02-26 15:48:48.951 [error] Error: Git error
	at ChildProcess.<anonymous> (/root/.vscode-server/bin/903b1e9d8990623e3d7da1df3d33db3e42d80eda/extensions/git/dist/main.js:2:994012)
	at ChildProcess.emit (node:events:526:35)
	at ChildProcess._handle.onexit (node:internal/child_process:291:12)
2024-02-26 15:48:48.951 [error] Error: Git error
	at ChildProcess.<anonymous> (/root/.vscode-server/bin/903b1e9d8990623e3d7da1df3d33db3e42d80eda/extensions/git/dist/main.js:2:994012)
	at ChildProcess.emit (node:events:526:35)
	at ChildProcess._handle.onexit (node:internal/child_process:291:12)
2024-02-26 15:48:48.952 [error] Error: Git error
	at ChildProcess.<anonymous> (/root/.vscode-server/bin/903b1e9d8990623e3d7da1df3d33db3e42d80eda/extensions/git/dist/main.js:2:994012)
	at ChildProcess.emit (node:events:526:35)
	at ChildProcess._handle.onexit (node:internal/child_process:291:12)
2024-02-26 15:48:48.952 [error] Error: Git error
	at ChildProcess.<anonymous> (/root/.vscode-server/bin/903b1e9d8990623e3d7da1df3d33db3e42d80eda/extensions/git/dist/main.js:2:994012)
	at ChildProcess.emit (node:events:526:35)
	at ChildProcess._handle.onexit (node:internal/child_process:291:12)
2024-02-26 15:48:48.952 [error] Error: Git error
	at ChildProcess.<anonymous> (/root/.vscode-server/bin/903b1e9d8990623e3d7da1df3d33db3e42d80eda/extensions/git/dist/main.js:2:994012)
	at ChildProcess.emit (node:events:526:35)
	at ChildProcess._handle.onexit (node:internal/child_process:291:12)
2024-02-26 15:48:48.952 [error] Error: Git error
	at ChildProcess.<anonymous> (/root/.vscode-server/bin/903b1e9d8990623e3d7da1df3d33db3e42d80eda/extensions/git/dist/main.js:2:994012)
	at ChildProcess.emit (node:events:526:35)
	at ChildProcess._handle.onexit (node:internal/child_process:291:12)
2024-02-26 15:48:48.952 [error] Error: Git error
	at ChildProcess.<anonymous> (/root/.vscode-server/bin/903b1e9d8990623e3d7da1df3d33db3e42d80eda/extensions/git/dist/main.js:2:994012)
	at ChildProcess.emit (node:events:526:35)
	at ChildProcess._handle.onexit (node:internal/child_process:291:12)
2024-02-26 15:48:48.952 [error] Error: Git error
	at ChildProcess.<anonymous> (/root/.vscode-server/bin/903b1e9d8990623e3d7da1df3d33db3e42d80eda/extensions/git/dist/main.js:2:994012)
	at ChildProcess.emit (node:events:526:35)
	at ChildProcess._handle.onexit (node:internal/child_process:291:12)
2024-02-26 15:48:48.952 [error] Error: Git error
	at ChildProcess.<anonymous> (/root/.vscode-server/bin/903b1e9d8990623e3d7da1df3d33db3e42d80eda/extensions/git/dist/main.js:2:994012)
	at ChildProcess.emit (node:events:526:35)
	at ChildProcess._handle.onexit (node:internal/child_process:291:12)
2024-02-26 15:48:48.952 [error] Error: Git error
	at ChildProcess.<anonymous> (/root/.vscode-server/bin/903b1e9d8990623e3d7da1df3d33db3e42d80eda/extensions/git/dist/main.js:2:994012)
	at ChildProcess.emit (node:events:526:35)
	at ChildProcess._handle.onexit (node:internal/child_process:291:12)
2024-02-26 15:48:48.952 [error] Error: Git error
	at ChildProcess.<anonymous> (/root/.vscode-server/bin/903b1e9d8990623e3d7da1df3d33db3e42d80eda/extensions/git/dist/main.js:2:994012)
	at ChildProcess.emit (node:events:526:35)
	at ChildProcess._handle.onexit (node:internal/child_process:291:12)
2024-02-26 15:48:48.952 [error] Error: Git error
	at ChildProcess.<anonymous> (/root/.vscode-server/bin/903b1e9d8990623e3d7da1df3d33db3e42d80eda/extensions/git/dist/main.js:2:994012)
	at ChildProcess.emit (node:events:526:35)
	at ChildProcess._handle.onexit (node:internal/child_process:291:12)
2024-02-26 15:48:48.952 [error] Error: Git error
	at ChildProcess.<anonymous> (/root/.vscode-server/bin/903b1e9d8990623e3d7da1df3d33db3e42d80eda/extensions/git/dist/main.js:2:994012)
	at ChildProcess.emit (node:events:526:35)
	at ChildProcess._handle.onexit (node:internal/child_process:291:12)
2024-02-26 15:48:48.952 [error] Error: Git error
	at ChildProcess.<anonymous> (/root/.vscode-server/bin/903b1e9d8990623e3d7da1df3d33db3e42d80eda/extensions/git/dist/main.js:2:994012)
	at ChildProcess.emit (node:events:526:35)
	at ChildProcess._handle.onexit (node:internal/child_process:291:12)
2024-02-26 15:48:48.952 [error] Error: Git error
	at ChildProcess.<anonymous> (/root/.vscode-server/bin/903b1e9d8990623e3d7da1df3d33db3e42d80eda/extensions/git/dist/main.js:2:994012)
	at ChildProcess.emit (node:events:526:35)
	at ChildProcess._handle.onexit (node:internal/child_process:291:12)
2024-02-26 15:48:48.952 [error] Error: Git error
	at ChildProcess.<anonymous> (/root/.vscode-server/bin/903b1e9d8990623e3d7da1df3d33db3e42d80eda/extensions/git/dist/main.js:2:994012)
	at ChildProcess.emit (node:events:526:35)
	at ChildProcess._handle.onexit (node:internal/child_process:291:12)
2024-02-26 15:48:48.952 [error] Error: Git error
	at ChildProcess.<anonymous> (/root/.vscode-server/bin/903b1e9d8990623e3d7da1df3d33db3e42d80eda/extensions/git/dist/main.js:2:994012)
	at ChildProcess.emit (node:events:526:35)
	at ChildProcess._handle.onexit (node:internal/child_process:291:12)
2024-02-26 15:48:48.952 [error] Error: Git error
	at ChildProcess.<anonymous> (/root/.vscode-server/bin/903b1e9d8990623e3d7da1df3d33db3e42d80eda/extensions/git/dist/main.js:2:994012)
	at ChildProcess.emit (node:events:526:35)
	at ChildProcess._handle.onexit (node:internal/child_process:291:12)
2024-02-26 15:48:48.952 [error] Error: Git error
	at ChildProcess.<anonymous> (/root/.vscode-server/bin/903b1e9d8990623e3d7da1df3d33db3e42d80eda/extensions/git/dist/main.js:2:994012)
	at ChildProcess.emit (node:events:526:35)
	at ChildProcess._handle.onexit (node:internal/child_process:291:12)
2024-02-26 15:48:49.954 [error] Error: Git error
	at ChildProcess.<anonymous> (/root/.vscode-server/bin/903b1e9d8990623e3d7da1df3d33db3e42d80eda/extensions/git/dist/main.js:2:994012)
	at ChildProcess.emit (node:events:526:35)
	at ChildProcess._handle.onexit (node:internal/child_process:291:12)
2024-02-26 15:48:49.962 [error] Error: Git error
	at ChildProcess.<anonymous> (/root/.vscode-server/bin/903b1e9d8990623e3d7da1df3d33db3e42d80eda/extensions/git/dist/main.js:2:994012)
	at ChildProcess.emit (node:events:526:35)
	at ChildProcess._handle.onexit (node:internal/child_process:291:12)
2024-02-26 15:48:49.963 [error] Error: Git error
	at ChildProcess.<anonymous> (/root/.vscode-server/bin/903b1e9d8990623e3d7da1df3d33db3e42d80eda/extensions/git/dist/main.js:2:994012)
	at ChildProcess.emit (node:events:526:35)
	at ChildProcess._handle.onexit (node:internal/child_process:291:12)
2024-02-26 15:48:49.964 [error] Error: Git error
	at ChildProcess.<anonymous> (/root/.vscode-server/bin/903b1e9d8990623e3d7da1df3d33db3e42d80eda/extensions/git/dist/main.js:2:994012)
	at ChildProcess.emit (node:events:526:35)
	at ChildProcess._handle.onexit (node:internal/child_process:291:12)
2024-02-26 15:48:49.964 [error] Error: Git error
	at ChildProcess.<anonymous> (/root/.vscode-server/bin/903b1e9d8990623e3d7da1df3d33db3e42d80eda/extensions/git/dist/main.js:2:994012)
	at ChildProcess.emit (node:events:526:35)
	at ChildProcess._handle.onexit (node:internal/child_process:291:12)
2024-02-26 15:48:49.965 [error] Error: Git error
	at ChildProcess.<anonymous> (/root/.vscode-server/bin/903b1e9d8990623e3d7da1df3d33db3e42d80eda/extensions/git/dist/main.js:2:994012)
	at ChildProcess.emit (node:events:526:35)
	at ChildProcess._handle.onexit (node:internal/child_process:291:12)
2024-02-26 15:48:49.965 [error] Error: Git error
	at ChildProcess.<anonymous> (/root/.vscode-server/bin/903b1e9d8990623e3d7da1df3d33db3e42d80eda/extensions/git/dist/main.js:2:994012)
	at ChildProcess.emit (node:events:526:35)
	at ChildProcess._handle.onexit (node:internal/child_process:291:12)
2024-02-26 15:48:49.966 [error] Error: Git error
	at ChildProcess.<anonymous> (/root/.vscode-server/bin/903b1e9d8990623e3d7da1df3d33db3e42d80eda/extensions/git/dist/main.js:2:994012)
	at ChildProcess.emit (node:events:526:35)
	at ChildProcess._handle.onexit (node:internal/child_process:291:12)
2024-02-26 15:48:49.967 [error] Error: Git error
	at ChildProcess.<anonymous> (/root/.vscode-server/bin/903b1e9d8990623e3d7da1df3d33db3e42d80eda/extensions/git/dist/main.js:2:994012)
	at ChildProcess.emit (node:events:526:35)
	at ChildProcess._handle.onexit (node:internal/child_process:291:12)
2024-02-26 15:48:49.968 [error] Error: Git error
	at ChildProcess.<anonymous> (/root/.vscode-server/bin/903b1e9d8990623e3d7da1df3d33db3e42d80eda/extensions/git/dist/main.js:2:994012)
	at ChildProcess.emit (node:events:526:35)
	at ChildProcess._handle.onexit (node:internal/child_process:291:12)
2024-02-26 15:48:49.969 [error] Error: Git error
	at ChildProcess.<anonymous> (/root/.vscode-server/bin/903b1e9d8990623e3d7da1df3d33db3e42d80eda/extensions/git/dist/main.js:2:994012)
	at ChildProcess.emit (node:events:526:35)
	at ChildProcess._handle.onexit (node:internal/child_process:291:12)
2024-02-26 15:48:49.970 [error] Error: Git error
	at ChildProcess.<anonymous> (/root/.vscode-server/bin/903b1e9d8990623e3d7da1df3d33db3e42d80eda/extensions/git/dist/main.js:2:994012)
	at ChildProcess.emit (node:events:526:35)
	at ChildProcess._handle.onexit (node:internal/child_process:291:12)
2024-02-26 15:48:49.971 [error] Error: Git error
	at ChildProcess.<anonymous> (/root/.vscode-server/bin/903b1e9d8990623e3d7da1df3d33db3e42d80eda/extensions/git/dist/main.js:2:994012)
	at ChildProcess.emit (node:events:526:35)
	at ChildProcess._handle.onexit (node:internal/child_process:291:12)
2024-02-26 15:48:49.971 [error] Error: Git error
	at ChildProcess.<anonymous> (/root/.vscode-server/bin/903b1e9d8990623e3d7da1df3d33db3e42d80eda/extensions/git/dist/main.js:2:994012)
	at ChildProcess.emit (node:events:526:35)
	at ChildProcess._handle.onexit (node:internal/child_process:291:12)
2024-02-26 15:48:49.972 [error] Error: Git error
	at ChildProcess.<anonymous> (/root/.vscode-server/bin/903b1e9d8990623e3d7da1df3d33db3e42d80eda/extensions/git/dist/main.js:2:994012)
	at ChildProcess.emit (node:events:526:35)
	at ChildProcess._handle.onexit (node:internal/child_process:291:12)
2024-02-26 15:48:49.972 [error] Error: Git error
	at ChildProcess.<anonymous> (/root/.vscode-server/bin/903b1e9d8990623e3d7da1df3d33db3e42d80eda/extensions/git/dist/main.js:2:994012)
	at ChildProcess.emit (node:events:526:35)
	at ChildProcess._handle.onexit (node:internal/child_process:291:12)
2024-02-26 15:48:49.973 [error] Error: Git error
	at ChildProcess.<anonymous> (/root/.vscode-server/bin/903b1e9d8990623e3d7da1df3d33db3e42d80eda/extensions/git/dist/main.js:2:994012)
	at ChildProcess.emit (node:events:526:35)
	at ChildProcess._handle.onexit (node:internal/child_process:291:12)
2024-02-26 15:48:49.973 [error] Error: Git error
	at ChildProcess.<anonymous> (/root/.vscode-server/bin/903b1e9d8990623e3d7da1df3d33db3e42d80eda/extensions/git/dist/main.js:2:994012)
	at ChildProcess.emit (node:events:526:35)
	at ChildProcess._handle.onexit (node:internal/child_process:291:12)
2024-02-26 15:48:49.974 [error] Error: Git error
	at ChildProcess.<anonymous> (/root/.vscode-server/bin/903b1e9d8990623e3d7da1df3d33db3e42d80eda/extensions/git/dist/main.js:2:994012)
	at ChildProcess.emit (node:events:526:35)
	at ChildProcess._handle.onexit (node:internal/child_process:291:12)
2024-02-26 15:48:49.974 [error] Error: Git error
	at ChildProcess.<anonymous> (/root/.vscode-server/bin/903b1e9d8990623e3d7da1df3d33db3e42d80eda/extensions/git/dist/main.js:2:994012)
	at ChildProcess.emit (node:events:526:35)
	at ChildProcess._handle.onexit (node:internal/child_process:291:12)
2024-02-26 15:48:49.975 [error] Error: Git error
	at ChildProcess.<anonymous> (/root/.vscode-server/bin/903b1e9d8990623e3d7da1df3d33db3e42d80eda/extensions/git/dist/main.js:2:994012)
	at ChildProcess.emit (node:events:526:35)
	at ChildProcess._handle.onexit (node:internal/child_process:291:12)
2024-02-26 15:48:49.975 [error] Error: Git error
	at ChildProcess.<anonymous> (/root/.vscode-server/bin/903b1e9d8990623e3d7da1df3d33db3e42d80eda/extensions/git/dist/main.js:2:994012)
	at ChildProcess.emit (node:events:526:35)
	at ChildProcess._handle.onexit (node:internal/child_process:291:12)
2024-02-26 15:48:49.976 [error] Error: Git error
	at ChildProcess.<anonymous> (/root/.vscode-server/bin/903b1e9d8990623e3d7da1df3d33db3e42d80eda/extensions/git/dist/main.js:2:994012)
	at ChildProcess.emit (node:events:526:35)
	at ChildProcess._handle.onexit (node:internal/child_process:291:12)
2024-02-26 15:48:49.976 [error] Error: Git error
	at ChildProcess.<anonymous> (/root/.vscode-server/bin/903b1e9d8990623e3d7da1df3d33db3e42d80eda/extensions/git/dist/main.js:2:994012)
	at ChildProcess.emit (node:events:526:35)
	at ChildProcess._handle.onexit (node:internal/child_process:291:12)
2024-02-26 15:48:49.976 [error] Error: Git error
	at ChildProcess.<anonymous> (/root/.vscode-server/bin/903b1e9d8990623e3d7da1df3d33db3e42d80eda/extensions/git/dist/main.js:2:994012)
	at ChildProcess.emit (node:events:526:35)
	at ChildProcess._handle.onexit (node:internal/child_process:291:12)
2024-02-26 15:48:49.977 [error] Error: Git error
	at ChildProcess.<anonymous> (/root/.vscode-server/bin/903b1e9d8990623e3d7da1df3d33db3e42d80eda/extensions/git/dist/main.js:2:994012)
	at ChildProcess.emit (node:events:526:35)
	at ChildProcess._handle.onexit (node:internal/child_process:291:12)
2024-02-26 15:48:49.977 [error] Error: Git error
	at ChildProcess.<anonymous> (/root/.vscode-server/bin/903b1e9d8990623e3d7da1df3d33db3e42d80eda/extensions/git/dist/main.js:2:994012)
	at ChildProcess.emit (node:events:526:35)
	at ChildProcess._handle.onexit (node:internal/child_process:291:12)
2024-02-26 15:48:55.258 [warning] [Decorations] CAPPING events from decorations provider vscode.git 10002
2024-02-26 15:51:58.494 [warning] [Decorations] CAPPING events from decorations provider vscode.git 10002
2024-02-26 15:54:58.849 [warning] [Decorations] CAPPING events from decorations provider vscode.git 10002
2024-02-26 16:01:08.144 [warning] [Decorations] CAPPING events from decorations provider vscode.git 10002
2024-02-26 16:44:58.413 [warning] [Decorations] CAPPING events from decorations provider vscode.git 10002
2024-02-26 16:52:15.831 [warning] [Decorations] CAPPING events from decorations provider vscode.git 10002
2024-02-26 17:01:08.238 [info] ExtensionService#_doActivateExtension cweijan.vscode-mysql-client2, startup: false, activationEvent: 'onStartupFinished'
2024-02-26 17:05:08.723 [warning] [Decorations] CAPPING events from decorations provider vscode.git 10002
2024-02-26 18:48:55.592 [warning] [Decorations] CAPPING events from decorations provider vscode.git 10002
2024-02-26 18:51:56.028 [warning] [Decorations] CAPPING events from decorations provider vscode.git 10002
2024-02-26 18:54:57.705 [warning] [Decorations] CAPPING events from decorations provider vscode.git 10002
2024-02-26 18:57:58.139 [warning] [Decorations] CAPPING events from decorations provider vscode.git 10002
2024-02-26 19:02:10.464 [warning] [Decorations] CAPPING events from decorations provider vscode.git 10001
2024-02-26 19:02:57.025 [info] ExtensionService#_doActivateExtension vscode.html-language-features, startup: false, activationEvent: 'onLanguage:html'
2024-02-26 19:05:10.832 [warning] [Decorations] CAPPING events from decorations provider vscode.git 10001
2024-02-26 19:09:05.730 [warning] [Decorations] CAPPING events from decorations provider vscode.git 10001
2024-02-26 19:12:06.096 [warning] [Decorations] CAPPING events from decorations provider vscode.git 10001
2024-02-26 20:45:38.729 [warning] [Decorations] CAPPING events from decorations provider vscode.git 10002
2024-02-26 20:56:30.466 [warning] [Decorations] CAPPING events from decorations provider vscode.git 10004
2024-02-26 21:04:56.976 [warning] [Decorations] CAPPING events from decorations provider vscode.git 10004
2024-02-26 21:13:15.388 [warning] [Decorations] CAPPING events from decorations provider vscode.git 10004
2024-02-26 21:20:04.251 [warning] [Decorations] CAPPING events from decorations provider vscode.git 10004
2024-02-26 21:23:04.636 [warning] [Decorations] CAPPING events from decorations provider vscode.git 10004
2024-02-26 22:09:17.778 [warning] [Decorations] CAPPING events from decorations provider vscode.git 10004
2024-02-26 22:12:18.243 [warning] [Decorations] CAPPING events from decorations provider vscode.git 10004
2024-02-26 22:12:47.137 [info] ExtensionService#_doActivateExtension vscode.css-language-features, startup: false, activationEvent: 'onLanguage:css'
2024-02-26 22:13:03.447 [info] ExtensionService#_doActivateExtension vscode.typescript-language-features, startup: false, activationEvent: 'onLanguage:javascript'
2024-02-26 22:46:01.866 [warning] [Decorations] CAPPING events from decorations provider vscode.git 10004
2024-02-26 23:02:18.050 [warning] [Decorations] CAPPING events from decorations provider vscode.git 10004
2024-02-26 23:05:52.755 [warning] [Decorations] CAPPING events from decorations provider vscode.git 10002
2024-02-26 23:26:40.782 [warning] [Decorations] CAPPING events from decorations provider vscode.git 10002
2024-02-26 23:47:14.006 [warning] [Decorations] CAPPING events from decorations provider vscode.git 10003
2024-02-26 23:50:25.738 [warning] [Decorations] CAPPING events from decorations provider vscode.git 10003
2024-02-26 23:59:05.423 [warning] [Decorations] CAPPING events from decorations provider vscode.git 10003
2024-02-27 00:03:03.551 [warning] [Decorations] CAPPING events from decorations provider vscode.git 10003
2024-02-27 00:06:03.953 [warning] [Decorations] CAPPING events from decorations provider vscode.git 10003
2024-02-27 00:09:04.375 [warning] [Decorations] CAPPING events from decorations provider vscode.git 10003
2024-02-27 00:12:04.832 [warning] [Decorations] CAPPING events from decorations provider vscode.git 10003
2024-02-27 00:15:05.291 [warning] [Decorations] CAPPING events from decorations provider vscode.git 10003
2024-02-27 00:18:17.228 [warning] [Decorations] CAPPING events from decorations provider vscode.git 10003
2024-02-27 00:21:17.732 [warning] [Decorations] CAPPING events from decorations provider vscode.git 10003
2024-02-27 00:24:18.146 [warning] [Decorations] CAPPING events from decorations provider vscode.git 10003
2024-02-27 00:27:18.637 [warning] [Decorations] CAPPING events from decorations provider vscode.git 10003
2024-02-27 00:30:40.108 [warning] [Decorations] CAPPING events from decorations provider vscode.git 10003
2024-02-27 00:33:40.540 [warning] [Decorations] CAPPING events from decorations provider vscode.git 10003
2024-02-27 00:38:06.742 [warning] [Decorations] CAPPING events from decorations provider vscode.git 10003
2024-02-27 00:41:07.175 [warning] [Decorations] CAPPING events from decorations provider vscode.git 10003
2024-02-27 00:44:09.529 [warning] [Decorations] CAPPING events from decorations provider vscode.git 10003
2024-02-27 00:47:32.361 [warning] [Decorations] CAPPING events from decorations provider vscode.git 10003
2024-02-27 00:50:32.755 [warning] [Decorations] CAPPING events from decorations provider vscode.git 10003
2024-02-27 00:54:00.418 [warning] [Decorations] CAPPING events from decorations provider vscode.git 10003
2024-02-27 00:57:01.571 [warning] [Decorations] CAPPING events from decorations provider vscode.git 10003
2024-02-27 01:00:07.138 [warning] [Decorations] CAPPING events from decorations provider vscode.git 10003
2024-02-27 01:03:07.516 [warning] [Decorations] CAPPING events from decorations provider vscode.git 10003
2024-02-27 01:06:07.889 [warning] [Decorations] CAPPING events from decorations provider vscode.git 10003
2024-02-27 01:09:08.284 [warning] [Decorations] CAPPING events from decorations provider vscode.git 10003
2024-02-27 01:11:29.648 [error] Error: Invalid debug adapter
    at l.o (vscode-file://vscode-app/c:/Users/%EA%B0%95%EB%AF%BC%EC%A7%80/AppData/Local/Programs/Microsoft%20VS%20Code/resources/app/out/vs/workbench/workbench.desktop.main.js:1905:95)
    at l.$acceptDAError (vscode-file://vscode-app/c:/Users/%EA%B0%95%EB%AF%BC%EC%A7%80/AppData/Local/Programs/Microsoft%20VS%20Code/resources/app/out/vs/workbench/workbench.desktop.main.js:1904:14822)
    at m.S (vscode-file://vscode-app/c:/Users/%EA%B0%95%EB%AF%BC%EC%A7%80/AppData/Local/Programs/Microsoft%20VS%20Code/resources/app/out/vs/workbench/workbench.desktop.main.js:1590:13967)
    at m.Q (vscode-file://vscode-app/c:/Users/%EA%B0%95%EB%AF%BC%EC%A7%80/AppData/Local/Programs/Microsoft%20VS%20Code/resources/app/out/vs/workbench/workbench.desktop.main.js:1590:13733)
    at m.M (vscode-file://vscode-app/c:/Users/%EA%B0%95%EB%AF%BC%EC%A7%80/AppData/Local/Programs/Microsoft%20VS%20Code/resources/app/out/vs/workbench/workbench.desktop.main.js:1590:12826)
    at m.L (vscode-file://vscode-app/c:/Users/%EA%B0%95%EB%AF%BC%EC%A7%80/AppData/Local/Programs/Microsoft%20VS%20Code/resources/app/out/vs/workbench/workbench.desktop.main.js:1590:11905)
    at a.value (vscode-file://vscode-app/c:/Users/%EA%B0%95%EB%AF%BC%EC%A7%80/AppData/Local/Programs/Microsoft%20VS%20Code/resources/app/out/vs/workbench/workbench.desktop.main.js:1590:10692)
    at o.y (vscode-file://vscode-app/c:/Users/%EA%B0%95%EB%AF%BC%EC%A7%80/AppData/Local/Programs/Microsoft%20VS%20Code/resources/app/out/vs/workbench/workbench.desktop.main.js:87:1902)
    at o.fire (vscode-file://vscode-app/c:/Users/%EA%B0%95%EB%AF%BC%EC%A7%80/AppData/Local/Programs/Microsoft%20VS%20Code/resources/app/out/vs/workbench/workbench.desktop.main.js:87:2119)
    at s.fire (vscode-file://vscode-app/c:/Users/%EA%B0%95%EB%AF%BC%EC%A7%80/AppData/Local/Programs/Microsoft%20VS%20Code/resources/app/out/vs/workbench/workbench.desktop.main.js:628:14470)
    at f.z (vscode-file://vscode-app/c:/Users/%EA%B0%95%EB%AF%BC%EC%A7%80/AppData/Local/Programs/Microsoft%20VS%20Code/resources/app/out/vs/workbench/workbench.desktop.main.js:628:17535)
    at a.value (vscode-file://vscode-app/c:/Users/%EA%B0%95%EB%AF%BC%EC%A7%80/AppData/Local/Programs/Microsoft%20VS%20Code/resources/app/out/vs/workbench/workbench.desktop.main.js:628:15987)
    at o.y (vscode-file://vscode-app/c:/Users/%EA%B0%95%EB%AF%BC%EC%A7%80/AppData/Local/Programs/Microsoft%20VS%20Code/resources/app/out/vs/workbench/workbench.desktop.main.js:87:1902)
    at o.fire (vscode-file://vscode-app/c:/Users/%EA%B0%95%EB%AF%BC%EC%A7%80/AppData/Local/Programs/Microsoft%20VS%20Code/resources/app/out/vs/workbench/workbench.desktop.main.js:87:2119)
    at a.acceptChunk (vscode-file://vscode-app/c:/Users/%EA%B0%95%EB%AF%BC%EC%A7%80/AppData/Local/Programs/Microsoft%20VS%20Code/resources/app/out/vs/workbench/workbench.desktop.main.js:628:12244)
    at vscode-file://vscode-app/c:/Users/%EA%B0%95%EB%AF%BC%EC%A7%80/AppData/Local/Programs/Microsoft%20VS%20Code/resources/app/out/vs/workbench/workbench.desktop.main.js:628:11531
    at a.value (vscode-file://vscode-app/c:/Users/%EA%B0%95%EB%AF%BC%EC%A7%80/AppData/Local/Programs/Microsoft%20VS%20Code/resources/app/out/vs/workbench/workbench.desktop.main.js:688:4915)
    at o.y (vscode-file://vscode-app/c:/Users/%EA%B0%95%EB%AF%BC%EC%A7%80/AppData/Local/Programs/Microsoft%20VS%20Code/resources/app/out/vs/workbench/workbench.desktop.main.js:87:1902)
    at o.fire (vscode-file://vscode-app/c:/Users/%EA%B0%95%EB%AF%BC%EC%A7%80/AppData/Local/Programs/Microsoft%20VS%20Code/resources/app/out/vs/workbench/workbench.desktop.main.js:87:2119)
    at j.onload (vscode-file://vscode-app/c:/Users/%EA%B0%95%EB%AF%BC%EC%A7%80/AppData/Local/Programs/Microsoft%20VS%20Code/resources/app/out/vs/workbench/workbench.desktop.main.js:688:3306)
2024-02-27 01:11:29.649 [error] Error: Invalid debug adapter
    at l.o (vscode-file://vscode-app/c:/Users/%EA%B0%95%EB%AF%BC%EC%A7%80/AppData/Local/Programs/Microsoft%20VS%20Code/resources/app/out/vs/workbench/workbench.desktop.main.js:1905:95)
    at l.$acceptDAExit (vscode-file://vscode-app/c:/Users/%EA%B0%95%EB%AF%BC%EC%A7%80/AppData/Local/Programs/Microsoft%20VS%20Code/resources/app/out/vs/workbench/workbench.desktop.main.js:1905:35)
    at m.S (vscode-file://vscode-app/c:/Users/%EA%B0%95%EB%AF%BC%EC%A7%80/AppData/Local/Programs/Microsoft%20VS%20Code/resources/app/out/vs/workbench/workbench.desktop.main.js:1590:13967)
    at m.Q (vscode-file://vscode-app/c:/Users/%EA%B0%95%EB%AF%BC%EC%A7%80/AppData/Local/Programs/Microsoft%20VS%20Code/resources/app/out/vs/workbench/workbench.desktop.main.js:1590:13733)
    at m.M (vscode-file://vscode-app/c:/Users/%EA%B0%95%EB%AF%BC%EC%A7%80/AppData/Local/Programs/Microsoft%20VS%20Code/resources/app/out/vs/workbench/workbench.desktop.main.js:1590:12826)
    at m.L (vscode-file://vscode-app/c:/Users/%EA%B0%95%EB%AF%BC%EC%A7%80/AppData/Local/Programs/Microsoft%20VS%20Code/resources/app/out/vs/workbench/workbench.desktop.main.js:1590:12044)
    at a.value (vscode-file://vscode-app/c:/Users/%EA%B0%95%EB%AF%BC%EC%A7%80/AppData/Local/Programs/Microsoft%20VS%20Code/resources/app/out/vs/workbench/workbench.desktop.main.js:1590:10692)
    at o.y (vscode-file://vscode-app/c:/Users/%EA%B0%95%EB%AF%BC%EC%A7%80/AppData/Local/Programs/Microsoft%20VS%20Code/resources/app/out/vs/workbench/workbench.desktop.main.js:87:1902)
    at o.fire (vscode-file://vscode-app/c:/Users/%EA%B0%95%EB%AF%BC%EC%A7%80/AppData/Local/Programs/Microsoft%20VS%20Code/resources/app/out/vs/workbench/workbench.desktop.main.js:87:2119)
    at s.fire (vscode-file://vscode-app/c:/Users/%EA%B0%95%EB%AF%BC%EC%A7%80/AppData/Local/Programs/Microsoft%20VS%20Code/resources/app/out/vs/workbench/workbench.desktop.main.js:628:14470)
    at f.z (vscode-file://vscode-app/c:/Users/%EA%B0%95%EB%AF%BC%EC%A7%80/AppData/Local/Programs/Microsoft%20VS%20Code/resources/app/out/vs/workbench/workbench.desktop.main.js:628:17535)
    at a.value (vscode-file://vscode-app/c:/Users/%EA%B0%95%EB%AF%BC%EC%A7%80/AppData/Local/Programs/Microsoft%20VS%20Code/resources/app/out/vs/workbench/workbench.desktop.main.js:628:15987)
    at o.y (vscode-file://vscode-app/c:/Users/%EA%B0%95%EB%AF%BC%EC%A7%80/AppData/Local/Programs/Microsoft%20VS%20Code/resources/app/out/vs/workbench/workbench.desktop.main.js:87:1902)
    at o.fire (vscode-file://vscode-app/c:/Users/%EA%B0%95%EB%AF%BC%EC%A7%80/AppData/Local/Programs/Microsoft%20VS%20Code/resources/app/out/vs/workbench/workbench.desktop.main.js:87:2119)
    at a.acceptChunk (vscode-file://vscode-app/c:/Users/%EA%B0%95%EB%AF%BC%EC%A7%80/AppData/Local/Programs/Microsoft%20VS%20Code/resources/app/out/vs/workbench/workbench.desktop.main.js:628:12244)
    at vscode-file://vscode-app/c:/Users/%EA%B0%95%EB%AF%BC%EC%A7%80/AppData/Local/Programs/Microsoft%20VS%20Code/resources/app/out/vs/workbench/workbench.desktop.main.js:628:11531
    at a.value (vscode-file://vscode-app/c:/Users/%EA%B0%95%EB%AF%BC%EC%A7%80/AppData/Local/Programs/Microsoft%20VS%20Code/resources/app/out/vs/workbench/workbench.desktop.main.js:688:4915)
    at o.y (vscode-file://vscode-app/c:/Users/%EA%B0%95%EB%AF%BC%EC%A7%80/AppData/Local/Programs/Microsoft%20VS%20Code/resources/app/out/vs/workbench/workbench.desktop.main.js:87:1902)
    at o.fire (vscode-file://vscode-app/c:/Users/%EA%B0%95%EB%AF%BC%EC%A7%80/AppData/Local/Programs/Microsoft%20VS%20Code/resources/app/out/vs/workbench/workbench.desktop.main.js:87:2119)
    at j.onload (vscode-file://vscode-app/c:/Users/%EA%B0%95%EB%AF%BC%EC%A7%80/AppData/Local/Programs/Microsoft%20VS%20Code/resources/app/out/vs/workbench/workbench.desktop.main.js:688:3306)
2024-02-27 01:12:31.400 [warning] [Decorations] CAPPING events from decorations provider vscode.git 10003
2024-02-27 01:16:02.692 [warning] [Decorations] CAPPING events from decorations provider vscode.git 10003
2024-02-27 01:19:03.203 [warning] [Decorations] CAPPING events from decorations provider vscode.git 10003
2024-02-27 01:22:03.712 [warning] [Decorations] CAPPING events from decorations provider vscode.git 10003
2024-02-27 01:26:56.902 [warning] [Decorations] CAPPING events from decorations provider vscode.git 10003
2024-02-27 01:29:59.587 [warning] [Decorations] CAPPING events from decorations provider vscode.git 10003
2024-02-27 01:33:12.283 [warning] [Decorations] CAPPING events from decorations provider vscode.git 10003
2024-02-27 01:36:12.685 [warning] [Decorations] CAPPING events from decorations provider vscode.git 10003
2024-02-27 01:39:13.477 [warning] [Decorations] CAPPING events from decorations provider vscode.git 10003
2024-02-27 01:42:37.186 [warning] [Decorations] CAPPING events from decorations provider vscode.git 10003
2024-02-27 01:45:37.573 [warning] [Decorations] CAPPING events from decorations provider vscode.git 10003
2024-02-27 01:48:37.952 [warning] [Decorations] CAPPING events from decorations provider vscode.git 10003
2024-02-27 01:51:38.418 [warning] [Decorations] CAPPING events from decorations provider vscode.git 10003
2024-02-27 01:52:16.344 [error] Error: Invalid debug adapter
    at l.o (vscode-file://vscode-app/c:/Users/%EA%B0%95%EB%AF%BC%EC%A7%80/AppData/Local/Programs/Microsoft%20VS%20Code/resources/app/out/vs/workbench/workbench.desktop.main.js:1905:95)
    at l.$acceptDAError (vscode-file://vscode-app/c:/Users/%EA%B0%95%EB%AF%BC%EC%A7%80/AppData/Local/Programs/Microsoft%20VS%20Code/resources/app/out/vs/workbench/workbench.desktop.main.js:1904:14822)
    at m.S (vscode-file://vscode-app/c:/Users/%EA%B0%95%EB%AF%BC%EC%A7%80/AppData/Local/Programs/Microsoft%20VS%20Code/resources/app/out/vs/workbench/workbench.desktop.main.js:1590:13967)
    at m.Q (vscode-file://vscode-app/c:/Users/%EA%B0%95%EB%AF%BC%EC%A7%80/AppData/Local/Programs/Microsoft%20VS%20Code/resources/app/out/vs/workbench/workbench.desktop.main.js:1590:13733)
    at m.M (vscode-file://vscode-app/c:/Users/%EA%B0%95%EB%AF%BC%EC%A7%80/AppData/Local/Programs/Microsoft%20VS%20Code/resources/app/out/vs/workbench/workbench.desktop.main.js:1590:12826)
    at m.L (vscode-file://vscode-app/c:/Users/%EA%B0%95%EB%AF%BC%EC%A7%80/AppData/Local/Programs/Microsoft%20VS%20Code/resources/app/out/vs/workbench/workbench.desktop.main.js:1590:11905)
    at a.value (vscode-file://vscode-app/c:/Users/%EA%B0%95%EB%AF%BC%EC%A7%80/AppData/Local/Programs/Microsoft%20VS%20Code/resources/app/out/vs/workbench/workbench.desktop.main.js:1590:10692)
    at o.y (vscode-file://vscode-app/c:/Users/%EA%B0%95%EB%AF%BC%EC%A7%80/AppData/Local/Programs/Microsoft%20VS%20Code/resources/app/out/vs/workbench/workbench.desktop.main.js:87:1902)
    at o.fire (vscode-file://vscode-app/c:/Users/%EA%B0%95%EB%AF%BC%EC%A7%80/AppData/Local/Programs/Microsoft%20VS%20Code/resources/app/out/vs/workbench/workbench.desktop.main.js:87:2119)
    at s.fire (vscode-file://vscode-app/c:/Users/%EA%B0%95%EB%AF%BC%EC%A7%80/AppData/Local/Programs/Microsoft%20VS%20Code/resources/app/out/vs/workbench/workbench.desktop.main.js:628:14470)
    at f.z (vscode-file://vscode-app/c:/Users/%EA%B0%95%EB%AF%BC%EC%A7%80/AppData/Local/Programs/Microsoft%20VS%20Code/resources/app/out/vs/workbench/workbench.desktop.main.js:628:17535)
    at a.value (vscode-file://vscode-app/c:/Users/%EA%B0%95%EB%AF%BC%EC%A7%80/AppData/Local/Programs/Microsoft%20VS%20Code/resources/app/out/vs/workbench/workbench.desktop.main.js:628:15987)
    at o.y (vscode-file://vscode-app/c:/Users/%EA%B0%95%EB%AF%BC%EC%A7%80/AppData/Local/Programs/Microsoft%20VS%20Code/resources/app/out/vs/workbench/workbench.desktop.main.js:87:1902)
    at o.fire (vscode-file://vscode-app/c:/Users/%EA%B0%95%EB%AF%BC%EC%A7%80/AppData/Local/Programs/Microsoft%20VS%20Code/resources/app/out/vs/workbench/workbench.desktop.main.js:87:2119)
    at a.acceptChunk (vscode-file://vscode-app/c:/Users/%EA%B0%95%EB%AF%BC%EC%A7%80/AppData/Local/Programs/Microsoft%20VS%20Code/resources/app/out/vs/workbench/workbench.desktop.main.js:628:12244)
    at vscode-file://vscode-app/c:/Users/%EA%B0%95%EB%AF%BC%EC%A7%80/AppData/Local/Programs/Microsoft%20VS%20Code/resources/app/out/vs/workbench/workbench.desktop.main.js:628:11531
    at a.value (vscode-file://vscode-app/c:/Users/%EA%B0%95%EB%AF%BC%EC%A7%80/AppData/Local/Programs/Microsoft%20VS%20Code/resources/app/out/vs/workbench/workbench.desktop.main.js:688:4915)
    at o.y (vscode-file://vscode-app/c:/Users/%EA%B0%95%EB%AF%BC%EC%A7%80/AppData/Local/Programs/Microsoft%20VS%20Code/resources/app/out/vs/workbench/workbench.desktop.main.js:87:1902)
    at o.fire (vscode-file://vscode-app/c:/Users/%EA%B0%95%EB%AF%BC%EC%A7%80/AppData/Local/Programs/Microsoft%20VS%20Code/resources/app/out/vs/workbench/workbench.desktop.main.js:87:2119)
    at j.onload (vscode-file://vscode-app/c:/Users/%EA%B0%95%EB%AF%BC%EC%A7%80/AppData/Local/Programs/Microsoft%20VS%20Code/resources/app/out/vs/workbench/workbench.desktop.main.js:688:3306)
2024-02-27 01:52:16.345 [error] Error: Invalid debug adapter
    at l.o (vscode-file://vscode-app/c:/Users/%EA%B0%95%EB%AF%BC%EC%A7%80/AppData/Local/Programs/Microsoft%20VS%20Code/resources/app/out/vs/workbench/workbench.desktop.main.js:1905:95)
    at l.$acceptDAExit (vscode-file://vscode-app/c:/Users/%EA%B0%95%EB%AF%BC%EC%A7%80/AppData/Local/Programs/Microsoft%20VS%20Code/resources/app/out/vs/workbench/workbench.desktop.main.js:1905:35)
    at m.S (vscode-file://vscode-app/c:/Users/%EA%B0%95%EB%AF%BC%EC%A7%80/AppData/Local/Programs/Microsoft%20VS%20Code/resources/app/out/vs/workbench/workbench.desktop.main.js:1590:13967)
    at m.Q (vscode-file://vscode-app/c:/Users/%EA%B0%95%EB%AF%BC%EC%A7%80/AppData/Local/Programs/Microsoft%20VS%20Code/resources/app/out/vs/workbench/workbench.desktop.main.js:1590:13733)
    at m.M (vscode-file://vscode-app/c:/Users/%EA%B0%95%EB%AF%BC%EC%A7%80/AppData/Local/Programs/Microsoft%20VS%20Code/resources/app/out/vs/workbench/workbench.desktop.main.js:1590:12826)
    at m.L (vscode-file://vscode-app/c:/Users/%EA%B0%95%EB%AF%BC%EC%A7%80/AppData/Local/Programs/Microsoft%20VS%20Code/resources/app/out/vs/workbench/workbench.desktop.main.js:1590:12044)
    at a.value (vscode-file://vscode-app/c:/Users/%EA%B0%95%EB%AF%BC%EC%A7%80/AppData/Local/Programs/Microsoft%20VS%20Code/resources/app/out/vs/workbench/workbench.desktop.main.js:1590:10692)
    at o.y (vscode-file://vscode-app/c:/Users/%EA%B0%95%EB%AF%BC%EC%A7%80/AppData/Local/Programs/Microsoft%20VS%20Code/resources/app/out/vs/workbench/workbench.desktop.main.js:87:1902)
    at o.fire (vscode-file://vscode-app/c:/Users/%EA%B0%95%EB%AF%BC%EC%A7%80/AppData/Local/Programs/Microsoft%20VS%20Code/resources/app/out/vs/workbench/workbench.desktop.main.js:87:2119)
    at s.fire (vscode-file://vscode-app/c:/Users/%EA%B0%95%EB%AF%BC%EC%A7%80/AppData/Local/Programs/Microsoft%20VS%20Code/resources/app/out/vs/workbench/workbench.desktop.main.js:628:14470)
    at f.z (vscode-file://vscode-app/c:/Users/%EA%B0%95%EB%AF%BC%EC%A7%80/AppData/Local/Programs/Microsoft%20VS%20Code/resources/app/out/vs/workbench/workbench.desktop.main.js:628:17535)
    at a.value (vscode-file://vscode-app/c:/Users/%EA%B0%95%EB%AF%BC%EC%A7%80/AppData/Local/Programs/Microsoft%20VS%20Code/resources/app/out/vs/workbench/workbench.desktop.main.js:628:15987)
    at o.y (vscode-file://vscode-app/c:/Users/%EA%B0%95%EB%AF%BC%EC%A7%80/AppData/Local/Programs/Microsoft%20VS%20Code/resources/app/out/vs/workbench/workbench.desktop.main.js:87:1902)
    at o.fire (vscode-file://vscode-app/c:/Users/%EA%B0%95%EB%AF%BC%EC%A7%80/AppData/Local/Programs/Microsoft%20VS%20Code/resources/app/out/vs/workbench/workbench.desktop.main.js:87:2119)
    at a.acceptChunk (vscode-file://vscode-app/c:/Users/%EA%B0%95%EB%AF%BC%EC%A7%80/AppData/Local/Programs/Microsoft%20VS%20Code/resources/app/out/vs/workbench/workbench.desktop.main.js:628:12244)
    at vscode-file://vscode-app/c:/Users/%EA%B0%95%EB%AF%BC%EC%A7%80/AppData/Local/Programs/Microsoft%20VS%20Code/resources/app/out/vs/workbench/workbench.desktop.main.js:628:11531
    at a.value (vscode-file://vscode-app/c:/Users/%EA%B0%95%EB%AF%BC%EC%A7%80/AppData/Local/Programs/Microsoft%20VS%20Code/resources/app/out/vs/workbench/workbench.desktop.main.js:688:4915)
    at o.y (vscode-file://vscode-app/c:/Users/%EA%B0%95%EB%AF%BC%EC%A7%80/AppData/Local/Programs/Microsoft%20VS%20Code/resources/app/out/vs/workbench/workbench.desktop.main.js:87:1902)
    at o.fire (vscode-file://vscode-app/c:/Users/%EA%B0%95%EB%AF%BC%EC%A7%80/AppData/Local/Programs/Microsoft%20VS%20Code/resources/app/out/vs/workbench/workbench.desktop.main.js:87:2119)
    at j.onload (vscode-file://vscode-app/c:/Users/%EA%B0%95%EB%AF%BC%EC%A7%80/AppData/Local/Programs/Microsoft%20VS%20Code/resources/app/out/vs/workbench/workbench.desktop.main.js:688:3306)
2024-02-27 01:52:22.903 [error] Error: Invalid debug adapter
    at l.o (vscode-file://vscode-app/c:/Users/%EA%B0%95%EB%AF%BC%EC%A7%80/AppData/Local/Programs/Microsoft%20VS%20Code/resources/app/out/vs/workbench/workbench.desktop.main.js:1905:95)
    at l.$acceptDAError (vscode-file://vscode-app/c:/Users/%EA%B0%95%EB%AF%BC%EC%A7%80/AppData/Local/Programs/Microsoft%20VS%20Code/resources/app/out/vs/workbench/workbench.desktop.main.js:1904:14822)
    at m.S (vscode-file://vscode-app/c:/Users/%EA%B0%95%EB%AF%BC%EC%A7%80/AppData/Local/Programs/Microsoft%20VS%20Code/resources/app/out/vs/workbench/workbench.desktop.main.js:1590:13967)
    at m.Q (vscode-file://vscode-app/c:/Users/%EA%B0%95%EB%AF%BC%EC%A7%80/AppData/Local/Programs/Microsoft%20VS%20Code/resources/app/out/vs/workbench/workbench.desktop.main.js:1590:13733)
    at m.M (vscode-file://vscode-app/c:/Users/%EA%B0%95%EB%AF%BC%EC%A7%80/AppData/Local/Programs/Microsoft%20VS%20Code/resources/app/out/vs/workbench/workbench.desktop.main.js:1590:12826)
    at m.L (vscode-file://vscode-app/c:/Users/%EA%B0%95%EB%AF%BC%EC%A7%80/AppData/Local/Programs/Microsoft%20VS%20Code/resources/app/out/vs/workbench/workbench.desktop.main.js:1590:11905)
    at a.value (vscode-file://vscode-app/c:/Users/%EA%B0%95%EB%AF%BC%EC%A7%80/AppData/Local/Programs/Microsoft%20VS%20Code/resources/app/out/vs/workbench/workbench.desktop.main.js:1590:10692)
    at o.y (vscode-file://vscode-app/c:/Users/%EA%B0%95%EB%AF%BC%EC%A7%80/AppData/Local/Programs/Microsoft%20VS%20Code/resources/app/out/vs/workbench/workbench.desktop.main.js:87:1902)
    at o.fire (vscode-file://vscode-app/c:/Users/%EA%B0%95%EB%AF%BC%EC%A7%80/AppData/Local/Programs/Microsoft%20VS%20Code/resources/app/out/vs/workbench/workbench.desktop.main.js:87:2119)
    at s.fire (vscode-file://vscode-app/c:/Users/%EA%B0%95%EB%AF%BC%EC%A7%80/AppData/Local/Programs/Microsoft%20VS%20Code/resources/app/out/vs/workbench/workbench.desktop.main.js:628:14470)
    at f.z (vscode-file://vscode-app/c:/Users/%EA%B0%95%EB%AF%BC%EC%A7%80/AppData/Local/Programs/Microsoft%20VS%20Code/resources/app/out/vs/workbench/workbench.desktop.main.js:628:17535)
    at a.value (vscode-file://vscode-app/c:/Users/%EA%B0%95%EB%AF%BC%EC%A7%80/AppData/Local/Programs/Microsoft%20VS%20Code/resources/app/out/vs/workbench/workbench.desktop.main.js:628:15987)
    at o.y (vscode-file://vscode-app/c:/Users/%EA%B0%95%EB%AF%BC%EC%A7%80/AppData/Local/Programs/Microsoft%20VS%20Code/resources/app/out/vs/workbench/workbench.desktop.main.js:87:1902)
    at o.fire (vscode-file://vscode-app/c:/Users/%EA%B0%95%EB%AF%BC%EC%A7%80/AppData/Local/Programs/Microsoft%20VS%20Code/resources/app/out/vs/workbench/workbench.desktop.main.js:87:2119)
    at a.acceptChunk (vscode-file://vscode-app/c:/Users/%EA%B0%95%EB%AF%BC%EC%A7%80/AppData/Local/Programs/Microsoft%20VS%20Code/resources/app/out/vs/workbench/workbench.desktop.main.js:628:12244)
    at vscode-file://vscode-app/c:/Users/%EA%B0%95%EB%AF%BC%EC%A7%80/AppData/Local/Programs/Microsoft%20VS%20Code/resources/app/out/vs/workbench/workbench.desktop.main.js:628:11531
    at a.value (vscode-file://vscode-app/c:/Users/%EA%B0%95%EB%AF%BC%EC%A7%80/AppData/Local/Programs/Microsoft%20VS%20Code/resources/app/out/vs/workbench/workbench.desktop.main.js:688:4915)
    at o.y (vscode-file://vscode-app/c:/Users/%EA%B0%95%EB%AF%BC%EC%A7%80/AppData/Local/Programs/Microsoft%20VS%20Code/resources/app/out/vs/workbench/workbench.desktop.main.js:87:1902)
    at o.fire (vscode-file://vscode-app/c:/Users/%EA%B0%95%EB%AF%BC%EC%A7%80/AppData/Local/Programs/Microsoft%20VS%20Code/resources/app/out/vs/workbench/workbench.desktop.main.js:87:2119)
    at j.onload (vscode-file://vscode-app/c:/Users/%EA%B0%95%EB%AF%BC%EC%A7%80/AppData/Local/Programs/Microsoft%20VS%20Code/resources/app/out/vs/workbench/workbench.desktop.main.js:688:3306)
2024-02-27 01:52:22.904 [error] Error: Invalid debug adapter
    at l.o (vscode-file://vscode-app/c:/Users/%EA%B0%95%EB%AF%BC%EC%A7%80/AppData/Local/Programs/Microsoft%20VS%20Code/resources/app/out/vs/workbench/workbench.desktop.main.js:1905:95)
    at l.$acceptDAExit (vscode-file://vscode-app/c:/Users/%EA%B0%95%EB%AF%BC%EC%A7%80/AppData/Local/Programs/Microsoft%20VS%20Code/resources/app/out/vs/workbench/workbench.desktop.main.js:1905:35)
    at m.S (vscode-file://vscode-app/c:/Users/%EA%B0%95%EB%AF%BC%EC%A7%80/AppData/Local/Programs/Microsoft%20VS%20Code/resources/app/out/vs/workbench/workbench.desktop.main.js:1590:13967)
    at m.Q (vscode-file://vscode-app/c:/Users/%EA%B0%95%EB%AF%BC%EC%A7%80/AppData/Local/Programs/Microsoft%20VS%20Code/resources/app/out/vs/workbench/workbench.desktop.main.js:1590:13733)
    at m.M (vscode-file://vscode-app/c:/Users/%EA%B0%95%EB%AF%BC%EC%A7%80/AppData/Local/Programs/Microsoft%20VS%20Code/resources/app/out/vs/workbench/workbench.desktop.main.js:1590:12826)
    at m.L (vscode-file://vscode-app/c:/Users/%EA%B0%95%EB%AF%BC%EC%A7%80/AppData/Local/Programs/Microsoft%20VS%20Code/resources/app/out/vs/workbench/workbench.desktop.main.js:1590:12044)
    at a.value (vscode-file://vscode-app/c:/Users/%EA%B0%95%EB%AF%BC%EC%A7%80/AppData/Local/Programs/Microsoft%20VS%20Code/resources/app/out/vs/workbench/workbench.desktop.main.js:1590:10692)
    at o.y (vscode-file://vscode-app/c:/Users/%EA%B0%95%EB%AF%BC%EC%A7%80/AppData/Local/Programs/Microsoft%20VS%20Code/resources/app/out/vs/workbench/workbench.desktop.main.js:87:1902)
    at o.fire (vscode-file://vscode-app/c:/Users/%EA%B0%95%EB%AF%BC%EC%A7%80/AppData/Local/Programs/Microsoft%20VS%20Code/resources/app/out/vs/workbench/workbench.desktop.main.js:87:2119)
    at s.fire (vscode-file://vscode-app/c:/Users/%EA%B0%95%EB%AF%BC%EC%A7%80/AppData/Local/Programs/Microsoft%20VS%20Code/resources/app/out/vs/workbench/workbench.desktop.main.js:628:14470)
    at f.z (vscode-file://vscode-app/c:/Users/%EA%B0%95%EB%AF%BC%EC%A7%80/AppData/Local/Programs/Microsoft%20VS%20Code/resources/app/out/vs/workbench/workbench.desktop.main.js:628:17535)
    at a.value (vscode-file://vscode-app/c:/Users/%EA%B0%95%EB%AF%BC%EC%A7%80/AppData/Local/Programs/Microsoft%20VS%20Code/resources/app/out/vs/workbench/workbench.desktop.main.js:628:15987)
    at o.y (vscode-file://vscode-app/c:/Users/%EA%B0%95%EB%AF%BC%EC%A7%80/AppData/Local/Programs/Microsoft%20VS%20Code/resources/app/out/vs/workbench/workbench.desktop.main.js:87:1902)
    at o.fire (vscode-file://vscode-app/c:/Users/%EA%B0%95%EB%AF%BC%EC%A7%80/AppData/Local/Programs/Microsoft%20VS%20Code/resources/app/out/vs/workbench/workbench.desktop.main.js:87:2119)
    at a.acceptChunk (vscode-file://vscode-app/c:/Users/%EA%B0%95%EB%AF%BC%EC%A7%80/AppData/Local/Programs/Microsoft%20VS%20Code/resources/app/out/vs/workbench/workbench.desktop.main.js:628:12244)
    at vscode-file://vscode-app/c:/Users/%EA%B0%95%EB%AF%BC%EC%A7%80/AppData/Local/Programs/Microsoft%20VS%20Code/resources/app/out/vs/workbench/workbench.desktop.main.js:628:11531
    at a.value (vscode-file://vscode-app/c:/Users/%EA%B0%95%EB%AF%BC%EC%A7%80/AppData/Local/Programs/Microsoft%20VS%20Code/resources/app/out/vs/workbench/workbench.desktop.main.js:688:4915)
    at o.y (vscode-file://vscode-app/c:/Users/%EA%B0%95%EB%AF%BC%EC%A7%80/AppData/Local/Programs/Microsoft%20VS%20Code/resources/app/out/vs/workbench/workbench.desktop.main.js:87:1902)
    at o.fire (vscode-file://vscode-app/c:/Users/%EA%B0%95%EB%AF%BC%EC%A7%80/AppData/Local/Programs/Microsoft%20VS%20Code/resources/app/out/vs/workbench/workbench.desktop.main.js:87:2119)
    at j.onload (vscode-file://vscode-app/c:/Users/%EA%B0%95%EB%AF%BC%EC%A7%80/AppData/Local/Programs/Microsoft%20VS%20Code/resources/app/out/vs/workbench/workbench.desktop.main.js:688:3306)
2024-02-27 01:53:22.430 [error] Error: Invalid debug adapter
    at l.o (vscode-file://vscode-app/c:/Users/%EA%B0%95%EB%AF%BC%EC%A7%80/AppData/Local/Programs/Microsoft%20VS%20Code/resources/app/out/vs/workbench/workbench.desktop.main.js:1905:95)
    at l.$acceptDAError (vscode-file://vscode-app/c:/Users/%EA%B0%95%EB%AF%BC%EC%A7%80/AppData/Local/Programs/Microsoft%20VS%20Code/resources/app/out/vs/workbench/workbench.desktop.main.js:1904:14822)
    at m.S (vscode-file://vscode-app/c:/Users/%EA%B0%95%EB%AF%BC%EC%A7%80/AppData/Local/Programs/Microsoft%20VS%20Code/resources/app/out/vs/workbench/workbench.desktop.main.js:1590:13967)
    at m.Q (vscode-file://vscode-app/c:/Users/%EA%B0%95%EB%AF%BC%EC%A7%80/AppData/Local/Programs/Microsoft%20VS%20Code/resources/app/out/vs/workbench/workbench.desktop.main.js:1590:13733)
    at m.M (vscode-file://vscode-app/c:/Users/%EA%B0%95%EB%AF%BC%EC%A7%80/AppData/Local/Programs/Microsoft%20VS%20Code/resources/app/out/vs/workbench/workbench.desktop.main.js:1590:12826)
    at m.L (vscode-file://vscode-app/c:/Users/%EA%B0%95%EB%AF%BC%EC%A7%80/AppData/Local/Programs/Microsoft%20VS%20Code/resources/app/out/vs/workbench/workbench.desktop.main.js:1590:11905)
    at a.value (vscode-file://vscode-app/c:/Users/%EA%B0%95%EB%AF%BC%EC%A7%80/AppData/Local/Programs/Microsoft%20VS%20Code/resources/app/out/vs/workbench/workbench.desktop.main.js:1590:10692)
    at o.y (vscode-file://vscode-app/c:/Users/%EA%B0%95%EB%AF%BC%EC%A7%80/AppData/Local/Programs/Microsoft%20VS%20Code/resources/app/out/vs/workbench/workbench.desktop.main.js:87:1902)
    at o.fire (vscode-file://vscode-app/c:/Users/%EA%B0%95%EB%AF%BC%EC%A7%80/AppData/Local/Programs/Microsoft%20VS%20Code/resources/app/out/vs/workbench/workbench.desktop.main.js:87:2119)
    at s.fire (vscode-file://vscode-app/c:/Users/%EA%B0%95%EB%AF%BC%EC%A7%80/AppData/Local/Programs/Microsoft%20VS%20Code/resources/app/out/vs/workbench/workbench.desktop.main.js:628:14470)
    at f.z (vscode-file://vscode-app/c:/Users/%EA%B0%95%EB%AF%BC%EC%A7%80/AppData/Local/Programs/Microsoft%20VS%20Code/resources/app/out/vs/workbench/workbench.desktop.main.js:628:17535)
    at a.value (vscode-file://vscode-app/c:/Users/%EA%B0%95%EB%AF%BC%EC%A7%80/AppData/Local/Programs/Microsoft%20VS%20Code/resources/app/out/vs/workbench/workbench.desktop.main.js:628:15987)
    at o.y (vscode-file://vscode-app/c:/Users/%EA%B0%95%EB%AF%BC%EC%A7%80/AppData/Local/Programs/Microsoft%20VS%20Code/resources/app/out/vs/workbench/workbench.desktop.main.js:87:1902)
    at o.fire (vscode-file://vscode-app/c:/Users/%EA%B0%95%EB%AF%BC%EC%A7%80/AppData/Local/Programs/Microsoft%20VS%20Code/resources/app/out/vs/workbench/workbench.desktop.main.js:87:2119)
    at a.acceptChunk (vscode-file://vscode-app/c:/Users/%EA%B0%95%EB%AF%BC%EC%A7%80/AppData/Local/Programs/Microsoft%20VS%20Code/resources/app/out/vs/workbench/workbench.desktop.main.js:628:12244)
    at vscode-file://vscode-app/c:/Users/%EA%B0%95%EB%AF%BC%EC%A7%80/AppData/Local/Programs/Microsoft%20VS%20Code/resources/app/out/vs/workbench/workbench.desktop.main.js:628:11531
    at a.value (vscode-file://vscode-app/c:/Users/%EA%B0%95%EB%AF%BC%EC%A7%80/AppData/Local/Programs/Microsoft%20VS%20Code/resources/app/out/vs/workbench/workbench.desktop.main.js:688:4915)
    at o.y (vscode-file://vscode-app/c:/Users/%EA%B0%95%EB%AF%BC%EC%A7%80/AppData/Local/Programs/Microsoft%20VS%20Code/resources/app/out/vs/workbench/workbench.desktop.main.js:87:1902)
    at o.fire (vscode-file://vscode-app/c:/Users/%EA%B0%95%EB%AF%BC%EC%A7%80/AppData/Local/Programs/Microsoft%20VS%20Code/resources/app/out/vs/workbench/workbench.desktop.main.js:87:2119)
    at j.onload (vscode-file://vscode-app/c:/Users/%EA%B0%95%EB%AF%BC%EC%A7%80/AppData/Local/Programs/Microsoft%20VS%20Code/resources/app/out/vs/workbench/workbench.desktop.main.js:688:3306)
2024-02-27 01:53:22.430 [error] Error: Invalid debug adapter
    at l.o (vscode-file://vscode-app/c:/Users/%EA%B0%95%EB%AF%BC%EC%A7%80/AppData/Local/Programs/Microsoft%20VS%20Code/resources/app/out/vs/workbench/workbench.desktop.main.js:1905:95)
    at l.$acceptDAExit (vscode-file://vscode-app/c:/Users/%EA%B0%95%EB%AF%BC%EC%A7%80/AppData/Local/Programs/Microsoft%20VS%20Code/resources/app/out/vs/workbench/workbench.desktop.main.js:1905:35)
    at m.S (vscode-file://vscode-app/c:/Users/%EA%B0%95%EB%AF%BC%EC%A7%80/AppData/Local/Programs/Microsoft%20VS%20Code/resources/app/out/vs/workbench/workbench.desktop.main.js:1590:13967)
    at m.Q (vscode-file://vscode-app/c:/Users/%EA%B0%95%EB%AF%BC%EC%A7%80/AppData/Local/Programs/Microsoft%20VS%20Code/resources/app/out/vs/workbench/workbench.desktop.main.js:1590:13733)
    at m.M (vscode-file://vscode-app/c:/Users/%EA%B0%95%EB%AF%BC%EC%A7%80/AppData/Local/Programs/Microsoft%20VS%20Code/resources/app/out/vs/workbench/workbench.desktop.main.js:1590:12826)
    at m.L (vscode-file://vscode-app/c:/Users/%EA%B0%95%EB%AF%BC%EC%A7%80/AppData/Local/Programs/Microsoft%20VS%20Code/resources/app/out/vs/workbench/workbench.desktop.main.js:1590:12044)
    at a.value (vscode-file://vscode-app/c:/Users/%EA%B0%95%EB%AF%BC%EC%A7%80/AppData/Local/Programs/Microsoft%20VS%20Code/resources/app/out/vs/workbench/workbench.desktop.main.js:1590:10692)
    at o.y (vscode-file://vscode-app/c:/Users/%EA%B0%95%EB%AF%BC%EC%A7%80/AppData/Local/Programs/Microsoft%20VS%20Code/resources/app/out/vs/workbench/workbench.desktop.main.js:87:1902)
    at o.fire (vscode-file://vscode-app/c:/Users/%EA%B0%95%EB%AF%BC%EC%A7%80/AppData/Local/Programs/Microsoft%20VS%20Code/resources/app/out/vs/workbench/workbench.desktop.main.js:87:2119)
    at s.fire (vscode-file://vscode-app/c:/Users/%EA%B0%95%EB%AF%BC%EC%A7%80/AppData/Local/Programs/Microsoft%20VS%20Code/resources/app/out/vs/workbench/workbench.desktop.main.js:628:14470)
    at f.z (vscode-file://vscode-app/c:/Users/%EA%B0%95%EB%AF%BC%EC%A7%80/AppData/Local/Programs/Microsoft%20VS%20Code/resources/app/out/vs/workbench/workbench.desktop.main.js:628:17535)
    at a.value (vscode-file://vscode-app/c:/Users/%EA%B0%95%EB%AF%BC%EC%A7%80/AppData/Local/Programs/Microsoft%20VS%20Code/resources/app/out/vs/workbench/workbench.desktop.main.js:628:15987)
    at o.y (vscode-file://vscode-app/c:/Users/%EA%B0%95%EB%AF%BC%EC%A7%80/AppData/Local/Programs/Microsoft%20VS%20Code/resources/app/out/vs/workbench/workbench.desktop.main.js:87:1902)
    at o.fire (vscode-file://vscode-app/c:/Users/%EA%B0%95%EB%AF%BC%EC%A7%80/AppData/Local/Programs/Microsoft%20VS%20Code/resources/app/out/vs/workbench/workbench.desktop.main.js:87:2119)
    at a.acceptChunk (vscode-file://vscode-app/c:/Users/%EA%B0%95%EB%AF%BC%EC%A7%80/AppData/Local/Programs/Microsoft%20VS%20Code/resources/app/out/vs/workbench/workbench.desktop.main.js:628:12244)
    at vscode-file://vscode-app/c:/Users/%EA%B0%95%EB%AF%BC%EC%A7%80/AppData/Local/Programs/Microsoft%20VS%20Code/resources/app/out/vs/workbench/workbench.desktop.main.js:628:11531
    at a.value (vscode-file://vscode-app/c:/Users/%EA%B0%95%EB%AF%BC%EC%A7%80/AppData/Local/Programs/Microsoft%20VS%20Code/resources/app/out/vs/workbench/workbench.desktop.main.js:688:4915)
    at o.y (vscode-file://vscode-app/c:/Users/%EA%B0%95%EB%AF%BC%EC%A7%80/AppData/Local/Programs/Microsoft%20VS%20Code/resources/app/out/vs/workbench/workbench.desktop.main.js:87:1902)
    at o.fire (vscode-file://vscode-app/c:/Users/%EA%B0%95%EB%AF%BC%EC%A7%80/AppData/Local/Programs/Microsoft%20VS%20Code/resources/app/out/vs/workbench/workbench.desktop.main.js:87:2119)
    at j.onload (vscode-file://vscode-app/c:/Users/%EA%B0%95%EB%AF%BC%EC%A7%80/AppData/Local/Programs/Microsoft%20VS%20Code/resources/app/out/vs/workbench/workbench.desktop.main.js:688:3306)
2024-02-27 01:54:01.711 [error] Error: Invalid debug adapter
    at l.o (vscode-file://vscode-app/c:/Users/%EA%B0%95%EB%AF%BC%EC%A7%80/AppData/Local/Programs/Microsoft%20VS%20Code/resources/app/out/vs/workbench/workbench.desktop.main.js:1905:95)
    at l.$acceptDAError (vscode-file://vscode-app/c:/Users/%EA%B0%95%EB%AF%BC%EC%A7%80/AppData/Local/Programs/Microsoft%20VS%20Code/resources/app/out/vs/workbench/workbench.desktop.main.js:1904:14822)
    at m.S (vscode-file://vscode-app/c:/Users/%EA%B0%95%EB%AF%BC%EC%A7%80/AppData/Local/Programs/Microsoft%20VS%20Code/resources/app/out/vs/workbench/workbench.desktop.main.js:1590:13967)
    at m.Q (vscode-file://vscode-app/c:/Users/%EA%B0%95%EB%AF%BC%EC%A7%80/AppData/Local/Programs/Microsoft%20VS%20Code/resources/app/out/vs/workbench/workbench.desktop.main.js:1590:13733)
    at m.M (vscode-file://vscode-app/c:/Users/%EA%B0%95%EB%AF%BC%EC%A7%80/AppData/Local/Programs/Microsoft%20VS%20Code/resources/app/out/vs/workbench/workbench.desktop.main.js:1590:12826)
    at m.L (vscode-file://vscode-app/c:/Users/%EA%B0%95%EB%AF%BC%EC%A7%80/AppData/Local/Programs/Microsoft%20VS%20Code/resources/app/out/vs/workbench/workbench.desktop.main.js:1590:11905)
    at a.value (vscode-file://vscode-app/c:/Users/%EA%B0%95%EB%AF%BC%EC%A7%80/AppData/Local/Programs/Microsoft%20VS%20Code/resources/app/out/vs/workbench/workbench.desktop.main.js:1590:10692)
    at o.y (vscode-file://vscode-app/c:/Users/%EA%B0%95%EB%AF%BC%EC%A7%80/AppData/Local/Programs/Microsoft%20VS%20Code/resources/app/out/vs/workbench/workbench.desktop.main.js:87:1902)
    at o.fire (vscode-file://vscode-app/c:/Users/%EA%B0%95%EB%AF%BC%EC%A7%80/AppData/Local/Programs/Microsoft%20VS%20Code/resources/app/out/vs/workbench/workbench.desktop.main.js:87:2119)
    at s.fire (vscode-file://vscode-app/c:/Users/%EA%B0%95%EB%AF%BC%EC%A7%80/AppData/Local/Programs/Microsoft%20VS%20Code/resources/app/out/vs/workbench/workbench.desktop.main.js:628:14470)
    at f.z (vscode-file://vscode-app/c:/Users/%EA%B0%95%EB%AF%BC%EC%A7%80/AppData/Local/Programs/Microsoft%20VS%20Code/resources/app/out/vs/workbench/workbench.desktop.main.js:628:17535)
    at a.value (vscode-file://vscode-app/c:/Users/%EA%B0%95%EB%AF%BC%EC%A7%80/AppData/Local/Programs/Microsoft%20VS%20Code/resources/app/out/vs/workbench/workbench.desktop.main.js:628:15987)
    at o.y (vscode-file://vscode-app/c:/Users/%EA%B0%95%EB%AF%BC%EC%A7%80/AppData/Local/Programs/Microsoft%20VS%20Code/resources/app/out/vs/workbench/workbench.desktop.main.js:87:1902)
    at o.fire (vscode-file://vscode-app/c:/Users/%EA%B0%95%EB%AF%BC%EC%A7%80/AppData/Local/Programs/Microsoft%20VS%20Code/resources/app/out/vs/workbench/workbench.desktop.main.js:87:2119)
    at a.acceptChunk (vscode-file://vscode-app/c:/Users/%EA%B0%95%EB%AF%BC%EC%A7%80/AppData/Local/Programs/Microsoft%20VS%20Code/resources/app/out/vs/workbench/workbench.desktop.main.js:628:12244)
    at vscode-file://vscode-app/c:/Users/%EA%B0%95%EB%AF%BC%EC%A7%80/AppData/Local/Programs/Microsoft%20VS%20Code/resources/app/out/vs/workbench/workbench.desktop.main.js:628:11531
    at a.value (vscode-file://vscode-app/c:/Users/%EA%B0%95%EB%AF%BC%EC%A7%80/AppData/Local/Programs/Microsoft%20VS%20Code/resources/app/out/vs/workbench/workbench.desktop.main.js:688:4915)
    at o.y (vscode-file://vscode-app/c:/Users/%EA%B0%95%EB%AF%BC%EC%A7%80/AppData/Local/Programs/Microsoft%20VS%20Code/resources/app/out/vs/workbench/workbench.desktop.main.js:87:1902)
    at o.fire (vscode-file://vscode-app/c:/Users/%EA%B0%95%EB%AF%BC%EC%A7%80/AppData/Local/Programs/Microsoft%20VS%20Code/resources/app/out/vs/workbench/workbench.desktop.main.js:87:2119)
    at j.onload (vscode-file://vscode-app/c:/Users/%EA%B0%95%EB%AF%BC%EC%A7%80/AppData/Local/Programs/Microsoft%20VS%20Code/resources/app/out/vs/workbench/workbench.desktop.main.js:688:3306)
2024-02-27 01:54:01.711 [error] Error: Invalid debug adapter
    at l.o (vscode-file://vscode-app/c:/Users/%EA%B0%95%EB%AF%BC%EC%A7%80/AppData/Local/Programs/Microsoft%20VS%20Code/resources/app/out/vs/workbench/workbench.desktop.main.js:1905:95)
    at l.$acceptDAExit (vscode-file://vscode-app/c:/Users/%EA%B0%95%EB%AF%BC%EC%A7%80/AppData/Local/Programs/Microsoft%20VS%20Code/resources/app/out/vs/workbench/workbench.desktop.main.js:1905:35)
    at m.S (vscode-file://vscode-app/c:/Users/%EA%B0%95%EB%AF%BC%EC%A7%80/AppData/Local/Programs/Microsoft%20VS%20Code/resources/app/out/vs/workbench/workbench.desktop.main.js:1590:13967)
    at m.Q (vscode-file://vscode-app/c:/Users/%EA%B0%95%EB%AF%BC%EC%A7%80/AppData/Local/Programs/Microsoft%20VS%20Code/resources/app/out/vs/workbench/workbench.desktop.main.js:1590:13733)
    at m.M (vscode-file://vscode-app/c:/Users/%EA%B0%95%EB%AF%BC%EC%A7%80/AppData/Local/Programs/Microsoft%20VS%20Code/resources/app/out/vs/workbench/workbench.desktop.main.js:1590:12826)
    at m.L (vscode-file://vscode-app/c:/Users/%EA%B0%95%EB%AF%BC%EC%A7%80/AppData/Local/Programs/Microsoft%20VS%20Code/resources/app/out/vs/workbench/workbench.desktop.main.js:1590:12044)
    at a.value (vscode-file://vscode-app/c:/Users/%EA%B0%95%EB%AF%BC%EC%A7%80/AppData/Local/Programs/Microsoft%20VS%20Code/resources/app/out/vs/workbench/workbench.desktop.main.js:1590:10692)
    at o.y (vscode-file://vscode-app/c:/Users/%EA%B0%95%EB%AF%BC%EC%A7%80/AppData/Local/Programs/Microsoft%20VS%20Code/resources/app/out/vs/workbench/workbench.desktop.main.js:87:1902)
    at o.fire (vscode-file://vscode-app/c:/Users/%EA%B0%95%EB%AF%BC%EC%A7%80/AppData/Local/Programs/Microsoft%20VS%20Code/resources/app/out/vs/workbench/workbench.desktop.main.js:87:2119)
    at s.fire (vscode-file://vscode-app/c:/Users/%EA%B0%95%EB%AF%BC%EC%A7%80/AppData/Local/Programs/Microsoft%20VS%20Code/resources/app/out/vs/workbench/workbench.desktop.main.js:628:14470)
    at f.z (vscode-file://vscode-app/c:/Users/%EA%B0%95%EB%AF%BC%EC%A7%80/AppData/Local/Programs/Microsoft%20VS%20Code/resources/app/out/vs/workbench/workbench.desktop.main.js:628:17535)
    at a.value (vscode-file://vscode-app/c:/Users/%EA%B0%95%EB%AF%BC%EC%A7%80/AppData/Local/Programs/Microsoft%20VS%20Code/resources/app/out/vs/workbench/workbench.desktop.main.js:628:15987)
    at o.y (vscode-file://vscode-app/c:/Users/%EA%B0%95%EB%AF%BC%EC%A7%80/AppData/Local/Programs/Microsoft%20VS%20Code/resources/app/out/vs/workbench/workbench.desktop.main.js:87:1902)
    at o.fire (vscode-file://vscode-app/c:/Users/%EA%B0%95%EB%AF%BC%EC%A7%80/AppData/Local/Programs/Microsoft%20VS%20Code/resources/app/out/vs/workbench/workbench.desktop.main.js:87:2119)
    at a.acceptChunk (vscode-file://vscode-app/c:/Users/%EA%B0%95%EB%AF%BC%EC%A7%80/AppData/Local/Programs/Microsoft%20VS%20Code/resources/app/out/vs/workbench/workbench.desktop.main.js:628:12244)
    at vscode-file://vscode-app/c:/Users/%EA%B0%95%EB%AF%BC%EC%A7%80/AppData/Local/Programs/Microsoft%20VS%20Code/resources/app/out/vs/workbench/workbench.desktop.main.js:628:11531
    at a.value (vscode-file://vscode-app/c:/Users/%EA%B0%95%EB%AF%BC%EC%A7%80/AppData/Local/Programs/Microsoft%20VS%20Code/resources/app/out/vs/workbench/workbench.desktop.main.js:688:4915)
    at o.y (vscode-file://vscode-app/c:/Users/%EA%B0%95%EB%AF%BC%EC%A7%80/AppData/Local/Programs/Microsoft%20VS%20Code/resources/app/out/vs/workbench/workbench.desktop.main.js:87:1902)
    at o.fire (vscode-file://vscode-app/c:/Users/%EA%B0%95%EB%AF%BC%EC%A7%80/AppData/Local/Programs/Microsoft%20VS%20Code/resources/app/out/vs/workbench/workbench.desktop.main.js:87:2119)
    at j.onload (vscode-file://vscode-app/c:/Users/%EA%B0%95%EB%AF%BC%EC%A7%80/AppData/Local/Programs/Microsoft%20VS%20Code/resources/app/out/vs/workbench/workbench.desktop.main.js:688:3306)
2024-02-27 01:54:38.814 [warning] [Decorations] CAPPING events from decorations provider vscode.git 10003
2024-02-27 01:57:39.210 [warning] [Decorations] CAPPING events from decorations provider vscode.git 10003
2024-02-27 02:00:39.609 [warning] [Decorations] CAPPING events from decorations provider vscode.git 10003
2024-02-27 02:04:02.115 [warning] [Decorations] CAPPING events from decorations provider vscode.git 10003
2024-02-27 02:07:02.550 [warning] [Decorations] CAPPING events from decorations provider vscode.git 10003
2024-02-27 02:10:02.958 [warning] [Decorations] CAPPING events from decorations provider vscode.git 10003
2024-02-27 02:13:11.012 [warning] [Decorations] CAPPING events from decorations provider vscode.git 10003
2024-02-27 02:16:22.002 [warning] [Decorations] CAPPING events from decorations provider vscode.git 10003
2024-02-27 02:19:22.382 [warning] [Decorations] CAPPING events from decorations provider vscode.git 10003
2024-02-27 02:22:22.764 [warning] [Decorations] CAPPING events from decorations provider vscode.git 10003
2024-02-27 02:25:23.155 [warning] [Decorations] CAPPING events from decorations provider vscode.git 10003
2024-02-27 02:28:23.647 [warning] [Decorations] CAPPING events from decorations provider vscode.git 10003
2024-02-27 02:31:24.131 [warning] [Decorations] CAPPING events from decorations provider vscode.git 10003
2024-02-27 02:34:24.594 [warning] [Decorations] CAPPING events from decorations provider vscode.git 10003
2024-02-27 02:37:40.293 [warning] [Decorations] CAPPING events from decorations provider vscode.git 10003
2024-02-27 02:40:59.540 [warning] [Decorations] CAPPING events from decorations provider vscode.git 10003
2024-02-27 02:43:59.938 [warning] [Decorations] CAPPING events from decorations provider vscode.git 10003
2024-02-27 02:47:23.043 [warning] [Decorations] CAPPING events from decorations provider vscode.git 10003
2024-02-27 02:50:23.515 [warning] [Decorations] CAPPING events from decorations provider vscode.git 10003
2024-02-27 02:53:23.902 [warning] [Decorations] CAPPING events from decorations provider vscode.git 10003
2024-02-27 02:57:06.408 [warning] [Decorations] CAPPING events from decorations provider vscode.git 10003
2024-02-27 03:00:14.676 [warning] [Decorations] CAPPING events from decorations provider vscode.git 10003
2024-02-27 03:03:48.673 [warning] [Decorations] CAPPING events from decorations provider vscode.git 10003
2024-02-27 03:06:49.049 [warning] [Decorations] CAPPING events from decorations provider vscode.git 10003
2024-02-27 03:09:49.540 [warning] [Decorations] CAPPING events from decorations provider vscode.git 10003
2024-02-27 03:13:51.474 [warning] [Decorations] CAPPING events from decorations provider vscode.git 10003
2024-02-27 03:16:51.973 [warning] [Decorations] CAPPING events from decorations provider vscode.git 10002
2024-02-27 03:19:52.464 [warning] [Decorations] CAPPING events from decorations provider vscode.git 10002
2024-02-27 03:22:52.929 [warning] [Decorations] CAPPING events from decorations provider vscode.git 10002
2024-02-27 03:25:53.362 [warning] [Decorations] CAPPING events from decorations provider vscode.git 10002
2024-02-27 03:28:53.809 [warning] [Decorations] CAPPING events from decorations provider vscode.git 10002
2024-02-27 03:31:54.196 [warning] [Decorations] CAPPING events from decorations provider vscode.git 10002
2024-02-27 03:34:55.654 [warning] [Decorations] CAPPING events from decorations provider vscode.git 10002
2024-02-27 03:37:56.069 [warning] [Decorations] CAPPING events from decorations provider vscode.git 10002
2024-02-27 03:40:56.479 [warning] [Decorations] CAPPING events from decorations provider vscode.git 10002
2024-02-27 03:42:23.447 [info] ExtensionService#_doActivateExtension ritwickdey.LiveServer, startup: false, activationEvent: 'onStartupFinished'
2024-02-27 03:43:57.024 [warning] [Decorations] CAPPING events from decorations provider vscode.git 10003
2024-02-27 03:46:57.513 [warning] [Decorations] CAPPING events from decorations provider vscode.git 10003
2024-02-27 03:49:58.031 [warning] [Decorations] CAPPING events from decorations provider vscode.git 10002
2024-02-27 03:52:58.628 [warning] [Decorations] CAPPING events from decorations provider vscode.git 10002
2024-02-27 03:56:12.400 [warning] [Decorations] CAPPING events from decorations provider vscode.git 10000
2024-02-27 04:03:21.379 [warning] [Decorations] CAPPING events from decorations provider vscode.git 10000
2024-02-27 04:04:02.948 [info] Extension host terminating: received terminate message from renderer
2024-02-27 04:04:02.950 [info] Lock '/root/.vscode-server/data/User/workspaceStorage/20aed7b36bd133173bd205d2d1d7daa8-1/vscode.lock': Marking the lockfile as scheduled to be released in 6000 ms.
2024-02-27 04:04:03.107 [error] Canceled: Canceled
	at new f (/root/.vscode-server/bin/903b1e9d8990623e3d7da1df3d33db3e42d80eda/out/vs/workbench/api/node/extensionHostProcess.js:140:45069)
	at d.U (/root/.vscode-server/bin/903b1e9d8990623e3d7da1df3d33db3e42d80eda/out/vs/workbench/api/node/extensionHostProcess.js:147:5557)
	at T.<computed>.O.charCodeAt.T.<computed> (/root/.vscode-server/bin/903b1e9d8990623e3d7da1df3d33db3e42d80eda/out/vs/workbench/api/node/extensionHostProcess.js:147:3008)
	at s.g (/root/.vscode-server/bin/903b1e9d8990623e3d7da1df3d33db3e42d80eda/out/vs/workbench/api/node/extensionHostProcess.js:150:174704)
	at s.executeCommand (/root/.vscode-server/bin/903b1e9d8990623e3d7da1df3d33db3e42d80eda/out/vs/workbench/api/node/extensionHostProcess.js:150:174142)
	at m.registerCommand.description (/root/.vscode-server/bin/903b1e9d8990623e3d7da1df3d33db3e42d80eda/out/vs/workbench/api/node/extensionHostProcess.js:150:173466)
	at s.h (/root/.vscode-server/bin/903b1e9d8990623e3d7da1df3d33db3e42d80eda/out/vs/workbench/api/node/extensionHostProcess.js:150:175243)
	at s.g (/root/.vscode-server/bin/903b1e9d8990623e3d7da1df3d33db3e42d80eda/out/vs/workbench/api/node/extensionHostProcess.js:150:174235)
	at s.executeCommand (/root/.vscode-server/bin/903b1e9d8990623e3d7da1df3d33db3e42d80eda/out/vs/workbench/api/node/extensionHostProcess.js:150:174142)
	at Object.executeCommand (/root/.vscode-server/bin/903b1e9d8990623e3d7da1df3d33db3e42d80eda/out/vs/workbench/api/node/extensionHostProcess.js:160:21634)
	at g.I [as value] (/root/.vscode-server/bin/903b1e9d8990623e3d7da1df3d33db3e42d80eda/extensions/git/dist/main.js:2:927298)
	at r.y (/root/.vscode-server/bin/903b1e9d8990623e3d7da1df3d33db3e42d80eda/out/vs/workbench/api/node/extensionHostProcess.js:80:1902)
	at r.z (/root/.vscode-server/bin/903b1e9d8990623e3d7da1df3d33db3e42d80eda/out/vs/workbench/api/node/extensionHostProcess.js:80:1972)
	at r.fire (/root/.vscode-server/bin/903b1e9d8990623e3d7da1df3d33db3e42d80eda/out/vs/workbench/api/node/extensionHostProcess.js:80:2188)
	at Object.m [as dispose] (/root/.vscode-server/bin/903b1e9d8990623e3d7da1df3d33db3e42d80eda/extensions/git/dist/main.js:2:943089)
	at /root/.vscode-server/bin/903b1e9d8990623e3d7da1df3d33db3e42d80eda/extensions/git/dist/main.js:2:947930
	at Array.forEach (<anonymous>)
	at p.dispose (/root/.vscode-server/bin/903b1e9d8990623e3d7da1df3d33db3e42d80eda/extensions/git/dist/main.js:2:947916)
	at c.<anonymous> (/root/.vscode-server/bin/903b1e9d8990623e3d7da1df3d33db3e42d80eda/out/vs/workbench/api/node/extensionHostProcess.js:148:3650)
	at c.dispose (/root/.vscode-server/bin/903b1e9d8990623e3d7da1df3d33db3e42d80eda/out/vs/workbench/api/node/extensionHostProcess.js:148:3747)
	at c.<anonymous> (/root/.vscode-server/bin/903b1e9d8990623e3d7da1df3d33db3e42d80eda/extensions/git/dist/main.js:2:929310)
	at c.dispose (/root/.vscode-server/bin/903b1e9d8990623e3d7da1df3d33db3e42d80eda/out/vs/workbench/api/node/extensionHostProcess.js:148:3747)
	at o (/root/.vscode-server/bin/903b1e9d8990623e3d7da1df3d33db3e42d80eda/out/vs/workbench/api/node/extensionHostProcess.js:30:754)
	at g.cb (/root/.vscode-server/bin/903b1e9d8990623e3d7da1df3d33db3e42d80eda/out/vs/workbench/api/node/extensionHostProcess.js:156:9874)
	at /root/.vscode-server/bin/903b1e9d8990623e3d7da1df3d33db3e42d80eda/out/vs/workbench/api/node/extensionHostProcess.js:156:7808
	at Array.map (<anonymous>)
	at g.Y (/root/.vscode-server/bin/903b1e9d8990623e3d7da1df3d33db3e42d80eda/out/vs/workbench/api/node/extensionHostProcess.js:156:7795)
	at g.terminate (/root/.vscode-server/bin/903b1e9d8990623e3d7da1df3d33db3e42d80eda/out/vs/workbench/api/node/extensionHostProcess.js:156:8068)
	at o.terminate (/root/.vscode-server/bin/903b1e9d8990623e3d7da1df3d33db3e42d80eda/out/vs/workbench/api/node/extensionHostProcess.js:160:1513)
	at t (/root/.vscode-server/bin/903b1e9d8990623e3d7da1df3d33db3e42d80eda/out/vs/workbench/api/node/extensionHostProcess.js:173:9950)
	at g.value (/root/.vscode-server/bin/903b1e9d8990623e3d7da1df3d33db3e42d80eda/out/vs/workbench/api/node/extensionHostProcess.js:173:7997)
	at r.y (/root/.vscode-server/bin/903b1e9d8990623e3d7da1df3d33db3e42d80eda/out/vs/workbench/api/node/extensionHostProcess.js:80:1902)
	at r.fire (/root/.vscode-server/bin/903b1e9d8990623e3d7da1df3d33db3e42d80eda/out/vs/workbench/api/node/extensionHostProcess.js:80:2119)
	at n.fire (/root/.vscode-server/bin/903b1e9d8990623e3d7da1df3d33db3e42d80eda/out/vs/workbench/api/node/extensionHostProcess.js:105:14073)
	at s.z (/root/.vscode-server/bin/903b1e9d8990623e3d7da1df3d33db3e42d80eda/out/vs/workbench/api/node/extensionHostProcess.js:105:17138)
	at g.value (/root/.vscode-server/bin/903b1e9d8990623e3d7da1df3d33db3e42d80eda/out/vs/workbench/api/node/extensionHostProcess.js:105:15590)
	at r.y (/root/.vscode-server/bin/903b1e9d8990623e3d7da1df3d33db3e42d80eda/out/vs/workbench/api/node/extensionHostProcess.js:80:1902)
	at r.fire (/root/.vscode-server/bin/903b1e9d8990623e3d7da1df3d33db3e42d80eda/out/vs/workbench/api/node/extensionHostProcess.js:80:2119)
	at g.acceptChunk (/root/.vscode-server/bin/903b1e9d8990623e3d7da1df3d33db3e42d80eda/out/vs/workbench/api/node/extensionHostProcess.js:105:11847)
	at g.value (/root/.vscode-server/bin/903b1e9d8990623e3d7da1df3d33db3e42d80eda/out/vs/workbench/api/node/extensionHostProcess.js:105:11134)
	at r.y (/root/.vscode-server/bin/903b1e9d8990623e3d7da1df3d33db3e42d80eda/out/vs/workbench/api/node/extensionHostProcess.js:80:1902)
	at r.fire (/root/.vscode-server/bin/903b1e9d8990623e3d7da1df3d33db3e42d80eda/out/vs/workbench/api/node/extensionHostProcess.js:80:2119)
	at r.z (/root/.vscode-server/bin/903b1e9d8990623e3d7da1df3d33db3e42d80eda/out/vs/workbench/api/node/extensionHostProcess.js:170:19748) setContext undefined
2024-02-27 04:04:03.108 [error] Canceled: Canceled
	at new f (/root/.vscode-server/bin/903b1e9d8990623e3d7da1df3d33db3e42d80eda/out/vs/workbench/api/node/extensionHostProcess.js:140:45069)
	at d.U (/root/.vscode-server/bin/903b1e9d8990623e3d7da1df3d33db3e42d80eda/out/vs/workbench/api/node/extensionHostProcess.js:147:5557)
	at T.<computed>.O.charCodeAt.T.<computed> (/root/.vscode-server/bin/903b1e9d8990623e3d7da1df3d33db3e42d80eda/out/vs/workbench/api/node/extensionHostProcess.js:147:3008)
	at s.g (/root/.vscode-server/bin/903b1e9d8990623e3d7da1df3d33db3e42d80eda/out/vs/workbench/api/node/extensionHostProcess.js:150:174704)
	at s.executeCommand (/root/.vscode-server/bin/903b1e9d8990623e3d7da1df3d33db3e42d80eda/out/vs/workbench/api/node/extensionHostProcess.js:150:174142)
	at m.registerCommand.description (/root/.vscode-server/bin/903b1e9d8990623e3d7da1df3d33db3e42d80eda/out/vs/workbench/api/node/extensionHostProcess.js:150:173466)
	at s.h (/root/.vscode-server/bin/903b1e9d8990623e3d7da1df3d33db3e42d80eda/out/vs/workbench/api/node/extensionHostProcess.js:150:175243)
	at s.g (/root/.vscode-server/bin/903b1e9d8990623e3d7da1df3d33db3e42d80eda/out/vs/workbench/api/node/extensionHostProcess.js:150:174235)
	at s.executeCommand (/root/.vscode-server/bin/903b1e9d8990623e3d7da1df3d33db3e42d80eda/out/vs/workbench/api/node/extensionHostProcess.js:150:174142)
	at Object.executeCommand (/root/.vscode-server/bin/903b1e9d8990623e3d7da1df3d33db3e42d80eda/out/vs/workbench/api/node/extensionHostProcess.js:160:21634)
	at set b [as b] (/root/.vscode-server/bin/903b1e9d8990623e3d7da1df3d33db3e42d80eda/extensions/github/dist/extension.js:2:322364)
	at /root/.vscode-server/bin/903b1e9d8990623e3d7da1df3d33db3e42d80eda/extensions/github/dist/extension.js:2:323005
	at g.value (/root/.vscode-server/bin/903b1e9d8990623e3d7da1df3d33db3e42d80eda/extensions/git/dist/main.js:2:1018251)
	at r.y (/root/.vscode-server/bin/903b1e9d8990623e3d7da1df3d33db3e42d80eda/out/vs/workbench/api/node/extensionHostProcess.js:80:1902)
	at r.z (/root/.vscode-server/bin/903b1e9d8990623e3d7da1df3d33db3e42d80eda/out/vs/workbench/api/node/extensionHostProcess.js:80:1972)
	at r.fire (/root/.vscode-server/bin/903b1e9d8990623e3d7da1df3d33db3e42d80eda/out/vs/workbench/api/node/extensionHostProcess.js:80:2188)
	at Object.m [as dispose] (/root/.vscode-server/bin/903b1e9d8990623e3d7da1df3d33db3e42d80eda/extensions/git/dist/main.js:2:943089)
	at /root/.vscode-server/bin/903b1e9d8990623e3d7da1df3d33db3e42d80eda/extensions/git/dist/main.js:2:947930
	at Array.forEach (<anonymous>)
	at p.dispose (/root/.vscode-server/bin/903b1e9d8990623e3d7da1df3d33db3e42d80eda/extensions/git/dist/main.js:2:947916)
	at c.<anonymous> (/root/.vscode-server/bin/903b1e9d8990623e3d7da1df3d33db3e42d80eda/out/vs/workbench/api/node/extensionHostProcess.js:148:3650)
	at c.dispose (/root/.vscode-server/bin/903b1e9d8990623e3d7da1df3d33db3e42d80eda/out/vs/workbench/api/node/extensionHostProcess.js:148:3747)
	at c.<anonymous> (/root/.vscode-server/bin/903b1e9d8990623e3d7da1df3d33db3e42d80eda/extensions/git/dist/main.js:2:929310)
	at c.dispose (/root/.vscode-server/bin/903b1e9d8990623e3d7da1df3d33db3e42d80eda/out/vs/workbench/api/node/extensionHostProcess.js:148:3747)
	at o (/root/.vscode-server/bin/903b1e9d8990623e3d7da1df3d33db3e42d80eda/out/vs/workbench/api/node/extensionHostProcess.js:30:754)
	at g.cb (/root/.vscode-server/bin/903b1e9d8990623e3d7da1df3d33db3e42d80eda/out/vs/workbench/api/node/extensionHostProcess.js:156:9874)
	at /root/.vscode-server/bin/903b1e9d8990623e3d7da1df3d33db3e42d80eda/out/vs/workbench/api/node/extensionHostProcess.js:156:7808
	at Array.map (<anonymous>)
	at g.Y (/root/.vscode-server/bin/903b1e9d8990623e3d7da1df3d33db3e42d80eda/out/vs/workbench/api/node/extensionHostProcess.js:156:7795)
	at g.terminate (/root/.vscode-server/bin/903b1e9d8990623e3d7da1df3d33db3e42d80eda/out/vs/workbench/api/node/extensionHostProcess.js:156:8068)
	at o.terminate (/root/.vscode-server/bin/903b1e9d8990623e3d7da1df3d33db3e42d80eda/out/vs/workbench/api/node/extensionHostProcess.js:160:1513)
	at t (/root/.vscode-server/bin/903b1e9d8990623e3d7da1df3d33db3e42d80eda/out/vs/workbench/api/node/extensionHostProcess.js:173:9950)
	at g.value (/root/.vscode-server/bin/903b1e9d8990623e3d7da1df3d33db3e42d80eda/out/vs/workbench/api/node/extensionHostProcess.js:173:7997)
	at r.y (/root/.vscode-server/bin/903b1e9d8990623e3d7da1df3d33db3e42d80eda/out/vs/workbench/api/node/extensionHostProcess.js:80:1902)
	at r.fire (/root/.vscode-server/bin/903b1e9d8990623e3d7da1df3d33db3e42d80eda/out/vs/workbench/api/node/extensionHostProcess.js:80:2119)
	at n.fire (/root/.vscode-server/bin/903b1e9d8990623e3d7da1df3d33db3e42d80eda/out/vs/workbench/api/node/extensionHostProcess.js:105:14073)
	at s.z (/root/.vscode-server/bin/903b1e9d8990623e3d7da1df3d33db3e42d80eda/out/vs/workbench/api/node/extensionHostProcess.js:105:17138)
	at g.value (/root/.vscode-server/bin/903b1e9d8990623e3d7da1df3d33db3e42d80eda/out/vs/workbench/api/node/extensionHostProcess.js:105:15590)
	at r.y (/root/.vscode-server/bin/903b1e9d8990623e3d7da1df3d33db3e42d80eda/out/vs/workbench/api/node/extensionHostProcess.js:80:1902)
	at r.fire (/root/.vscode-server/bin/903b1e9d8990623e3d7da1df3d33db3e42d80eda/out/vs/workbench/api/node/extensionHostProcess.js:80:2119)
	at g.acceptChunk (/root/.vscode-server/bin/903b1e9d8990623e3d7da1df3d33db3e42d80eda/out/vs/workbench/api/node/extensionHostProcess.js:105:11847)
	at g.value (/root/.vscode-server/bin/903b1e9d8990623e3d7da1df3d33db3e42d80eda/out/vs/workbench/api/node/extensionHostProcess.js:105:11134)
	at r.y (/root/.vscode-server/bin/903b1e9d8990623e3d7da1df3d33db3e42d80eda/out/vs/workbench/api/node/extensionHostProcess.js:80:1902)
	at r.fire (/root/.vscode-server/bin/903b1e9d8990623e3d7da1df3d33db3e42d80eda/out/vs/workbench/api/node/extensionHostProcess.js:80:2119)
	at r.z (/root/.vscode-server/bin/903b1e9d8990623e3d7da1df3d33db3e42d80eda/out/vs/workbench/api/node/extensionHostProcess.js:170:19748) setContext undefined
2024-02-27 04:04:03.120 [info] Extension host with pid 237370 exiting with code 0
