2024-02-27 03:51:43.974 [info] Log level: Info
2024-02-27 03:51:43.974 [info] Validating found git in: "git"
2024-02-27 03:51:43.974 [info] Using git "2.20.1" from "git"
2024-02-27 03:51:43.974 [info] > git rev-parse --show-toplevel [30ms]
2024-02-27 03:51:43.974 [info] > git rev-parse --git-dir --git-common-dir [3ms]
2024-02-27 03:51:43.974 [info] Open repository: /root
2024-02-27 03:51:43.974 [info] > git rev-parse --show-toplevel [9ms]
2024-02-27 03:51:43.974 [info] > git config --get commit.template [16ms]
2024-02-27 03:51:43.974 [info] > git fetch [31ms]
2024-02-27 03:51:43.974 [info] No remotes found in the git config file.
2024-02-27 03:51:43.974 [info] > git rev-parse --show-toplevel [17ms]
2024-02-27 03:51:43.974 [info] > git for-each-ref --format=%(refname)%00%(upstream:short)%00%(objectname)%00%(upstream:track)%00%(upstream:remotename)%00%(upstream:remoteref) refs/heads/master refs/remotes/master [4ms]
2024-02-27 03:51:43.974 [warning] No such branch: master.
2024-02-27 03:51:43.974 [info] > git config --get commit.template [17ms]
2024-02-27 03:51:43.975 [info] No remotes found in the git config file.
2024-02-27 03:51:43.975 [info] > git config --get commit.template [10ms]
2024-02-27 03:51:43.975 [info] > git for-each-ref --format=%(refname)%00%(upstream:short)%00%(objectname)%00%(upstream:track)%00%(upstream:remotename)%00%(upstream:remoteref) refs/heads/master refs/remotes/master [24ms]
2024-02-27 03:51:43.975 [warning] No such branch: master.
2024-02-27 03:51:43.975 [info] > git rev-parse --show-toplevel [588ms]
2024-02-27 03:51:43.975 [info] No remotes found in the git config file.
2024-02-27 03:51:43.975 [info] > git for-each-ref --format=%(refname)%00%(upstream:short)%00%(objectname)%00%(upstream:track)%00%(upstream:remotename)%00%(upstream:remoteref) refs/heads/master refs/remotes/master [2ms]
2024-02-27 03:51:43.975 [warning] No such branch: master.
2024-02-27 03:51:43.975 [info] > git rev-parse --show-toplevel [22ms]
2024-02-27 03:51:43.975 [info] > git rev-parse --show-toplevel [1ms]
2024-02-27 03:51:43.975 [info] > git rev-parse --show-toplevel [1ms]
2024-02-27 03:51:43.975 [info] > git rev-parse --show-toplevel [3ms]
2024-02-27 03:51:44.338 [info] > git status -z -uall [425ms] (cancelled)
2024-02-27 03:51:44.471 [info] > git show --textconv :venvs/karios/templates/calendar999.html [89ms]
2024-02-27 03:51:44.471 [info] > git show --textconv :venvs/karios/app.py [77ms]
2024-02-27 03:51:44.471 [info] > git show --textconv :venvs/karios/category.py [66ms]
2024-02-27 03:51:44.473 [info] > git ls-files --stage -- /root/venvs/karios/app.py [43ms]
2024-02-27 03:51:44.475 [info] > git ls-files --stage -- /root/venvs/karios/templates/calendar999.html [57ms]
2024-02-27 03:51:44.478 [info] > git ls-files --stage -- /root/venvs/karios/category.py [37ms]
2024-02-27 03:51:44.583 [info] > git check-ignore -v -z --stdin [23ms]
2024-02-27 03:52:15.766 [info] > git show --textconv :.vscode-server/data/User/globalStorage/cweijan.vscode-mysql-client2/1708940524799@@orion.mokpo.ac.kr@8312@client_information/alter-template.sql [15ms]
2024-02-27 03:52:15.771 [info] > git ls-files --stage -- /root/.vscode-server/data/User/globalStorage/cweijan.vscode-mysql-client2/1708940524799@@orion.mokpo.ac.kr@8312@client_information/alter-template.sql [8ms]
2024-02-27 03:52:15.897 [info] > git check-ignore -v -z --stdin [12ms]
2024-02-27 03:52:59.491 [info] > git ls-files --stage -- /root/venvs/karios/app.py [15ms]
2024-02-27 03:52:59.493 [info] > git ls-files --stage -- /root/venvs/karios/templates/calendar999.html [30ms]
2024-02-27 03:52:59.496 [info] > git ls-files --stage -- /root/.vscode-server/data/User/globalStorage/cweijan.vscode-mysql-client2/1708940524799@@orion.mokpo.ac.kr@8312@client_information/alter-template.sql [6ms]
2024-02-27 03:52:59.539 [info] > git show --textconv :venvs/karios/app.py [15ms]
2024-02-27 03:52:59.551 [info] > git show --textconv :venvs/karios/templates/calendar999.html [13ms]
2024-02-27 03:52:59.558 [info] > git show --textconv :.vscode-server/data/User/globalStorage/cweijan.vscode-mysql-client2/1708940524799@@orion.mokpo.ac.kr@8312@client_information/alter-template.sql [7ms]
2024-02-27 03:53:31.460 [info] > git check-ignore -v -z --stdin [20ms]
2024-02-27 03:53:35.523 [info] > git show --textconv :venvs/karios/doeun_practice.py [15ms]
2024-02-27 03:53:35.529 [info] > git ls-files --stage -- /root/venvs/karios/doeun_practice.py [7ms]
2024-02-27 03:53:40.943 [info] > git show --textconv :.vscode-server/data/User/globalStorage/cweijan.vscode-mysql-client2/1708940524799@@orion.mokpo.ac.kr@8312@client_information/client_information.sql [14ms]
2024-02-27 03:53:40.951 [info] > git ls-files --stage -- /root/.vscode-server/data/User/globalStorage/cweijan.vscode-mysql-client2/1708940524799@@orion.mokpo.ac.kr@8312@client_information/client_information.sql [9ms]
2024-02-27 03:53:50.586 [info] > git show --textconv :.vscode-server/data/User/globalStorage/cweijan.vscode-mysql-client2/1708940524799@@orion.mokpo.ac.kr@8312@client_information/alter-template.sql [13ms]
2024-02-27 03:53:50.594 [info] > git ls-files --stage -- /root/.vscode-server/data/User/globalStorage/cweijan.vscode-mysql-client2/1708940524799@@orion.mokpo.ac.kr@8312@client_information/alter-template.sql [10ms]
2024-02-27 03:53:55.109 [info] > git show --textconv :venvs/karios/doeun_test.py [18ms]
2024-02-27 03:53:55.115 [info] > git ls-files --stage -- /root/venvs/karios/doeun_test.py [7ms]
2024-02-27 03:53:56.070 [info] > git show --textconv :venvs/karios/pyvenv.cfg [13ms]
2024-02-27 03:53:56.075 [info] > git ls-files --stage -- /root/venvs/karios/pyvenv.cfg [5ms]
2024-02-27 03:53:59.225 [info] > git show --textconv :venvs/karios/DBtest.py [17ms]
2024-02-27 03:53:59.231 [info] > git ls-files --stage -- /root/venvs/karios/DBtest.py [7ms]
2024-02-27 03:54:04.285 [info] > git show --textconv :.vscode-server/data/User/globalStorage/cweijan.vscode-mysql-client2/1708940524799@@orion.mokpo.ac.kr@8312@client_information/alter-template.sql [13ms]
2024-02-27 03:54:04.292 [info] > git ls-files --stage -- /root/.vscode-server/data/User/globalStorage/cweijan.vscode-mysql-client2/1708940524799@@orion.mokpo.ac.kr@8312@client_information/alter-template.sql [7ms]
2024-02-27 03:54:08.188 [info] > git show --textconv :venvs/karios/category.py [13ms]
2024-02-27 03:54:08.192 [info] > git ls-files --stage -- /root/venvs/karios/category.py [5ms]
2024-02-27 03:54:36.016 [info] > git show --textconv :venvs/karios/pyvenv.cfg [14ms]
2024-02-27 03:54:36.024 [info] > git ls-files --stage -- /root/venvs/karios/pyvenv.cfg [8ms]
2024-02-27 03:54:41.259 [info] > git show --textconv :.vscode-server/data/User/globalStorage/cweijan.vscode-mysql-client2/1708940524799@@orion.mokpo.ac.kr@8312@client_information/alter-template.sql [14ms]
2024-02-27 03:54:41.264 [info] > git ls-files --stage -- /root/.vscode-server/data/User/globalStorage/cweijan.vscode-mysql-client2/1708940524799@@orion.mokpo.ac.kr@8312@client_information/alter-template.sql [5ms]
2024-02-27 03:55:56.053 [info] > git show --textconv :venvs/karios/category.py [14ms]
2024-02-27 03:55:56.060 [info] > git ls-files --stage -- /root/venvs/karios/category.py [8ms]
2024-02-27 03:56:13.338 [info] > git ls-files --stage -- /root/.vscode-server/data/User/globalStorage/cweijan.vscode-mysql-client2/1708940524799@@orion.mokpo.ac.kr@8312@client_information/alter-template.sql [12ms]
2024-02-27 03:56:13.339 [info] > git ls-files --stage -- /root/.vscode-server/data/User/globalStorage/cweijan.vscode-mysql-client2/1708940524799@@orion.mokpo.ac.kr@8312@client_information/client_information.sql [24ms]
2024-02-27 03:56:13.343 [info] > git ls-files --stage -- /root/venvs/karios/category.py [8ms]
2024-02-27 03:56:13.370 [info] > git show --textconv :.vscode-server/data/User/globalStorage/cweijan.vscode-mysql-client2/1708940524799@@orion.mokpo.ac.kr@8312@client_information/alter-template.sql [12ms]
2024-02-27 03:56:13.380 [info] > git show --textconv :.vscode-server/data/User/globalStorage/cweijan.vscode-mysql-client2/1708940524799@@orion.mokpo.ac.kr@8312@client_information/client_information.sql [11ms]
2024-02-27 03:56:13.386 [info] > git show --textconv :venvs/karios/category.py [6ms]
2024-02-27 03:56:26.686 [info] > git show --textconv :.vscode-server/data/User/globalStorage/cweijan.vscode-mysql-client2/history.sql [13ms]
2024-02-27 03:56:26.691 [info] > git ls-files --stage -- /root/.vscode-server/data/User/globalStorage/cweijan.vscode-mysql-client2/history.sql [6ms]
2024-02-27 03:56:33.590 [info] > git show --textconv :.vscode-server/data/User/globalStorage/cweijan.vscode-mysql-client2/dbclient.log [14ms]
2024-02-27 03:56:33.594 [info] > git ls-files --stage -- /root/.vscode-server/data/User/globalStorage/cweijan.vscode-mysql-client2/dbclient.log [5ms]
2024-02-27 03:57:00.362 [info] > git check-ignore -v -z --stdin [8ms]
2024-02-27 03:57:05.336 [info] > git check-ignore -v -z --stdin [6ms]
2024-02-27 03:57:14.278 [info] > git show --textconv :.vscode-server/data/User/globalStorage/cweijan.vscode-mysql-client2/1708940524799@@orion.mokpo.ac.kr@8312@client_information/alter-template.sql [13ms]
2024-02-27 03:57:14.287 [info] > git ls-files --stage -- /root/.vscode-server/data/User/globalStorage/cweijan.vscode-mysql-client2/1708940524799@@orion.mokpo.ac.kr@8312@client_information/alter-template.sql [9ms]
2024-02-27 04:05:43.459 [info] > git show --textconv :venvs/karios/app.py [13ms]
2024-02-27 04:05:43.466 [info] > git ls-files --stage -- /root/venvs/karios/app.py [8ms]
2024-02-27 04:05:44.515 [info] > git ls-files --stage -- /root/.vscode-server/data/User/globalStorage/cweijan.vscode-mysql-client2/dbclient.log [13ms]
2024-02-27 04:05:44.516 [info] > git ls-files --stage -- /root/.vscode-server/data/User/globalStorage/cweijan.vscode-mysql-client2/1708940524799@@orion.mokpo.ac.kr@8312@client_information/client_information.sql [27ms]
2024-02-27 04:05:44.520 [info] > git ls-files --stage -- /root/venvs/karios/app.py [7ms]
2024-02-27 04:05:44.549 [info] > git show --textconv :.vscode-server/data/User/globalStorage/cweijan.vscode-mysql-client2/dbclient.log [13ms]
2024-02-27 04:05:44.563 [info] > git show --textconv :.vscode-server/data/User/globalStorage/cweijan.vscode-mysql-client2/1708940524799@@orion.mokpo.ac.kr@8312@client_information/client_information.sql [15ms]
2024-02-27 04:05:44.570 [info] > git show --textconv :venvs/karios/app.py [8ms]
2024-02-27 04:08:24.008 [info] > git check-ignore -v -z --stdin [8ms]
2024-02-27 04:19:51.759 [info] > git check-ignore -v -z --stdin [10ms]
2024-02-27 04:20:21.472 [info] > git check-ignore -v -z --stdin [8ms]
2024-02-27 04:20:36.859 [info] > git check-ignore -v -z --stdin [5ms]
2024-02-27 04:20:52.130 [info] > git check-ignore -v -z --stdin [6ms]
2024-02-27 04:21:20.653 [info] > git check-ignore -v -z --stdin [11ms]
2024-02-27 04:21:22.208 [info] > git show --textconv :venvs/karios/templates/startscreen.html [13ms]
2024-02-27 04:21:22.213 [info] > git ls-files --stage -- /root/venvs/karios/templates/startscreen.html [6ms]
2024-02-27 04:21:44.631 [info] > git show --textconv :venvs/karios/templates/startscreen3.html [17ms]
2024-02-27 04:21:44.638 [info] > git ls-files --stage -- /root/venvs/karios/templates/startscreen3.html [9ms]
2024-02-27 04:22:08.297 [info] > git check-ignore -v -z --stdin [10ms]
2024-02-27 04:26:22.766 [info] > git show --textconv :venvs/karios/app.py [13ms]
2024-02-27 04:26:22.771 [info] > git ls-files --stage -- /root/venvs/karios/app.py [6ms]
2024-02-27 04:27:18.429 [info] > git ls-files --stage -- /root/.vscode-server/data/User/globalStorage/cweijan.vscode-mysql-client2/dbclient.log [15ms]
2024-02-27 04:27:18.430 [info] > git ls-files --stage -- /root/.vscode-server/data/User/globalStorage/cweijan.vscode-mysql-client2/1708940524799@@orion.mokpo.ac.kr@8312@client_information/client_information.sql [31ms]
2024-02-27 04:27:18.434 [info] > git ls-files --stage -- /root/venvs/karios/app.py [6ms]
2024-02-27 04:27:18.465 [info] > git show --textconv :.vscode-server/data/User/globalStorage/cweijan.vscode-mysql-client2/dbclient.log [12ms]
2024-02-27 04:27:18.478 [info] > git show --textconv :.vscode-server/data/User/globalStorage/cweijan.vscode-mysql-client2/1708940524799@@orion.mokpo.ac.kr@8312@client_information/client_information.sql [13ms]
2024-02-27 04:27:18.483 [info] > git show --textconv :venvs/karios/app.py [6ms]
2024-02-27 04:27:31.295 [info] > git ls-files --stage -- /root/.vscode-server/data/User/globalStorage/cweijan.vscode-mysql-client2/dbclient.log [14ms]
2024-02-27 04:27:31.296 [info] > git ls-files --stage -- /root/.vscode-server/data/User/globalStorage/cweijan.vscode-mysql-client2/1708940524799@@orion.mokpo.ac.kr@8312@client_information/client_information.sql [31ms]
2024-02-27 04:27:31.297 [info] > git ls-files --stage -- /root/venvs/karios/app.py [4ms]
2024-02-27 04:27:31.386 [info] > git show --textconv :.vscode-server/data/User/globalStorage/cweijan.vscode-mysql-client2/dbclient.log [18ms]
2024-02-27 04:27:31.397 [info] > git show --textconv :.vscode-server/data/User/globalStorage/cweijan.vscode-mysql-client2/1708940524799@@orion.mokpo.ac.kr@8312@client_information/client_information.sql [12ms]
2024-02-27 04:27:31.403 [info] > git show --textconv :venvs/karios/app.py [6ms]
2024-02-27 04:28:12.228 [info] > git ls-files --stage -- /root/.vscode-server/data/User/globalStorage/cweijan.vscode-mysql-client2/dbclient.log [11ms]
2024-02-27 04:28:12.229 [info] > git ls-files --stage -- /root/.vscode-server/data/User/globalStorage/cweijan.vscode-mysql-client2/1708940524799@@orion.mokpo.ac.kr@8312@client_information/client_information.sql [25ms]
2024-02-27 04:28:12.235 [info] > git ls-files --stage -- /root/venvs/karios/app.py [7ms]
2024-02-27 04:28:12.270 [info] > git show --textconv :.vscode-server/data/User/globalStorage/cweijan.vscode-mysql-client2/dbclient.log [13ms]
2024-02-27 04:28:12.271 [info] > git cat-file -s 87c2ca153d820c0b9c5383169b56a88513ff1a6c [25ms]
2024-02-27 04:28:12.279 [info] > git show --textconv :.vscode-server/data/User/globalStorage/cweijan.vscode-mysql-client2/1708940524799@@orion.mokpo.ac.kr@8312@client_information/client_information.sql [10ms]
2024-02-27 04:28:12.304 [info] > git show --textconv :venvs/karios/app.py [9ms]
2024-02-27 04:28:50.775 [info] > git ls-files --stage -- /root/.vscode-server/data/User/globalStorage/cweijan.vscode-mysql-client2/dbclient.log [12ms]
2024-02-27 04:28:50.776 [info] > git ls-files --stage -- /root/.vscode-server/data/User/globalStorage/cweijan.vscode-mysql-client2/1708940524799@@orion.mokpo.ac.kr@8312@client_information/client_information.sql [27ms]
2024-02-27 04:28:50.783 [info] > git ls-files --stage -- /root/venvs/karios/app.py [9ms]
2024-02-27 04:28:50.815 [info] > git show --textconv :.vscode-server/data/User/globalStorage/cweijan.vscode-mysql-client2/dbclient.log [12ms]
2024-02-27 04:28:50.816 [info] > git cat-file -s 87c2ca153d820c0b9c5383169b56a88513ff1a6c [23ms]
2024-02-27 04:28:50.821 [info] > git show --textconv :.vscode-server/data/User/globalStorage/cweijan.vscode-mysql-client2/1708940524799@@orion.mokpo.ac.kr@8312@client_information/client_information.sql [7ms]
2024-02-27 04:28:50.844 [info] > git show --textconv :venvs/karios/app.py [10ms]
2024-02-27 04:29:00.904 [info] > git ls-files --stage -- /root/.vscode-server/data/User/globalStorage/cweijan.vscode-mysql-client2/dbclient.log [15ms]
2024-02-27 04:29:00.905 [info] > git ls-files --stage -- /root/.vscode-server/data/User/globalStorage/cweijan.vscode-mysql-client2/1708940524799@@orion.mokpo.ac.kr@8312@client_information/client_information.sql [34ms]
2024-02-27 04:29:00.912 [info] > git ls-files --stage -- /root/venvs/karios/app.py [9ms]
2024-02-27 04:29:00.956 [info] > git show --textconv :.vscode-server/data/User/globalStorage/cweijan.vscode-mysql-client2/dbclient.log [14ms]
2024-02-27 04:29:00.957 [info] > git cat-file -s 87c2ca153d820c0b9c5383169b56a88513ff1a6c [28ms]
2024-02-27 04:29:00.962 [info] > git show --textconv :.vscode-server/data/User/globalStorage/cweijan.vscode-mysql-client2/1708940524799@@orion.mokpo.ac.kr@8312@client_information/client_information.sql [6ms]
2024-02-27 04:29:01.004 [info] > git show --textconv :venvs/karios/app.py [12ms]
2024-02-27 04:32:20.539 [info] > git ls-files --stage -- /root/.vscode-server/data/User/globalStorage/cweijan.vscode-mysql-client2/dbclient.log [15ms]
2024-02-27 04:32:20.540 [info] > git ls-files --stage -- /root/.vscode-server/data/User/globalStorage/cweijan.vscode-mysql-client2/1708940524799@@orion.mokpo.ac.kr@8312@client_information/client_information.sql [32ms]
2024-02-27 04:32:20.546 [info] > git ls-files --stage -- /root/venvs/karios/app.py [9ms]
2024-02-27 04:32:20.590 [info] > git show --textconv :.vscode-server/data/User/globalStorage/cweijan.vscode-mysql-client2/dbclient.log [16ms]
2024-02-27 04:32:20.591 [info] > git cat-file -s 87c2ca153d820c0b9c5383169b56a88513ff1a6c [32ms]
2024-02-27 04:32:20.599 [info] > git show --textconv :.vscode-server/data/User/globalStorage/cweijan.vscode-mysql-client2/1708940524799@@orion.mokpo.ac.kr@8312@client_information/client_information.sql [10ms]
2024-02-27 04:32:20.629 [info] > git show --textconv :venvs/karios/app.py [10ms]
2024-02-27 04:32:31.233 [info] > git check-ignore -v -z --stdin [10ms]
2024-02-27 04:32:52.894 [info] > git ls-files --stage -- /root/.vscode-server/data/User/globalStorage/cweijan.vscode-mysql-client2/dbclient.log [12ms]
2024-02-27 04:32:52.904 [info] > git ls-files --stage -- /root/.vscode-server/data/User/globalStorage/cweijan.vscode-mysql-client2/1708940524799@@orion.mokpo.ac.kr@8312@client_information/client_information.sql [37ms]
2024-02-27 04:32:52.914 [info] > git cat-file -s 06b019b75bad425068551e5db40fbddc9128143a [10ms]
2024-02-27 04:32:52.915 [info] > git ls-files --stage -- /root/venvs/karios/app.py [23ms]
2024-02-27 04:32:52.924 [info] > git cat-file -s 23f89c72f942e3541c67d0c37a9b22fb89621be7 [11ms]
2024-02-27 04:32:52.924 [info] > git cat-file -s 87c2ca153d820c0b9c5383169b56a88513ff1a6c [1ms]
2024-02-27 04:32:52.969 [info] > git show --textconv :.vscode-server/data/User/globalStorage/cweijan.vscode-mysql-client2/dbclient.log [28ms]
2024-02-27 04:32:52.969 [info] > git show --textconv :.vscode-server/data/User/globalStorage/cweijan.vscode-mysql-client2/1708940524799@@orion.mokpo.ac.kr@8312@client_information/client_information.sql [14ms]
2024-02-27 04:32:52.977 [info] > git show --textconv :venvs/karios/app.py [9ms]
